-- Found ament_cmake: 1.3.13 (/opt/ros/humble/share/ament_cmake/cmake)
-- Override CMake install command with custom implementation using symlinks instead of copying resources
-- Found rosidl_default_generators: 1.2.0 (/opt/ros/humble/share/rosidl_default_generators/cmake)
-- Using all available rosidl_typesupport_c: rosidl_typesupport_fastrtps_c;rosidl_typesupport_introspection_c
-- Found rosidl_adapter: 3.1.8 (/opt/ros/humble/share/rosidl_adapter/cmake)
-- Using all available rosidl_typesupport_cpp: rosidl_typesupport_fastrtps_cpp;rosidl_typesupport_introspection_cpp
-- Found std_msgs: 4.9.1 (/opt/ros/humble/share/std_msgs/cmake)
-- Found ament_cmake_ros: 0.10.0 (/opt/ros/humble/share/ament_cmake_ros/cmake)
-- Using all available rosidl_typesupport_c: rosidl_typesupport_fastrtps_c;rosidl_typesupport_introspection_c
-- Using all available rosidl_typesupport_cpp: rosidl_typesupport_fastrtps_cpp;rosidl_typesupport_introspection_cpp
-- Found python_cmake_module: 0.10.0 (/opt/ros/humble/share/python_cmake_module/cmake)
-- Using PYTHON_EXECUTABLE: /usr/bin/python3
-- Using PYTHON_INCLUDE_DIRS: /usr/include/python3.10
-- Using PYTHON_LIBRARIES: /usr/lib/x86_64-linux-gnu/libpython3.10.so
-- Found ament_lint_auto: 0.12.15 (/opt/ros/humble/share/ament_lint_auto/cmake)
-- Added test 'lint_cmake' to check CMake code style
-- Added test 'xmllint' to check XML markup files
-- Configuring done
-- Generating done
-- Build files have been written to: /home/pyy/irc/build/msgs
[35m[1mConsolidate compiler generated dependencies of target msgs__rosidl_generator_c[0m
[  9%] Built target msgs__rosidl_generator_c
[ 12%] Built target msgs__cpp
[35m[1mConsolidate compiler generated dependencies of target msgs__rosidl_typesupport_c[0m
[35m[1mConsolidate compiler generated dependencies of target msgs__rosidl_typesupport_introspection_c[0m
[35m[1mConsolidate compiler generated dependencies of target msgs__rosidl_typesupport_fastrtps_c[0m
[ 12%] Built target ament_cmake_python_symlink_msgs
[35m[1mConsolidate compiler generated dependencies of target msgs__rosidl_typesupport_cpp[0m
[35m[1mConsolidate compiler generated dependencies of target msgs__rosidl_typesupport_introspection_cpp[0m
[35m[1mConsolidate compiler generated dependencies of target msgs__rosidl_typesupport_fastrtps_cpp[0m
[ 22%] Built target msgs__rosidl_typesupport_c
[ 32%] Built target msgs__rosidl_typesupport_introspection_c
[ 41%] Built target msgs__rosidl_typesupport_introspection_cpp
[ 51%] Built target msgs__rosidl_typesupport_fastrtps_c
[ 61%] Built target msgs__rosidl_typesupport_fastrtps_cpp
[ 70%] Built target msgs__rosidl_typesupport_cpp
[ 70%] Built target msgs
[ 74%] Built target msgs__py
[35m[1mConsolidate compiler generated dependencies of target msgs__rosidl_generator_py[0m
[ 80%] Built target msgs__rosidl_generator_py
[35m[1mConsolidate compiler generated dependencies of target msgs__rosidl_typesupport_introspection_c__pyext[0m
[35m[1mConsolidate compiler generated dependencies of target msgs__rosidl_typesupport_fastrtps_c__pyext[0m
[35m[1mConsolidate compiler generated dependencies of target msgs__rosidl_typesupport_c__pyext[0m
[ 87%] Built target msgs__rosidl_typesupport_fastrtps_c__pyext
[ 96%] Built target msgs__rosidl_typesupport_c__pyext
[100%] Built target msgs__rosidl_typesupport_introspection_c__pyext
running egg_info
writing msgs.egg-info/PKG-INFO
writing dependency_links to msgs.egg-info/dependency_links.txt
writing top-level names to msgs.egg-info/top_level.txt
reading manifest file 'msgs.egg-info/SOURCES.txt'
writing manifest file 'msgs.egg-info/SOURCES.txt'
[100%] Built target ament_cmake_python_build_msgs_egg
-- Install configuration: ""
-- Execute custom install script
-- Up-to-date symlink: /home/pyy/irc/install/msgs/share/ament_index/resource_index/rosidl_interfaces/msgs
-- Up-to-date symlink: /home/pyy/irc/install/msgs/include/msgs/msgs/msg/detail/line_result__functions.h
-- Up-to-date symlink: /home/pyy/irc/install/msgs/include/msgs/msgs/msg/detail/line_result__struct.h
-- Up-to-date symlink: /home/pyy/irc/install/msgs/include/msgs/msgs/msg/detail/line_result__type_support.h
-- Up-to-date symlink: /home/pyy/irc/install/msgs/include/msgs/msgs/msg/line_result.h
-- Up-to-date symlink: /home/pyy/irc/install/msgs/include/msgs/msgs/msg/rosidl_generator_c__visibility_control.h
-- Up-to-date symlink: /home/pyy/irc/install/msgs/share/msgs/environment/library_path.sh
-- Up-to-date symlink: /home/pyy/irc/install/msgs/share/msgs/environment/library_path.dsv
-- Up-to-date symlink: /home/pyy/irc/install/msgs/include/msgs/msgs/msg/detail/line_result__rosidl_typesupport_fastrtps_c.h
-- Up-to-date symlink: /home/pyy/irc/install/msgs/include/msgs/msgs/msg/rosidl_typesupport_fastrtps_c__visibility_control.h
-- Up-to-date symlink: /home/pyy/irc/install/msgs/include/msgs/msgs/msg/detail/line_result__rosidl_typesupport_introspection_c.h
-- Up-to-date symlink: /home/pyy/irc/install/msgs/include/msgs/msgs/msg/rosidl_typesupport_introspection_c__visibility_control.h
-- Up-to-date symlink: /home/pyy/irc/install/msgs/include/msgs/msgs/msg/detail/line_result__builder.hpp
-- Up-to-date symlink: /home/pyy/irc/install/msgs/include/msgs/msgs/msg/detail/line_result__struct.hpp
-- Up-to-date symlink: /home/pyy/irc/install/msgs/include/msgs/msgs/msg/detail/line_result__traits.hpp
-- Up-to-date symlink: /home/pyy/irc/install/msgs/include/msgs/msgs/msg/detail/line_result__type_support.hpp
-- Up-to-date symlink: /home/pyy/irc/install/msgs/include/msgs/msgs/msg/line_result.hpp
-- Up-to-date symlink: /home/pyy/irc/install/msgs/include/msgs/msgs/msg/rosidl_generator_cpp__visibility_control.hpp
-- Up-to-date symlink: /home/pyy/irc/install/msgs/include/msgs/msgs/msg/detail/line_result__rosidl_typesupport_fastrtps_cpp.hpp
-- Up-to-date symlink: /home/pyy/irc/install/msgs/include/msgs/msgs/msg/rosidl_typesupport_fastrtps_cpp__visibility_control.h
-- Up-to-date symlink: /home/pyy/irc/install/msgs/include/msgs/msgs/msg/detail/line_result__rosidl_typesupport_introspection_cpp.hpp
-- Up-to-date symlink: /home/pyy/irc/install/msgs/share/msgs/environment/pythonpath.sh
-- Up-to-date symlink: /home/pyy/irc/install/msgs/share/msgs/environment/pythonpath.dsv
-- Up-to-date symlink: /home/pyy/irc/install/msgs/local/lib/python3.10/dist-packages/msgs-0.0.0-py3.10.egg-info/PKG-INFO
-- Up-to-date symlink: /home/pyy/irc/install/msgs/local/lib/python3.10/dist-packages/msgs-0.0.0-py3.10.egg-info/SOURCES.txt
-- Up-to-date symlink: /home/pyy/irc/install/msgs/local/lib/python3.10/dist-packages/msgs-0.0.0-py3.10.egg-info/dependency_links.txt
-- Up-to-date symlink: /home/pyy/irc/install/msgs/local/lib/python3.10/dist-packages/msgs-0.0.0-py3.10.egg-info/top_level.txt
-- Up-to-date symlink: /home/pyy/irc/install/msgs/local/lib/python3.10/dist-packages/msgs/__init__.py
-- Up-to-date symlink: /home/pyy/irc/install/msgs/local/lib/python3.10/dist-packages/msgs/_msgs_s.ep.rosidl_typesupport_c.c
-- Up-to-date symlink: /home/pyy/irc/install/msgs/local/lib/python3.10/dist-packages/msgs/_msgs_s.ep.rosidl_typesupport_fastrtps_c.c
-- Up-to-date symlink: /home/pyy/irc/install/msgs/local/lib/python3.10/dist-packages/msgs/_msgs_s.ep.rosidl_typesupport_introspection_c.c
-- Up-to-date symlink: /home/pyy/irc/install/msgs/local/lib/python3.10/dist-packages/msgs/libmsgs__rosidl_generator_py.so
-- Up-to-date symlink: /home/pyy/irc/install/msgs/local/lib/python3.10/dist-packages/msgs/msg/__init__.py
-- Up-to-date symlink: /home/pyy/irc/install/msgs/local/lib/python3.10/dist-packages/msgs/msg/_line_result.py
-- Up-to-date symlink: /home/pyy/irc/install/msgs/local/lib/python3.10/dist-packages/msgs/msg/_line_result_s.c
-- Up-to-date symlink: /home/pyy/irc/install/msgs/local/lib/python3.10/dist-packages/msgs/msgs_s__rosidl_typesupport_c.cpython-310-x86_64-linux-gnu.so
-- Up-to-date symlink: /home/pyy/irc/install/msgs/local/lib/python3.10/dist-packages/msgs/msgs_s__rosidl_typesupport_fastrtps_c.cpython-310-x86_64-linux-gnu.so
-- Up-to-date symlink: /home/pyy/irc/install/msgs/local/lib/python3.10/dist-packages/msgs/msgs_s__rosidl_typesupport_introspection_c.cpython-310-x86_64-linux-gnu.so
-- Up-to-date symlink: /home/pyy/irc/install/msgs/local/lib/python3.10/dist-packages/msgs/msgs_s__rosidl_typesupport_fastrtps_c.cpython-310-x86_64-linux-gnu.so
-- Up-to-date symlink: /home/pyy/irc/install/msgs/local/lib/python3.10/dist-packages/msgs/msgs_s__rosidl_typesupport_introspection_c.cpython-310-x86_64-linux-gnu.so
-- Up-to-date symlink: /home/pyy/irc/install/msgs/local/lib/python3.10/dist-packages/msgs/msgs_s__rosidl_typesupport_c.cpython-310-x86_64-linux-gnu.so
-- Up-to-date symlink: /home/pyy/irc/install/msgs/share/msgs/msg/LineResult.idl
-- Up-to-date symlink: /home/pyy/irc/install/msgs/share/msgs/msg/LineResult.msg
-- Up-to-date symlink: /home/pyy/irc/install/msgs/share/ament_index/resource_index/package_run_dependencies/msgs
-- Up-to-date symlink: /home/pyy/irc/install/msgs/share/ament_index/resource_index/parent_prefix_path/msgs
-- Up-to-date symlink: /home/pyy/irc/install/msgs/share/msgs/environment/ament_prefix_path.sh
-- Up-to-date symlink: /home/pyy/irc/install/msgs/share/msgs/environment/ament_prefix_path.dsv
-- Up-to-date symlink: /home/pyy/irc/install/msgs/share/msgs/environment/path.sh
-- Up-to-date symlink: /home/pyy/irc/install/msgs/share/msgs/environment/path.dsv
-- Up-to-date symlink: /home/pyy/irc/install/msgs/share/msgs/local_setup.bash
-- Up-to-date symlink: /home/pyy/irc/install/msgs/share/msgs/local_setup.sh
-- Up-to-date symlink: /home/pyy/irc/install/msgs/share/msgs/local_setup.zsh
-- Up-to-date symlink: /home/pyy/irc/install/msgs/share/msgs/local_setup.dsv
-- Up-to-date symlink: /home/pyy/irc/install/msgs/share/msgs/package.dsv
-- Up-to-date symlink: /home/pyy/irc/install/msgs/share/ament_index/resource_index/packages/msgs
-- Up-to-date symlink: /home/pyy/irc/install/msgs/share/msgs/cmake/rosidl_cmake-extras.cmake
-- Up-to-date symlink: /home/pyy/irc/install/msgs/share/msgs/cmake/ament_cmake_export_dependencies-extras.cmake
-- Up-to-date symlink: /home/pyy/irc/install/msgs/share/msgs/cmake/ament_cmake_export_include_directories-extras.cmake
-- Up-to-date symlink: /home/pyy/irc/install/msgs/share/msgs/cmake/ament_cmake_export_libraries-extras.cmake
-- Up-to-date symlink: /home/pyy/irc/install/msgs/share/msgs/cmake/ament_cmake_export_targets-extras.cmake
-- Up-to-date symlink: /home/pyy/irc/install/msgs/share/msgs/cmake/rosidl_cmake_export_typesupport_targets-extras.cmake
-- Up-to-date symlink: /home/pyy/irc/install/msgs/share/msgs/cmake/rosidl_cmake_export_typesupport_libraries-extras.cmake
-- Up-to-date symlink: /home/pyy/irc/install/msgs/share/msgs/cmake/msgsConfig.cmake
-- Up-to-date symlink: /home/pyy/irc/install/msgs/share/msgs/cmake/msgsConfig-version.cmake
-- Up-to-date symlink: /home/pyy/irc/install/msgs/share/msgs/package.xml
-- Up-to-date: /home/pyy/irc/install/msgs/lib/libmsgs__rosidl_generator_c.so
-- Up-to-date: /home/pyy/irc/install/msgs/lib/libmsgs__rosidl_typesupport_fastrtps_c.so
-- Up-to-date: /home/pyy/irc/install/msgs/lib/libmsgs__rosidl_typesupport_introspection_c.so
-- Up-to-date: /home/pyy/irc/install/msgs/lib/libmsgs__rosidl_typesupport_c.so
-- Up-to-date: /home/pyy/irc/install/msgs/lib/libmsgs__rosidl_typesupport_fastrtps_cpp.so
-- Up-to-date: /home/pyy/irc/install/msgs/lib/libmsgs__rosidl_typesupport_introspection_cpp.so
-- Up-to-date: /home/pyy/irc/install/msgs/lib/libmsgs__rosidl_typesupport_cpp.so
Listing '/home/pyy/irc/install/msgs/local/lib/python3.10/dist-packages/msgs'...
Compiling '/home/pyy/irc/install/msgs/local/lib/python3.10/dist-packages/msgs/__init__.py'...
Listing '/home/pyy/irc/install/msgs/local/lib/python3.10/dist-packages/msgs/msg'...
-- Up-to-date: /home/pyy/irc/install/msgs/lib/libmsgs__rosidl_generator_py.so
-- Up-to-date: /home/pyy/irc/install/msgs/share/msgs/cmake/export_msgs__rosidl_generator_cExport.cmake
-- Up-to-date: /home/pyy/irc/install/msgs/share/msgs/cmake/export_msgs__rosidl_generator_cExport-noconfig.cmake
-- Up-to-date: /home/pyy/irc/install/msgs/share/msgs/cmake/export_msgs__rosidl_typesupport_fastrtps_cExport.cmake
-- Up-to-date: /home/pyy/irc/install/msgs/share/msgs/cmake/export_msgs__rosidl_typesupport_fastrtps_cExport-noconfig.cmake
-- Up-to-date: /home/pyy/irc/install/msgs/share/msgs/cmake/msgs__rosidl_typesupport_introspection_cExport.cmake
-- Up-to-date: /home/pyy/irc/install/msgs/share/msgs/cmake/msgs__rosidl_typesupport_introspection_cExport-noconfig.cmake
-- Up-to-date: /home/pyy/irc/install/msgs/share/msgs/cmake/msgs__rosidl_typesupport_cExport.cmake
-- Up-to-date: /home/pyy/irc/install/msgs/share/msgs/cmake/msgs__rosidl_typesupport_cExport-noconfig.cmake
-- Up-to-date: /home/pyy/irc/install/msgs/share/msgs/cmake/export_msgs__rosidl_generator_cppExport.cmake
-- Up-to-date: /home/pyy/irc/install/msgs/share/msgs/cmake/export_msgs__rosidl_typesupport_fastrtps_cppExport.cmake
-- Up-to-date: /home/pyy/irc/install/msgs/share/msgs/cmake/export_msgs__rosidl_typesupport_fastrtps_cppExport-noconfig.cmake
-- Up-to-date: /home/pyy/irc/install/msgs/share/msgs/cmake/msgs__rosidl_typesupport_introspection_cppExport.cmake
-- Up-to-date: /home/pyy/irc/install/msgs/share/msgs/cmake/msgs__rosidl_typesupport_introspection_cppExport-noconfig.cmake
-- Up-to-date: /home/pyy/irc/install/msgs/share/msgs/cmake/msgs__rosidl_typesupport_cppExport.cmake
-- Up-to-date: /home/pyy/irc/install/msgs/share/msgs/cmake/msgs__rosidl_typesupport_cppExport-noconfig.cmake
-- Up-to-date: /home/pyy/irc/install/msgs/share/msgs/cmake/export_msgs__rosidl_generator_pyExport.cmake
-- Up-to-date: /home/pyy/irc/install/msgs/share/msgs/cmake/export_msgs__rosidl_generator_pyExport-noconfig.cmake
