[0.012s] Invoking command in '/home/pyy/irc/build/msgs': CMAKE_PREFIX_PATH=${CMAKE_PREFIX_PATH}:/home/pyy/irc/install/decision:/home/pyy/ros2_ws/install/my_python_pkg:/opt/ros/humble /usr/bin/cmake /home/pyy/irc/src/msgs -DCMAKE_INSTALL_PREFIX=/home/pyy/irc/install/msgs
[0.025s] -- Found ament_cmake: 1.3.13 (/opt/ros/humble/share/ament_cmake/cmake)
[0.193s] -- Override CMake install command with custom implementation using symlinks instead of copying resources
[0.203s] -- Found rosidl_default_generators: 1.2.0 (/opt/ros/humble/share/rosidl_default_generators/cmake)
[0.207s] -- Using all available rosidl_typesupport_c: rosidl_typesupport_fastrtps_c;rosidl_typesupport_introspection_c
[0.211s] -- Found rosidl_adapter: 3.1.8 (/opt/ros/humble/share/rosidl_adapter/cmake)
[0.248s] -- Using all available rosidl_typesupport_cpp: rosidl_typesupport_fastrtps_cpp;rosidl_typesupport_introspection_cpp
[0.271s] -- Found std_msgs: 4.9.1 (/opt/ros/humble/share/std_msgs/cmake)
[0.543s] -- Found ament_cmake_ros: 0.10.0 (/opt/ros/humble/share/ament_cmake_ros/cmake)
[0.761s] -- Using all available rosidl_typesupport_c: rosidl_typesupport_fastrtps_c;rosidl_typesupport_introspection_c
[1.058s] -- Using all available rosidl_typesupport_cpp: rosidl_typesupport_fastrtps_cpp;rosidl_typesupport_introspection_cpp
[1.087s] -- Found python_cmake_module: 0.10.0 (/opt/ros/humble/share/python_cmake_module/cmake)
[1.117s] -- Using PYTHON_EXECUTABLE: /usr/bin/python3
[1.117s] -- Using PYTHON_INCLUDE_DIRS: /usr/include/python3.10
[1.117s] -- Using PYTHON_LIBRARIES: /usr/lib/x86_64-linux-gnu/libpython3.10.so
[1.151s] -- Found ament_lint_auto: 0.12.15 (/opt/ros/humble/share/ament_lint_auto/cmake)
[1.163s] -- Added test 'lint_cmake' to check CMake code style
[1.164s] -- Added test 'xmllint' to check XML markup files
[1.166s] -- Configuring done
[1.196s] -- Generating done
[1.207s] -- Build files have been written to: /home/pyy/irc/build/msgs
[1.214s] Invoked command in '/home/pyy/irc/build/msgs' returned '0': CMAKE_PREFIX_PATH=${CMAKE_PREFIX_PATH}:/home/pyy/irc/install/decision:/home/pyy/ros2_ws/install/my_python_pkg:/opt/ros/humble /usr/bin/cmake /home/pyy/irc/src/msgs -DCMAKE_INSTALL_PREFIX=/home/pyy/irc/install/msgs
[1.216s] Invoking command in '/home/pyy/irc/build/msgs': CMAKE_PREFIX_PATH=${CMAKE_PREFIX_PATH}:/home/pyy/irc/install/decision:/home/pyy/ros2_ws/install/my_python_pkg:/opt/ros/humble /usr/bin/cmake --build /home/pyy/irc/build/msgs -- -j8 -l8
[1.253s] [35m[1mConsolidate compiler generated dependencies of target msgs__rosidl_generator_c[0m
[1.263s] [  9%] Built target msgs__rosidl_generator_c
[1.264s] [ 12%] Built target msgs__cpp
[1.277s] [35m[1mConsolidate compiler generated dependencies of target msgs__rosidl_typesupport_c[0m
[1.277s] [35m[1mConsolidate compiler generated dependencies of target msgs__rosidl_typesupport_introspection_c[0m
[1.277s] [35m[1mConsolidate compiler generated dependencies of target msgs__rosidl_typesupport_fastrtps_c[0m
[1.277s] [ 12%] Built target ament_cmake_python_symlink_msgs
[1.279s] [35m[1mConsolidate compiler generated dependencies of target msgs__rosidl_typesupport_cpp[0m
[1.279s] [35m[1mConsolidate compiler generated dependencies of target msgs__rosidl_typesupport_introspection_cpp[0m
[1.283s] [35m[1mConsolidate compiler generated dependencies of target msgs__rosidl_typesupport_fastrtps_cpp[0m
[1.293s] [ 22%] Built target msgs__rosidl_typesupport_c
[1.293s] [ 32%] Built target msgs__rosidl_typesupport_introspection_c
[1.295s] [ 41%] Built target msgs__rosidl_typesupport_introspection_cpp
[1.295s] [ 51%] Built target msgs__rosidl_typesupport_fastrtps_c
[1.299s] [ 61%] Built target msgs__rosidl_typesupport_fastrtps_cpp
[1.299s] [ 70%] Built target msgs__rosidl_typesupport_cpp
[1.318s] [ 70%] Built target msgs
[1.338s] [ 74%] Built target msgs__py
[1.348s] [35m[1mConsolidate compiler generated dependencies of target msgs__rosidl_generator_py[0m
[1.359s] [ 80%] Built target msgs__rosidl_generator_py
[1.369s] [35m[1mConsolidate compiler generated dependencies of target msgs__rosidl_typesupport_introspection_c__pyext[0m
[1.369s] [35m[1mConsolidate compiler generated dependencies of target msgs__rosidl_typesupport_fastrtps_c__pyext[0m
[1.369s] [35m[1mConsolidate compiler generated dependencies of target msgs__rosidl_typesupport_c__pyext[0m
[1.381s] [ 87%] Built target msgs__rosidl_typesupport_fastrtps_c__pyext
[1.381s] [ 96%] Built target msgs__rosidl_typesupport_c__pyext
[1.382s] [100%] Built target msgs__rosidl_typesupport_introspection_c__pyext
[1.541s] running egg_info
[1.542s] writing msgs.egg-info/PKG-INFO
[1.542s] writing dependency_links to msgs.egg-info/dependency_links.txt
[1.543s] writing top-level names to msgs.egg-info/top_level.txt
[1.545s] reading manifest file 'msgs.egg-info/SOURCES.txt'
[1.545s] writing manifest file 'msgs.egg-info/SOURCES.txt'
[1.569s] [100%] Built target ament_cmake_python_build_msgs_egg
[1.580s] Invoked command in '/home/pyy/irc/build/msgs' returned '0': CMAKE_PREFIX_PATH=${CMAKE_PREFIX_PATH}:/home/pyy/irc/install/decision:/home/pyy/ros2_ws/install/my_python_pkg:/opt/ros/humble /usr/bin/cmake --build /home/pyy/irc/build/msgs -- -j8 -l8
[1.589s] Invoking command in '/home/pyy/irc/build/msgs': CMAKE_PREFIX_PATH=${CMAKE_PREFIX_PATH}:/home/pyy/irc/install/decision:/home/pyy/ros2_ws/install/my_python_pkg:/opt/ros/humble /usr/bin/cmake --install /home/pyy/irc/build/msgs
[1.596s] -- Install configuration: ""
[1.597s] -- Execute custom install script
[1.597s] -- Up-to-date symlink: /home/pyy/irc/install/msgs/share/ament_index/resource_index/rosidl_interfaces/msgs
[1.597s] -- Up-to-date symlink: /home/pyy/irc/install/msgs/include/msgs/msgs/msg/detail/line_result__functions.h
[1.597s] -- Up-to-date symlink: /home/pyy/irc/install/msgs/include/msgs/msgs/msg/detail/line_result__struct.h
[1.598s] -- Up-to-date symlink: /home/pyy/irc/install/msgs/include/msgs/msgs/msg/detail/line_result__type_support.h
[1.598s] -- Up-to-date symlink: /home/pyy/irc/install/msgs/include/msgs/msgs/msg/line_result.h
[1.598s] -- Up-to-date symlink: /home/pyy/irc/install/msgs/include/msgs/msgs/msg/rosidl_generator_c__visibility_control.h
[1.598s] -- Up-to-date symlink: /home/pyy/irc/install/msgs/share/msgs/environment/library_path.sh
[1.598s] -- Up-to-date symlink: /home/pyy/irc/install/msgs/share/msgs/environment/library_path.dsv
[1.598s] -- Up-to-date symlink: /home/pyy/irc/install/msgs/include/msgs/msgs/msg/detail/line_result__rosidl_typesupport_fastrtps_c.h
[1.599s] -- Up-to-date symlink: /home/pyy/irc/install/msgs/include/msgs/msgs/msg/rosidl_typesupport_fastrtps_c__visibility_control.h
[1.599s] -- Up-to-date symlink: /home/pyy/irc/install/msgs/include/msgs/msgs/msg/detail/line_result__rosidl_typesupport_introspection_c.h
[1.599s] -- Up-to-date symlink: /home/pyy/irc/install/msgs/include/msgs/msgs/msg/rosidl_typesupport_introspection_c__visibility_control.h
[1.599s] -- Up-to-date symlink: /home/pyy/irc/install/msgs/include/msgs/msgs/msg/detail/line_result__builder.hpp
[1.599s] -- Up-to-date symlink: /home/pyy/irc/install/msgs/include/msgs/msgs/msg/detail/line_result__struct.hpp
[1.600s] -- Up-to-date symlink: /home/pyy/irc/install/msgs/include/msgs/msgs/msg/detail/line_result__traits.hpp
[1.600s] -- Up-to-date symlink: /home/pyy/irc/install/msgs/include/msgs/msgs/msg/detail/line_result__type_support.hpp
[1.600s] -- Up-to-date symlink: /home/pyy/irc/install/msgs/include/msgs/msgs/msg/line_result.hpp
[1.600s] -- Up-to-date symlink: /home/pyy/irc/install/msgs/include/msgs/msgs/msg/rosidl_generator_cpp__visibility_control.hpp
[1.600s] -- Up-to-date symlink: /home/pyy/irc/install/msgs/include/msgs/msgs/msg/detail/line_result__rosidl_typesupport_fastrtps_cpp.hpp
[1.600s] -- Up-to-date symlink: /home/pyy/irc/install/msgs/include/msgs/msgs/msg/rosidl_typesupport_fastrtps_cpp__visibility_control.h
[1.601s] -- Up-to-date symlink: /home/pyy/irc/install/msgs/include/msgs/msgs/msg/detail/line_result__rosidl_typesupport_introspection_cpp.hpp
[1.601s] -- Up-to-date symlink: /home/pyy/irc/install/msgs/share/msgs/environment/pythonpath.sh
[1.601s] -- Up-to-date symlink: /home/pyy/irc/install/msgs/share/msgs/environment/pythonpath.dsv
[1.601s] -- Up-to-date symlink: /home/pyy/irc/install/msgs/local/lib/python3.10/dist-packages/msgs-0.0.0-py3.10.egg-info/PKG-INFO
[1.602s] -- Up-to-date symlink: /home/pyy/irc/install/msgs/local/lib/python3.10/dist-packages/msgs-0.0.0-py3.10.egg-info/SOURCES.txt
[1.602s] -- Up-to-date symlink: /home/pyy/irc/install/msgs/local/lib/python3.10/dist-packages/msgs-0.0.0-py3.10.egg-info/dependency_links.txt
[1.602s] -- Up-to-date symlink: /home/pyy/irc/install/msgs/local/lib/python3.10/dist-packages/msgs-0.0.0-py3.10.egg-info/top_level.txt
[1.602s] -- Up-to-date symlink: /home/pyy/irc/install/msgs/local/lib/python3.10/dist-packages/msgs/__init__.py
[1.602s] -- Up-to-date symlink: /home/pyy/irc/install/msgs/local/lib/python3.10/dist-packages/msgs/_msgs_s.ep.rosidl_typesupport_c.c
[1.603s] -- Up-to-date symlink: /home/pyy/irc/install/msgs/local/lib/python3.10/dist-packages/msgs/_msgs_s.ep.rosidl_typesupport_fastrtps_c.c
[1.603s] -- Up-to-date symlink: /home/pyy/irc/install/msgs/local/lib/python3.10/dist-packages/msgs/_msgs_s.ep.rosidl_typesupport_introspection_c.c
[1.603s] -- Up-to-date symlink: /home/pyy/irc/install/msgs/local/lib/python3.10/dist-packages/msgs/libmsgs__rosidl_generator_py.so
[1.603s] -- Up-to-date symlink: /home/pyy/irc/install/msgs/local/lib/python3.10/dist-packages/msgs/msg/__init__.py
[1.603s] -- Up-to-date symlink: /home/pyy/irc/install/msgs/local/lib/python3.10/dist-packages/msgs/msg/_line_result.py
[1.603s] -- Up-to-date symlink: /home/pyy/irc/install/msgs/local/lib/python3.10/dist-packages/msgs/msg/_line_result_s.c
[1.603s] -- Up-to-date symlink: /home/pyy/irc/install/msgs/local/lib/python3.10/dist-packages/msgs/msgs_s__rosidl_typesupport_c.cpython-310-x86_64-linux-gnu.so
[1.603s] -- Up-to-date symlink: /home/pyy/irc/install/msgs/local/lib/python3.10/dist-packages/msgs/msgs_s__rosidl_typesupport_fastrtps_c.cpython-310-x86_64-linux-gnu.so
[1.603s] -- Up-to-date symlink: /home/pyy/irc/install/msgs/local/lib/python3.10/dist-packages/msgs/msgs_s__rosidl_typesupport_introspection_c.cpython-310-x86_64-linux-gnu.so
[1.604s] -- Up-to-date symlink: /home/pyy/irc/install/msgs/local/lib/python3.10/dist-packages/msgs/msgs_s__rosidl_typesupport_fastrtps_c.cpython-310-x86_64-linux-gnu.so
[1.604s] -- Up-to-date symlink: /home/pyy/irc/install/msgs/local/lib/python3.10/dist-packages/msgs/msgs_s__rosidl_typesupport_introspection_c.cpython-310-x86_64-linux-gnu.so
[1.604s] -- Up-to-date symlink: /home/pyy/irc/install/msgs/local/lib/python3.10/dist-packages/msgs/msgs_s__rosidl_typesupport_c.cpython-310-x86_64-linux-gnu.so
[1.604s] -- Up-to-date symlink: /home/pyy/irc/install/msgs/share/msgs/msg/LineResult.idl
[1.605s] -- Up-to-date symlink: /home/pyy/irc/install/msgs/share/msgs/msg/LineResult.msg
[1.605s] -- Up-to-date symlink: /home/pyy/irc/install/msgs/share/ament_index/resource_index/package_run_dependencies/msgs
[1.605s] -- Up-to-date symlink: /home/pyy/irc/install/msgs/share/ament_index/resource_index/parent_prefix_path/msgs
[1.605s] -- Up-to-date symlink: /home/pyy/irc/install/msgs/share/msgs/environment/ament_prefix_path.sh
[1.605s] -- Up-to-date symlink: /home/pyy/irc/install/msgs/share/msgs/environment/ament_prefix_path.dsv
[1.605s] -- Up-to-date symlink: /home/pyy/irc/install/msgs/share/msgs/environment/path.sh
[1.605s] -- Up-to-date symlink: /home/pyy/irc/install/msgs/share/msgs/environment/path.dsv
[1.606s] -- Up-to-date symlink: /home/pyy/irc/install/msgs/share/msgs/local_setup.bash
[1.606s] -- Up-to-date symlink: /home/pyy/irc/install/msgs/share/msgs/local_setup.sh
[1.606s] -- Up-to-date symlink: /home/pyy/irc/install/msgs/share/msgs/local_setup.zsh
[1.606s] -- Up-to-date symlink: /home/pyy/irc/install/msgs/share/msgs/local_setup.dsv
[1.606s] -- Up-to-date symlink: /home/pyy/irc/install/msgs/share/msgs/package.dsv
[1.606s] -- Up-to-date symlink: /home/pyy/irc/install/msgs/share/ament_index/resource_index/packages/msgs
[1.606s] -- Up-to-date symlink: /home/pyy/irc/install/msgs/share/msgs/cmake/rosidl_cmake-extras.cmake
[1.607s] -- Up-to-date symlink: /home/pyy/irc/install/msgs/share/msgs/cmake/ament_cmake_export_dependencies-extras.cmake
[1.607s] -- Up-to-date symlink: /home/pyy/irc/install/msgs/share/msgs/cmake/ament_cmake_export_include_directories-extras.cmake
[1.607s] -- Up-to-date symlink: /home/pyy/irc/install/msgs/share/msgs/cmake/ament_cmake_export_libraries-extras.cmake
[1.607s] -- Up-to-date symlink: /home/pyy/irc/install/msgs/share/msgs/cmake/ament_cmake_export_targets-extras.cmake
[1.607s] -- Up-to-date symlink: /home/pyy/irc/install/msgs/share/msgs/cmake/rosidl_cmake_export_typesupport_targets-extras.cmake
[1.607s] -- Up-to-date symlink: /home/pyy/irc/install/msgs/share/msgs/cmake/rosidl_cmake_export_typesupport_libraries-extras.cmake
[1.607s] -- Up-to-date symlink: /home/pyy/irc/install/msgs/share/msgs/cmake/msgsConfig.cmake
[1.607s] -- Up-to-date symlink: /home/pyy/irc/install/msgs/share/msgs/cmake/msgsConfig-version.cmake
[1.608s] -- Up-to-date symlink: /home/pyy/irc/install/msgs/share/msgs/package.xml
[1.608s] -- Up-to-date: /home/pyy/irc/install/msgs/lib/libmsgs__rosidl_generator_c.so
[1.608s] -- Up-to-date: /home/pyy/irc/install/msgs/lib/libmsgs__rosidl_typesupport_fastrtps_c.so
[1.608s] -- Up-to-date: /home/pyy/irc/install/msgs/lib/libmsgs__rosidl_typesupport_introspection_c.so
[1.609s] -- Up-to-date: /home/pyy/irc/install/msgs/lib/libmsgs__rosidl_typesupport_c.so
[1.609s] -- Up-to-date: /home/pyy/irc/install/msgs/lib/libmsgs__rosidl_typesupport_fastrtps_cpp.so
[1.609s] -- Up-to-date: /home/pyy/irc/install/msgs/lib/libmsgs__rosidl_typesupport_introspection_cpp.so
[1.610s] -- Up-to-date: /home/pyy/irc/install/msgs/lib/libmsgs__rosidl_typesupport_cpp.so
[1.643s] Listing '/home/pyy/irc/install/msgs/local/lib/python3.10/dist-packages/msgs'...
[1.643s] Compiling '/home/pyy/irc/install/msgs/local/lib/python3.10/dist-packages/msgs/__init__.py'...
[1.643s] Listing '/home/pyy/irc/install/msgs/local/lib/python3.10/dist-packages/msgs/msg'...
[1.647s] -- Up-to-date: /home/pyy/irc/install/msgs/lib/libmsgs__rosidl_generator_py.so
[1.648s] -- Up-to-date: /home/pyy/irc/install/msgs/share/msgs/cmake/export_msgs__rosidl_generator_cExport.cmake
[1.648s] -- Up-to-date: /home/pyy/irc/install/msgs/share/msgs/cmake/export_msgs__rosidl_generator_cExport-noconfig.cmake
[1.648s] -- Up-to-date: /home/pyy/irc/install/msgs/share/msgs/cmake/export_msgs__rosidl_typesupport_fastrtps_cExport.cmake
[1.648s] -- Up-to-date: /home/pyy/irc/install/msgs/share/msgs/cmake/export_msgs__rosidl_typesupport_fastrtps_cExport-noconfig.cmake
[1.648s] -- Up-to-date: /home/pyy/irc/install/msgs/share/msgs/cmake/msgs__rosidl_typesupport_introspection_cExport.cmake
[1.648s] -- Up-to-date: /home/pyy/irc/install/msgs/share/msgs/cmake/msgs__rosidl_typesupport_introspection_cExport-noconfig.cmake
[1.648s] -- Up-to-date: /home/pyy/irc/install/msgs/share/msgs/cmake/msgs__rosidl_typesupport_cExport.cmake
[1.648s] -- Up-to-date: /home/pyy/irc/install/msgs/share/msgs/cmake/msgs__rosidl_typesupport_cExport-noconfig.cmake
[1.648s] -- Up-to-date: /home/pyy/irc/install/msgs/share/msgs/cmake/export_msgs__rosidl_generator_cppExport.cmake
[1.648s] -- Up-to-date: /home/pyy/irc/install/msgs/share/msgs/cmake/export_msgs__rosidl_typesupport_fastrtps_cppExport.cmake
[1.648s] -- Up-to-date: /home/pyy/irc/install/msgs/share/msgs/cmake/export_msgs__rosidl_typesupport_fastrtps_cppExport-noconfig.cmake
[1.648s] -- Up-to-date: /home/pyy/irc/install/msgs/share/msgs/cmake/msgs__rosidl_typesupport_introspection_cppExport.cmake
[1.648s] -- Up-to-date: /home/pyy/irc/install/msgs/share/msgs/cmake/msgs__rosidl_typesupport_introspection_cppExport-noconfig.cmake
[1.649s] -- Up-to-date: /home/pyy/irc/install/msgs/share/msgs/cmake/msgs__rosidl_typesupport_cppExport.cmake
[1.649s] -- Up-to-date: /home/pyy/irc/install/msgs/share/msgs/cmake/msgs__rosidl_typesupport_cppExport-noconfig.cmake
[1.649s] -- Up-to-date: /home/pyy/irc/install/msgs/share/msgs/cmake/export_msgs__rosidl_generator_pyExport.cmake
[1.649s] -- Up-to-date: /home/pyy/irc/install/msgs/share/msgs/cmake/export_msgs__rosidl_generator_pyExport-noconfig.cmake
[1.651s] Invoked command in '/home/pyy/irc/build/msgs' returned '0': CMAKE_PREFIX_PATH=${CMAKE_PREFIX_PATH}:/home/pyy/irc/install/decision:/home/pyy/ros2_ws/install/my_python_pkg:/opt/ros/humble /usr/bin/cmake --install /home/pyy/irc/build/msgs
