[  1%] Built target msgs__cpp
[35m[1mConsolidate compiler generated dependencies of target msgs__rosidl_generator_c[0m
[  1%] Built target ament_cmake_python_copy_msgs
[35m[1mConsolidate compiler generated dependencies of target msgs__rosidl_typesupport_cpp[0m
[35m[1mConsolidate compiler generated dependencies of target msgs__rosidl_typesupport_fastrtps_cpp[0m
[35m[1mConsolidate compiler generated dependencies of target msgs__rosidl_typesupport_introspection_cpp[0m
[ 12%] Built target msgs__rosidl_generator_c
[ 26%] Built target msgs__rosidl_typesupport_introspection_cpp
[ 34%] Built target msgs__rosidl_typesupport_cpp
[ 46%] Built target msgs__rosidl_typesupport_fastrtps_cpp
[35m[1mConsolidate compiler generated dependencies of target msgs__rosidl_typesupport_c[0m
[35m[1mConsolidate compiler generated dependencies of target msgs__rosidl_typesupport_introspection_c[0m
[35m[1mConsolidate compiler generated dependencies of target msgs__rosidl_typesupport_fastrtps_c[0m
[ 57%] Built target msgs__rosidl_typesupport_introspection_c
[ 68%] Built target msgs__rosidl_typesupport_c
[ 79%] Built target msgs__rosidl_typesupport_fastrtps_c
[ 79%] Built target msgs
[ 80%] Built target msgs__py
[35m[1mConsolidate compiler generated dependencies of target msgs__rosidl_generator_py[0m
[ 90%] Built target msgs__rosidl_generator_py
[35m[1mConsolidate compiler generated dependencies of target msgs__rosidl_typesupport_fastrtps_c__pyext[0m
[35m[1mConsolidate compiler generated dependencies of target msgs__rosidl_typesupport_c__pyext[0m
[35m[1mConsolidate compiler generated dependencies of target msgs__rosidl_typesupport_introspection_c__pyext[0m
[ 93%] Built target msgs__rosidl_typesupport_fastrtps_c__pyext
[ 96%] Built target msgs__rosidl_typesupport_c__pyext
[100%] Built target msgs__rosidl_typesupport_introspection_c__pyext
running egg_info
writing msgs.egg-info/PKG-INFO
writing dependency_links to msgs.egg-info/dependency_links.txt
writing top-level names to msgs.egg-info/top_level.txt
reading manifest file 'msgs.egg-info/SOURCES.txt'
writing manifest file 'msgs.egg-info/SOURCES.txt'
[100%] Built target ament_cmake_python_build_msgs_egg
-- Install configuration: ""
-- Up-to-date: /home/pyy/irc/install/msgs/share/ament_index/resource_index/rosidl_interfaces/msgs
-- Up-to-date: /home/pyy/irc/install/msgs/include/msgs/msgs
-- Up-to-date: /home/pyy/irc/install/msgs/include/msgs/msgs/msg
-- Up-to-date: /home/pyy/irc/install/msgs/include/msgs/msgs/msg/ball_result.h
-- Up-to-date: /home/pyy/irc/install/msgs/include/msgs/msgs/msg/motion_end.h
-- Up-to-date: /home/pyy/irc/install/msgs/include/msgs/msgs/msg/rosidl_generator_c__visibility_control.h
-- Up-to-date: /home/pyy/irc/install/msgs/include/msgs/msgs/msg/line_result.h
-- Up-to-date: /home/pyy/irc/install/msgs/include/msgs/msgs/msg/detail
-- Up-to-date: /home/pyy/irc/install/msgs/include/msgs/msgs/msg/detail/motion_command__functions.h
-- Up-to-date: /home/pyy/irc/install/msgs/include/msgs/msgs/msg/detail/motion_command__struct.h
-- Up-to-date: /home/pyy/irc/install/msgs/include/msgs/msgs/msg/detail/hurdle_result__functions.h
-- Up-to-date: /home/pyy/irc/install/msgs/include/msgs/msgs/msg/detail/motion_end__functions.h
-- Up-to-date: /home/pyy/irc/install/msgs/include/msgs/msgs/msg/detail/hurdle_result__type_support.h
-- Up-to-date: /home/pyy/irc/install/msgs/include/msgs/msgs/msg/detail/line_result__type_support.h
-- Up-to-date: /home/pyy/irc/install/msgs/include/msgs/msgs/msg/detail/ball_result__type_support.h
-- Up-to-date: /home/pyy/irc/install/msgs/include/msgs/msgs/msg/detail/hurdle_result__struct.h
-- Up-to-date: /home/pyy/irc/install/msgs/include/msgs/msgs/msg/detail/line_result__struct.h
-- Up-to-date: /home/pyy/irc/install/msgs/include/msgs/msgs/msg/detail/ball_result__functions.h
-- Up-to-date: /home/pyy/irc/install/msgs/include/msgs/msgs/msg/detail/motion_command__type_support.h
-- Up-to-date: /home/pyy/irc/install/msgs/include/msgs/msgs/msg/detail/motion_end__struct.h
-- Up-to-date: /home/pyy/irc/install/msgs/include/msgs/msgs/msg/detail/ball_result__functions.c
-- Up-to-date: /home/pyy/irc/install/msgs/include/msgs/msgs/msg/detail/line_result__functions.c
-- Up-to-date: /home/pyy/irc/install/msgs/include/msgs/msgs/msg/detail/motion_end__functions.c
-- Up-to-date: /home/pyy/irc/install/msgs/include/msgs/msgs/msg/detail/hurdle_result__functions.c
-- Up-to-date: /home/pyy/irc/install/msgs/include/msgs/msgs/msg/detail/motion_command__functions.c
-- Up-to-date: /home/pyy/irc/install/msgs/include/msgs/msgs/msg/detail/motion_end__type_support.h
-- Up-to-date: /home/pyy/irc/install/msgs/include/msgs/msgs/msg/detail/ball_result__struct.h
-- Up-to-date: /home/pyy/irc/install/msgs/include/msgs/msgs/msg/detail/line_result__functions.h
-- Up-to-date: /home/pyy/irc/install/msgs/include/msgs/msgs/msg/motion_command.h
-- Up-to-date: /home/pyy/irc/install/msgs/include/msgs/msgs/msg/hurdle_result.h
-- Up-to-date: /home/pyy/irc/install/msgs/share/msgs/environment/library_path.sh
-- Up-to-date: /home/pyy/irc/install/msgs/share/msgs/environment/library_path.dsv
-- Up-to-date: /home/pyy/irc/install/msgs/lib/libmsgs__rosidl_generator_c.so
-- Up-to-date: /home/pyy/irc/install/msgs/include/msgs/msgs
-- Up-to-date: /home/pyy/irc/install/msgs/include/msgs/msgs/msg
-- Up-to-date: /home/pyy/irc/install/msgs/include/msgs/msgs/msg/rosidl_typesupport_fastrtps_c__visibility_control.h
-- Up-to-date: /home/pyy/irc/install/msgs/include/msgs/msgs/msg/detail
-- Up-to-date: /home/pyy/irc/install/msgs/include/msgs/msgs/msg/detail/line_result__rosidl_typesupport_fastrtps_c.h
-- Up-to-date: /home/pyy/irc/install/msgs/include/msgs/msgs/msg/detail/ball_result__rosidl_typesupport_fastrtps_c.h
-- Up-to-date: /home/pyy/irc/install/msgs/include/msgs/msgs/msg/detail/motion_end__rosidl_typesupport_fastrtps_c.h
-- Up-to-date: /home/pyy/irc/install/msgs/include/msgs/msgs/msg/detail/motion_command__rosidl_typesupport_fastrtps_c.h
-- Up-to-date: /home/pyy/irc/install/msgs/include/msgs/msgs/msg/detail/hurdle_result__rosidl_typesupport_fastrtps_c.h
-- Up-to-date: /home/pyy/irc/install/msgs/lib/libmsgs__rosidl_typesupport_fastrtps_c.so
-- Up-to-date: /home/pyy/irc/install/msgs/include/msgs/msgs
-- Up-to-date: /home/pyy/irc/install/msgs/include/msgs/msgs/msg
-- Up-to-date: /home/pyy/irc/install/msgs/include/msgs/msgs/msg/detail
-- Up-to-date: /home/pyy/irc/install/msgs/include/msgs/msgs/msg/detail/line_result__type_support.c
-- Up-to-date: /home/pyy/irc/install/msgs/include/msgs/msgs/msg/detail/ball_result__type_support.c
-- Up-to-date: /home/pyy/irc/install/msgs/include/msgs/msgs/msg/detail/motion_end__rosidl_typesupport_introspection_c.h
-- Up-to-date: /home/pyy/irc/install/msgs/include/msgs/msgs/msg/detail/line_result__rosidl_typesupport_introspection_c.h
-- Up-to-date: /home/pyy/irc/install/msgs/include/msgs/msgs/msg/detail/motion_end__type_support.c
-- Up-to-date: /home/pyy/irc/install/msgs/include/msgs/msgs/msg/detail/hurdle_result__rosidl_typesupport_introspection_c.h
-- Up-to-date: /home/pyy/irc/install/msgs/include/msgs/msgs/msg/detail/motion_command__rosidl_typesupport_introspection_c.h
-- Up-to-date: /home/pyy/irc/install/msgs/include/msgs/msgs/msg/detail/ball_result__rosidl_typesupport_introspection_c.h
-- Up-to-date: /home/pyy/irc/install/msgs/include/msgs/msgs/msg/detail/motion_command__type_support.c
-- Up-to-date: /home/pyy/irc/install/msgs/include/msgs/msgs/msg/detail/hurdle_result__type_support.c
-- Up-to-date: /home/pyy/irc/install/msgs/include/msgs/msgs/msg/rosidl_typesupport_introspection_c__visibility_control.h
-- Up-to-date: /home/pyy/irc/install/msgs/lib/libmsgs__rosidl_typesupport_introspection_c.so
-- Up-to-date: /home/pyy/irc/install/msgs/lib/libmsgs__rosidl_typesupport_c.so
-- Up-to-date: /home/pyy/irc/install/msgs/include/msgs/msgs
-- Up-to-date: /home/pyy/irc/install/msgs/include/msgs/msgs/msg
-- Up-to-date: /home/pyy/irc/install/msgs/include/msgs/msgs/msg/rosidl_generator_cpp__visibility_control.hpp
-- Up-to-date: /home/pyy/irc/install/msgs/include/msgs/msgs/msg/ball_result.hpp
-- Up-to-date: /home/pyy/irc/install/msgs/include/msgs/msgs/msg/motion_command.hpp
-- Up-to-date: /home/pyy/irc/install/msgs/include/msgs/msgs/msg/motion_end.hpp
-- Up-to-date: /home/pyy/irc/install/msgs/include/msgs/msgs/msg/hurdle_result.hpp
-- Up-to-date: /home/pyy/irc/install/msgs/include/msgs/msgs/msg/detail
-- Up-to-date: /home/pyy/irc/install/msgs/include/msgs/msgs/msg/detail/hurdle_result__traits.hpp
-- Up-to-date: /home/pyy/irc/install/msgs/include/msgs/msgs/msg/detail/ball_result__struct.hpp
-- Up-to-date: /home/pyy/irc/install/msgs/include/msgs/msgs/msg/detail/motion_end__struct.hpp
-- Up-to-date: /home/pyy/irc/install/msgs/include/msgs/msgs/msg/detail/hurdle_result__struct.hpp
-- Up-to-date: /home/pyy/irc/install/msgs/include/msgs/msgs/msg/detail/line_result__traits.hpp
-- Up-to-date: /home/pyy/irc/install/msgs/include/msgs/msgs/msg/detail/line_result__type_support.hpp
-- Up-to-date: /home/pyy/irc/install/msgs/include/msgs/msgs/msg/detail/motion_command__struct.hpp
-- Up-to-date: /home/pyy/irc/install/msgs/include/msgs/msgs/msg/detail/ball_result__builder.hpp
-- Up-to-date: /home/pyy/irc/install/msgs/include/msgs/msgs/msg/detail/hurdle_result__type_support.hpp
-- Up-to-date: /home/pyy/irc/install/msgs/include/msgs/msgs/msg/detail/ball_result__traits.hpp
-- Up-to-date: /home/pyy/irc/install/msgs/include/msgs/msgs/msg/detail/motion_end__type_support.hpp
-- Up-to-date: /home/pyy/irc/install/msgs/include/msgs/msgs/msg/detail/motion_end__traits.hpp
-- Up-to-date: /home/pyy/irc/install/msgs/include/msgs/msgs/msg/detail/motion_command__builder.hpp
-- Up-to-date: /home/pyy/irc/install/msgs/include/msgs/msgs/msg/detail/ball_result__type_support.hpp
-- Up-to-date: /home/pyy/irc/install/msgs/include/msgs/msgs/msg/detail/line_result__builder.hpp
-- Up-to-date: /home/pyy/irc/install/msgs/include/msgs/msgs/msg/detail/motion_command__traits.hpp
-- Up-to-date: /home/pyy/irc/install/msgs/include/msgs/msgs/msg/detail/hurdle_result__builder.hpp
-- Up-to-date: /home/pyy/irc/install/msgs/include/msgs/msgs/msg/detail/motion_end__builder.hpp
-- Up-to-date: /home/pyy/irc/install/msgs/include/msgs/msgs/msg/detail/motion_command__type_support.hpp
-- Up-to-date: /home/pyy/irc/install/msgs/include/msgs/msgs/msg/detail/line_result__struct.hpp
-- Up-to-date: /home/pyy/irc/install/msgs/include/msgs/msgs/msg/line_result.hpp
-- Up-to-date: /home/pyy/irc/install/msgs/include/msgs/msgs
-- Up-to-date: /home/pyy/irc/install/msgs/include/msgs/msgs/msg
-- Up-to-date: /home/pyy/irc/install/msgs/include/msgs/msgs/msg/detail
-- Up-to-date: /home/pyy/irc/install/msgs/include/msgs/msgs/msg/detail/dds_fastrtps
-- Up-to-date: /home/pyy/irc/install/msgs/include/msgs/msgs/msg/detail/line_result__rosidl_typesupport_fastrtps_cpp.hpp
-- Up-to-date: /home/pyy/irc/install/msgs/include/msgs/msgs/msg/detail/motion_end__rosidl_typesupport_fastrtps_cpp.hpp
-- Up-to-date: /home/pyy/irc/install/msgs/include/msgs/msgs/msg/detail/hurdle_result__rosidl_typesupport_fastrtps_cpp.hpp
-- Up-to-date: /home/pyy/irc/install/msgs/include/msgs/msgs/msg/detail/motion_command__rosidl_typesupport_fastrtps_cpp.hpp
-- Up-to-date: /home/pyy/irc/install/msgs/include/msgs/msgs/msg/detail/ball_result__rosidl_typesupport_fastrtps_cpp.hpp
-- Up-to-date: /home/pyy/irc/install/msgs/include/msgs/msgs/msg/rosidl_typesupport_fastrtps_cpp__visibility_control.h
-- Up-to-date: /home/pyy/irc/install/msgs/lib/libmsgs__rosidl_typesupport_fastrtps_cpp.so
-- Up-to-date: /home/pyy/irc/install/msgs/include/msgs/msgs
-- Up-to-date: /home/pyy/irc/install/msgs/include/msgs/msgs/msg
-- Up-to-date: /home/pyy/irc/install/msgs/include/msgs/msgs/msg/detail
-- Up-to-date: /home/pyy/irc/install/msgs/include/msgs/msgs/msg/detail/ball_result__rosidl_typesupport_introspection_cpp.hpp
-- Up-to-date: /home/pyy/irc/install/msgs/include/msgs/msgs/msg/detail/motion_end__type_support.cpp
-- Up-to-date: /home/pyy/irc/install/msgs/include/msgs/msgs/msg/detail/hurdle_result__rosidl_typesupport_introspection_cpp.hpp
-- Up-to-date: /home/pyy/irc/install/msgs/include/msgs/msgs/msg/detail/line_result__type_support.cpp
-- Up-to-date: /home/pyy/irc/install/msgs/include/msgs/msgs/msg/detail/motion_command__type_support.cpp
-- Up-to-date: /home/pyy/irc/install/msgs/include/msgs/msgs/msg/detail/motion_command__rosidl_typesupport_introspection_cpp.hpp
-- Up-to-date: /home/pyy/irc/install/msgs/include/msgs/msgs/msg/detail/line_result__rosidl_typesupport_introspection_cpp.hpp
-- Up-to-date: /home/pyy/irc/install/msgs/include/msgs/msgs/msg/detail/hurdle_result__type_support.cpp
-- Up-to-date: /home/pyy/irc/install/msgs/include/msgs/msgs/msg/detail/ball_result__type_support.cpp
-- Up-to-date: /home/pyy/irc/install/msgs/include/msgs/msgs/msg/detail/motion_end__rosidl_typesupport_introspection_cpp.hpp
-- Up-to-date: /home/pyy/irc/install/msgs/lib/libmsgs__rosidl_typesupport_introspection_cpp.so
-- Up-to-date: /home/pyy/irc/install/msgs/lib/libmsgs__rosidl_typesupport_cpp.so
-- Up-to-date: /home/pyy/irc/install/msgs/share/msgs/environment/pythonpath.sh
-- Up-to-date: /home/pyy/irc/install/msgs/share/msgs/environment/pythonpath.dsv
-- Up-to-date: /home/pyy/irc/install/msgs/local/lib/python3.10/dist-packages/msgs-0.0.0-py3.10.egg-info
-- Installing: /home/pyy/irc/install/msgs/local/lib/python3.10/dist-packages/msgs-0.0.0-py3.10.egg-info/SOURCES.txt
-- Installing: /home/pyy/irc/install/msgs/local/lib/python3.10/dist-packages/msgs-0.0.0-py3.10.egg-info/dependency_links.txt
-- Installing: /home/pyy/irc/install/msgs/local/lib/python3.10/dist-packages/msgs-0.0.0-py3.10.egg-info/PKG-INFO
-- Installing: /home/pyy/irc/install/msgs/local/lib/python3.10/dist-packages/msgs-0.0.0-py3.10.egg-info/top_level.txt
-- Up-to-date: /home/pyy/irc/install/msgs/local/lib/python3.10/dist-packages/msgs
-- Up-to-date: /home/pyy/irc/install/msgs/local/lib/python3.10/dist-packages/msgs/_msgs_s.ep.rosidl_typesupport_c.c
-- Up-to-date: /home/pyy/irc/install/msgs/local/lib/python3.10/dist-packages/msgs/msgs_s__rosidl_typesupport_introspection_c.cpython-310-x86_64-linux-gnu.so
-- Up-to-date: /home/pyy/irc/install/msgs/local/lib/python3.10/dist-packages/msgs/msg
-- Up-to-date: /home/pyy/irc/install/msgs/local/lib/python3.10/dist-packages/msgs/msg/_motion_command_s.c
-- Up-to-date: /home/pyy/irc/install/msgs/local/lib/python3.10/dist-packages/msgs/msg/_line_result_s.c
-- Up-to-date: /home/pyy/irc/install/msgs/local/lib/python3.10/dist-packages/msgs/msg/_motion_end_s.c
-- Up-to-date: /home/pyy/irc/install/msgs/local/lib/python3.10/dist-packages/msgs/msg/_hurdle_result_s.c
-- Up-to-date: /home/pyy/irc/install/msgs/local/lib/python3.10/dist-packages/msgs/msg/_ball_result.py
-- Up-to-date: /home/pyy/irc/install/msgs/local/lib/python3.10/dist-packages/msgs/msg/_motion_command.py
-- Up-to-date: /home/pyy/irc/install/msgs/local/lib/python3.10/dist-packages/msgs/msg/_ball_result_s.c
-- Up-to-date: /home/pyy/irc/install/msgs/local/lib/python3.10/dist-packages/msgs/msg/_hurdle_result.py
-- Up-to-date: /home/pyy/irc/install/msgs/local/lib/python3.10/dist-packages/msgs/msg/_line_result.py
-- Up-to-date: /home/pyy/irc/install/msgs/local/lib/python3.10/dist-packages/msgs/msg/_motion_end.py
-- Up-to-date: /home/pyy/irc/install/msgs/local/lib/python3.10/dist-packages/msgs/msg/__init__.py
-- Up-to-date: /home/pyy/irc/install/msgs/local/lib/python3.10/dist-packages/msgs/_msgs_s.ep.rosidl_typesupport_fastrtps_c.c
-- Up-to-date: /home/pyy/irc/install/msgs/local/lib/python3.10/dist-packages/msgs/_msgs_s.ep.rosidl_typesupport_introspection_c.c
-- Up-to-date: /home/pyy/irc/install/msgs/local/lib/python3.10/dist-packages/msgs/msgs_s__rosidl_typesupport_fastrtps_c.cpython-310-x86_64-linux-gnu.so
-- Up-to-date: /home/pyy/irc/install/msgs/local/lib/python3.10/dist-packages/msgs/msgs_s__rosidl_typesupport_c.cpython-310-x86_64-linux-gnu.so
-- Up-to-date: /home/pyy/irc/install/msgs/local/lib/python3.10/dist-packages/msgs/__init__.py
-- Up-to-date: /home/pyy/irc/install/msgs/local/lib/python3.10/dist-packages/msgs/libmsgs__rosidl_generator_py.so
Listing '/home/pyy/irc/install/msgs/local/lib/python3.10/dist-packages/msgs'...
Listing '/home/pyy/irc/install/msgs/local/lib/python3.10/dist-packages/msgs/msg'...
-- Up-to-date: /home/pyy/irc/install/msgs/local/lib/python3.10/dist-packages/msgs/msgs_s__rosidl_typesupport_fastrtps_c.cpython-310-x86_64-linux-gnu.so
-- Up-to-date: /home/pyy/irc/install/msgs/local/lib/python3.10/dist-packages/msgs/msgs_s__rosidl_typesupport_introspection_c.cpython-310-x86_64-linux-gnu.so
-- Up-to-date: /home/pyy/irc/install/msgs/local/lib/python3.10/dist-packages/msgs/msgs_s__rosidl_typesupport_c.cpython-310-x86_64-linux-gnu.so
-- Up-to-date: /home/pyy/irc/install/msgs/lib/libmsgs__rosidl_generator_py.so
-- Up-to-date: /home/pyy/irc/install/msgs/share/msgs/msg/LineResult.idl
-- Up-to-date: /home/pyy/irc/install/msgs/share/msgs/msg/BallResult.idl
-- Up-to-date: /home/pyy/irc/install/msgs/share/msgs/msg/HurdleResult.idl
-- Up-to-date: /home/pyy/irc/install/msgs/share/msgs/msg/MotionEnd.idl
-- Up-to-date: /home/pyy/irc/install/msgs/share/msgs/msg/MotionCommand.idl
-- Up-to-date: /home/pyy/irc/install/msgs/share/msgs/msg/LineResult.msg
-- Up-to-date: /home/pyy/irc/install/msgs/share/msgs/msg/BallResult.msg
-- Up-to-date: /home/pyy/irc/install/msgs/share/msgs/msg/HurdleResult.msg
-- Up-to-date: /home/pyy/irc/install/msgs/share/msgs/msg/MotionEnd.msg
-- Up-to-date: /home/pyy/irc/install/msgs/share/msgs/msg/MotionCommand.msg
-- Up-to-date: /home/pyy/irc/install/msgs/share/ament_index/resource_index/package_run_dependencies/msgs
-- Up-to-date: /home/pyy/irc/install/msgs/share/ament_index/resource_index/parent_prefix_path/msgs
-- Up-to-date: /home/pyy/irc/install/msgs/share/msgs/environment/ament_prefix_path.sh
-- Up-to-date: /home/pyy/irc/install/msgs/share/msgs/environment/ament_prefix_path.dsv
-- Up-to-date: /home/pyy/irc/install/msgs/share/msgs/environment/path.sh
-- Up-to-date: /home/pyy/irc/install/msgs/share/msgs/environment/path.dsv
-- Up-to-date: /home/pyy/irc/install/msgs/share/msgs/local_setup.bash
-- Up-to-date: /home/pyy/irc/install/msgs/share/msgs/local_setup.sh
-- Up-to-date: /home/pyy/irc/install/msgs/share/msgs/local_setup.zsh
-- Up-to-date: /home/pyy/irc/install/msgs/share/msgs/local_setup.dsv
-- Installing: /home/pyy/irc/install/msgs/share/msgs/package.dsv
-- Up-to-date: /home/pyy/irc/install/msgs/share/ament_index/resource_index/packages/msgs
-- Up-to-date: /home/pyy/irc/install/msgs/share/msgs/cmake/export_msgs__rosidl_generator_cExport.cmake
-- Up-to-date: /home/pyy/irc/install/msgs/share/msgs/cmake/export_msgs__rosidl_generator_cExport-noconfig.cmake
-- Up-to-date: /home/pyy/irc/install/msgs/share/msgs/cmake/export_msgs__rosidl_typesupport_fastrtps_cExport.cmake
-- Up-to-date: /home/pyy/irc/install/msgs/share/msgs/cmake/export_msgs__rosidl_typesupport_fastrtps_cExport-noconfig.cmake
-- Up-to-date: /home/pyy/irc/install/msgs/share/msgs/cmake/msgs__rosidl_typesupport_introspection_cExport.cmake
-- Up-to-date: /home/pyy/irc/install/msgs/share/msgs/cmake/msgs__rosidl_typesupport_introspection_cExport-noconfig.cmake
-- Up-to-date: /home/pyy/irc/install/msgs/share/msgs/cmake/msgs__rosidl_typesupport_cExport.cmake
-- Up-to-date: /home/pyy/irc/install/msgs/share/msgs/cmake/msgs__rosidl_typesupport_cExport-noconfig.cmake
-- Up-to-date: /home/pyy/irc/install/msgs/share/msgs/cmake/export_msgs__rosidl_generator_cppExport.cmake
-- Up-to-date: /home/pyy/irc/install/msgs/share/msgs/cmake/export_msgs__rosidl_typesupport_fastrtps_cppExport.cmake
-- Up-to-date: /home/pyy/irc/install/msgs/share/msgs/cmake/export_msgs__rosidl_typesupport_fastrtps_cppExport-noconfig.cmake
-- Up-to-date: /home/pyy/irc/install/msgs/share/msgs/cmake/msgs__rosidl_typesupport_introspection_cppExport.cmake
-- Up-to-date: /home/pyy/irc/install/msgs/share/msgs/cmake/msgs__rosidl_typesupport_introspection_cppExport-noconfig.cmake
-- Up-to-date: /home/pyy/irc/install/msgs/share/msgs/cmake/msgs__rosidl_typesupport_cppExport.cmake
-- Up-to-date: /home/pyy/irc/install/msgs/share/msgs/cmake/msgs__rosidl_typesupport_cppExport-noconfig.cmake
-- Up-to-date: /home/pyy/irc/install/msgs/share/msgs/cmake/export_msgs__rosidl_generator_pyExport.cmake
-- Up-to-date: /home/pyy/irc/install/msgs/share/msgs/cmake/export_msgs__rosidl_generator_pyExport-noconfig.cmake
-- Up-to-date: /home/pyy/irc/install/msgs/share/msgs/cmake/rosidl_cmake-extras.cmake
-- Up-to-date: /home/pyy/irc/install/msgs/share/msgs/cmake/ament_cmake_export_dependencies-extras.cmake
-- Up-to-date: /home/pyy/irc/install/msgs/share/msgs/cmake/ament_cmake_export_include_directories-extras.cmake
-- Up-to-date: /home/pyy/irc/install/msgs/share/msgs/cmake/ament_cmake_export_libraries-extras.cmake
-- Up-to-date: /home/pyy/irc/install/msgs/share/msgs/cmake/ament_cmake_export_targets-extras.cmake
-- Up-to-date: /home/pyy/irc/install/msgs/share/msgs/cmake/rosidl_cmake_export_typesupport_targets-extras.cmake
-- Up-to-date: /home/pyy/irc/install/msgs/share/msgs/cmake/rosidl_cmake_export_typesupport_libraries-extras.cmake
-- Up-to-date: /home/pyy/irc/install/msgs/share/msgs/cmake/msgsConfig.cmake
-- Up-to-date: /home/pyy/irc/install/msgs/share/msgs/cmake/msgsConfig-version.cmake
-- Up-to-date: /home/pyy/irc/install/msgs/share/msgs/package.xml
