[0.014s] Invoking command in '/home/pyy/irc/build/msgs': CMAKE_PREFIX_PATH=${CMAKE_PREFIX_PATH}:/home/pyy/irc/install/robot_bringup:/home/pyy/irc/install/decision:/home/pyy/ros2_ws/install/my_python_pkg:/opt/ros/humble /usr/bin/cmake --build /home/pyy/irc/build/msgs -- -j8 -l8
[0.246s] [  1%] Built target msgs__cpp
[0.255s] [35m[1mConsolidate compiler generated dependencies of target msgs__rosidl_generator_c[0m
[0.278s] [  1%] Built target ament_cmake_python_copy_msgs
[0.286s] [35m[1mConsolidate compiler generated dependencies of target msgs__rosidl_typesupport_cpp[0m
[0.295s] [35m[1mConsolidate compiler generated dependencies of target msgs__rosidl_typesupport_fastrtps_cpp[0m
[0.296s] [35m[1mConsolidate compiler generated dependencies of target msgs__rosidl_typesupport_introspection_cpp[0m
[0.322s] [ 12%] Built target msgs__rosidl_generator_c
[0.328s] [ 26%] Built target msgs__rosidl_typesupport_introspection_cpp
[0.328s] [ 34%] Built target msgs__rosidl_typesupport_cpp
[0.331s] [ 46%] Built target msgs__rosidl_typesupport_fastrtps_cpp
[0.376s] [35m[1mConsolidate compiler generated dependencies of target msgs__rosidl_typesupport_c[0m
[0.376s] [35m[1mConsolidate compiler generated dependencies of target msgs__rosidl_typesupport_introspection_c[0m
[0.380s] [35m[1mConsolidate compiler generated dependencies of target msgs__rosidl_typesupport_fastrtps_c[0m
[0.392s] [ 57%] Built target msgs__rosidl_typesupport_introspection_c
[0.393s] [ 68%] Built target msgs__rosidl_typesupport_c
[0.404s] [ 79%] Built target msgs__rosidl_typesupport_fastrtps_c
[0.430s] [ 79%] Built target msgs
[0.477s] [ 80%] Built target msgs__py
[0.524s] [35m[1mConsolidate compiler generated dependencies of target msgs__rosidl_generator_py[0m
[0.570s] [ 90%] Built target msgs__rosidl_generator_py
[0.620s] [35m[1mConsolidate compiler generated dependencies of target msgs__rosidl_typesupport_fastrtps_c__pyext[0m
[0.621s] [35m[1mConsolidate compiler generated dependencies of target msgs__rosidl_typesupport_c__pyext[0m
[0.633s] [35m[1mConsolidate compiler generated dependencies of target msgs__rosidl_typesupport_introspection_c__pyext[0m
[0.636s] [ 93%] Built target msgs__rosidl_typesupport_fastrtps_c__pyext
[0.636s] [ 96%] Built target msgs__rosidl_typesupport_c__pyext
[0.646s] [100%] Built target msgs__rosidl_typesupport_introspection_c__pyext
[0.646s] running egg_info
[0.648s] writing msgs.egg-info/PKG-INFO
[0.648s] writing dependency_links to msgs.egg-info/dependency_links.txt
[0.649s] writing top-level names to msgs.egg-info/top_level.txt
[0.653s] reading manifest file 'msgs.egg-info/SOURCES.txt'
[0.654s] writing manifest file 'msgs.egg-info/SOURCES.txt'
[0.693s] [100%] Built target ament_cmake_python_build_msgs_egg
[0.707s] Invoked command in '/home/pyy/irc/build/msgs' returned '0': CMAKE_PREFIX_PATH=${CMAKE_PREFIX_PATH}:/home/pyy/irc/install/robot_bringup:/home/pyy/irc/install/decision:/home/pyy/ros2_ws/install/my_python_pkg:/opt/ros/humble /usr/bin/cmake --build /home/pyy/irc/build/msgs -- -j8 -l8
[0.719s] Invoking command in '/home/pyy/irc/build/msgs': CMAKE_PREFIX_PATH=${CMAKE_PREFIX_PATH}:/home/pyy/irc/install/robot_bringup:/home/pyy/irc/install/decision:/home/pyy/ros2_ws/install/my_python_pkg:/opt/ros/humble /usr/bin/cmake --install /home/pyy/irc/build/msgs
[0.739s] -- Install configuration: ""
[0.749s] -- Up-to-date: /home/pyy/irc/install/msgs/share/ament_index/resource_index/rosidl_interfaces/msgs
[0.749s] -- Up-to-date: /home/pyy/irc/install/msgs/include/msgs/msgs
[0.749s] -- Up-to-date: /home/pyy/irc/install/msgs/include/msgs/msgs/msg
[0.749s] -- Up-to-date: /home/pyy/irc/install/msgs/include/msgs/msgs/msg/ball_result.h
[0.749s] -- Up-to-date: /home/pyy/irc/install/msgs/include/msgs/msgs/msg/motion_end.h
[0.749s] -- Up-to-date: /home/pyy/irc/install/msgs/include/msgs/msgs/msg/rosidl_generator_c__visibility_control.h
[0.749s] -- Up-to-date: /home/pyy/irc/install/msgs/include/msgs/msgs/msg/line_result.h
[0.749s] -- Up-to-date: /home/pyy/irc/install/msgs/include/msgs/msgs/msg/detail
[0.749s] -- Up-to-date: /home/pyy/irc/install/msgs/include/msgs/msgs/msg/detail/motion_command__functions.h
[0.749s] -- Up-to-date: /home/pyy/irc/install/msgs/include/msgs/msgs/msg/detail/motion_command__struct.h
[0.749s] -- Up-to-date: /home/pyy/irc/install/msgs/include/msgs/msgs/msg/detail/hurdle_result__functions.h
[0.750s] -- Up-to-date: /home/pyy/irc/install/msgs/include/msgs/msgs/msg/detail/motion_end__functions.h
[0.750s] -- Up-to-date: /home/pyy/irc/install/msgs/include/msgs/msgs/msg/detail/hurdle_result__type_support.h
[0.750s] -- Up-to-date: /home/pyy/irc/install/msgs/include/msgs/msgs/msg/detail/line_result__type_support.h
[0.750s] -- Up-to-date: /home/pyy/irc/install/msgs/include/msgs/msgs/msg/detail/ball_result__type_support.h
[0.750s] -- Up-to-date: /home/pyy/irc/install/msgs/include/msgs/msgs/msg/detail/hurdle_result__struct.h
[0.750s] -- Up-to-date: /home/pyy/irc/install/msgs/include/msgs/msgs/msg/detail/line_result__struct.h
[0.750s] -- Up-to-date: /home/pyy/irc/install/msgs/include/msgs/msgs/msg/detail/ball_result__functions.h
[0.750s] -- Up-to-date: /home/pyy/irc/install/msgs/include/msgs/msgs/msg/detail/motion_command__type_support.h
[0.750s] -- Up-to-date: /home/pyy/irc/install/msgs/include/msgs/msgs/msg/detail/motion_end__struct.h
[0.750s] -- Up-to-date: /home/pyy/irc/install/msgs/include/msgs/msgs/msg/detail/ball_result__functions.c
[0.751s] -- Up-to-date: /home/pyy/irc/install/msgs/include/msgs/msgs/msg/detail/line_result__functions.c
[0.751s] -- Up-to-date: /home/pyy/irc/install/msgs/include/msgs/msgs/msg/detail/motion_end__functions.c
[0.751s] -- Up-to-date: /home/pyy/irc/install/msgs/include/msgs/msgs/msg/detail/hurdle_result__functions.c
[0.751s] -- Up-to-date: /home/pyy/irc/install/msgs/include/msgs/msgs/msg/detail/motion_command__functions.c
[0.751s] -- Up-to-date: /home/pyy/irc/install/msgs/include/msgs/msgs/msg/detail/motion_end__type_support.h
[0.751s] -- Up-to-date: /home/pyy/irc/install/msgs/include/msgs/msgs/msg/detail/ball_result__struct.h
[0.751s] -- Up-to-date: /home/pyy/irc/install/msgs/include/msgs/msgs/msg/detail/line_result__functions.h
[0.751s] -- Up-to-date: /home/pyy/irc/install/msgs/include/msgs/msgs/msg/motion_command.h
[0.751s] -- Up-to-date: /home/pyy/irc/install/msgs/include/msgs/msgs/msg/hurdle_result.h
[0.751s] -- Up-to-date: /home/pyy/irc/install/msgs/share/msgs/environment/library_path.sh
[0.751s] -- Up-to-date: /home/pyy/irc/install/msgs/share/msgs/environment/library_path.dsv
[0.753s] -- Up-to-date: /home/pyy/irc/install/msgs/lib/libmsgs__rosidl_generator_c.so
[0.753s] -- Up-to-date: /home/pyy/irc/install/msgs/include/msgs/msgs
[0.754s] -- Up-to-date: /home/pyy/irc/install/msgs/include/msgs/msgs/msg
[0.754s] -- Up-to-date: /home/pyy/irc/install/msgs/include/msgs/msgs/msg/rosidl_typesupport_fastrtps_c__visibility_control.h
[0.754s] -- Up-to-date: /home/pyy/irc/install/msgs/include/msgs/msgs/msg/detail
[0.755s] -- Up-to-date: /home/pyy/irc/install/msgs/include/msgs/msgs/msg/detail/line_result__rosidl_typesupport_fastrtps_c.h
[0.755s] -- Up-to-date: /home/pyy/irc/install/msgs/include/msgs/msgs/msg/detail/ball_result__rosidl_typesupport_fastrtps_c.h
[0.756s] -- Up-to-date: /home/pyy/irc/install/msgs/include/msgs/msgs/msg/detail/motion_end__rosidl_typesupport_fastrtps_c.h
[0.756s] -- Up-to-date: /home/pyy/irc/install/msgs/include/msgs/msgs/msg/detail/motion_command__rosidl_typesupport_fastrtps_c.h
[0.756s] -- Up-to-date: /home/pyy/irc/install/msgs/include/msgs/msgs/msg/detail/hurdle_result__rosidl_typesupport_fastrtps_c.h
[0.756s] -- Up-to-date: /home/pyy/irc/install/msgs/lib/libmsgs__rosidl_typesupport_fastrtps_c.so
[0.756s] -- Up-to-date: /home/pyy/irc/install/msgs/include/msgs/msgs
[0.756s] -- Up-to-date: /home/pyy/irc/install/msgs/include/msgs/msgs/msg
[0.756s] -- Up-to-date: /home/pyy/irc/install/msgs/include/msgs/msgs/msg/detail
[0.756s] -- Up-to-date: /home/pyy/irc/install/msgs/include/msgs/msgs/msg/detail/line_result__type_support.c
[0.756s] -- Up-to-date: /home/pyy/irc/install/msgs/include/msgs/msgs/msg/detail/ball_result__type_support.c
[0.757s] -- Up-to-date: /home/pyy/irc/install/msgs/include/msgs/msgs/msg/detail/motion_end__rosidl_typesupport_introspection_c.h
[0.757s] -- Up-to-date: /home/pyy/irc/install/msgs/include/msgs/msgs/msg/detail/line_result__rosidl_typesupport_introspection_c.h
[0.757s] -- Up-to-date: /home/pyy/irc/install/msgs/include/msgs/msgs/msg/detail/motion_end__type_support.c
[0.757s] -- Up-to-date: /home/pyy/irc/install/msgs/include/msgs/msgs/msg/detail/hurdle_result__rosidl_typesupport_introspection_c.h
[0.757s] -- Up-to-date: /home/pyy/irc/install/msgs/include/msgs/msgs/msg/detail/motion_command__rosidl_typesupport_introspection_c.h
[0.757s] -- Up-to-date: /home/pyy/irc/install/msgs/include/msgs/msgs/msg/detail/ball_result__rosidl_typesupport_introspection_c.h
[0.757s] -- Up-to-date: /home/pyy/irc/install/msgs/include/msgs/msgs/msg/detail/motion_command__type_support.c
[0.757s] -- Up-to-date: /home/pyy/irc/install/msgs/include/msgs/msgs/msg/detail/hurdle_result__type_support.c
[0.757s] -- Up-to-date: /home/pyy/irc/install/msgs/include/msgs/msgs/msg/rosidl_typesupport_introspection_c__visibility_control.h
[0.758s] -- Up-to-date: /home/pyy/irc/install/msgs/lib/libmsgs__rosidl_typesupport_introspection_c.so
[0.758s] -- Up-to-date: /home/pyy/irc/install/msgs/lib/libmsgs__rosidl_typesupport_c.so
[0.758s] -- Up-to-date: /home/pyy/irc/install/msgs/include/msgs/msgs
[0.758s] -- Up-to-date: /home/pyy/irc/install/msgs/include/msgs/msgs/msg
[0.758s] -- Up-to-date: /home/pyy/irc/install/msgs/include/msgs/msgs/msg/rosidl_generator_cpp__visibility_control.hpp
[0.758s] -- Up-to-date: /home/pyy/irc/install/msgs/include/msgs/msgs/msg/ball_result.hpp
[0.758s] -- Up-to-date: /home/pyy/irc/install/msgs/include/msgs/msgs/msg/motion_command.hpp
[0.758s] -- Up-to-date: /home/pyy/irc/install/msgs/include/msgs/msgs/msg/motion_end.hpp
[0.758s] -- Up-to-date: /home/pyy/irc/install/msgs/include/msgs/msgs/msg/hurdle_result.hpp
[0.758s] -- Up-to-date: /home/pyy/irc/install/msgs/include/msgs/msgs/msg/detail
[0.758s] -- Up-to-date: /home/pyy/irc/install/msgs/include/msgs/msgs/msg/detail/hurdle_result__traits.hpp
[0.759s] -- Up-to-date: /home/pyy/irc/install/msgs/include/msgs/msgs/msg/detail/ball_result__struct.hpp
[0.759s] -- Up-to-date: /home/pyy/irc/install/msgs/include/msgs/msgs/msg/detail/motion_end__struct.hpp
[0.759s] -- Up-to-date: /home/pyy/irc/install/msgs/include/msgs/msgs/msg/detail/hurdle_result__struct.hpp
[0.759s] -- Up-to-date: /home/pyy/irc/install/msgs/include/msgs/msgs/msg/detail/line_result__traits.hpp
[0.759s] -- Up-to-date: /home/pyy/irc/install/msgs/include/msgs/msgs/msg/detail/line_result__type_support.hpp
[0.759s] -- Up-to-date: /home/pyy/irc/install/msgs/include/msgs/msgs/msg/detail/motion_command__struct.hpp
[0.759s] -- Up-to-date: /home/pyy/irc/install/msgs/include/msgs/msgs/msg/detail/ball_result__builder.hpp
[0.759s] -- Up-to-date: /home/pyy/irc/install/msgs/include/msgs/msgs/msg/detail/hurdle_result__type_support.hpp
[0.759s] -- Up-to-date: /home/pyy/irc/install/msgs/include/msgs/msgs/msg/detail/ball_result__traits.hpp
[0.759s] -- Up-to-date: /home/pyy/irc/install/msgs/include/msgs/msgs/msg/detail/motion_end__type_support.hpp
[0.760s] -- Up-to-date: /home/pyy/irc/install/msgs/include/msgs/msgs/msg/detail/motion_end__traits.hpp
[0.760s] -- Up-to-date: /home/pyy/irc/install/msgs/include/msgs/msgs/msg/detail/motion_command__builder.hpp
[0.760s] -- Up-to-date: /home/pyy/irc/install/msgs/include/msgs/msgs/msg/detail/ball_result__type_support.hpp
[0.760s] -- Up-to-date: /home/pyy/irc/install/msgs/include/msgs/msgs/msg/detail/line_result__builder.hpp
[0.760s] -- Up-to-date: /home/pyy/irc/install/msgs/include/msgs/msgs/msg/detail/motion_command__traits.hpp
[0.760s] -- Up-to-date: /home/pyy/irc/install/msgs/include/msgs/msgs/msg/detail/hurdle_result__builder.hpp
[0.760s] -- Up-to-date: /home/pyy/irc/install/msgs/include/msgs/msgs/msg/detail/motion_end__builder.hpp
[0.760s] -- Up-to-date: /home/pyy/irc/install/msgs/include/msgs/msgs/msg/detail/motion_command__type_support.hpp
[0.760s] -- Up-to-date: /home/pyy/irc/install/msgs/include/msgs/msgs/msg/detail/line_result__struct.hpp
[0.760s] -- Up-to-date: /home/pyy/irc/install/msgs/include/msgs/msgs/msg/line_result.hpp
[0.760s] -- Up-to-date: /home/pyy/irc/install/msgs/include/msgs/msgs
[0.761s] -- Up-to-date: /home/pyy/irc/install/msgs/include/msgs/msgs/msg
[0.761s] -- Up-to-date: /home/pyy/irc/install/msgs/include/msgs/msgs/msg/detail
[0.761s] -- Up-to-date: /home/pyy/irc/install/msgs/include/msgs/msgs/msg/detail/dds_fastrtps
[0.761s] -- Up-to-date: /home/pyy/irc/install/msgs/include/msgs/msgs/msg/detail/line_result__rosidl_typesupport_fastrtps_cpp.hpp
[0.761s] -- Up-to-date: /home/pyy/irc/install/msgs/include/msgs/msgs/msg/detail/motion_end__rosidl_typesupport_fastrtps_cpp.hpp
[0.761s] -- Up-to-date: /home/pyy/irc/install/msgs/include/msgs/msgs/msg/detail/hurdle_result__rosidl_typesupport_fastrtps_cpp.hpp
[0.761s] -- Up-to-date: /home/pyy/irc/install/msgs/include/msgs/msgs/msg/detail/motion_command__rosidl_typesupport_fastrtps_cpp.hpp
[0.761s] -- Up-to-date: /home/pyy/irc/install/msgs/include/msgs/msgs/msg/detail/ball_result__rosidl_typesupport_fastrtps_cpp.hpp
[0.761s] -- Up-to-date: /home/pyy/irc/install/msgs/include/msgs/msgs/msg/rosidl_typesupport_fastrtps_cpp__visibility_control.h
[0.770s] -- Up-to-date: /home/pyy/irc/install/msgs/lib/libmsgs__rosidl_typesupport_fastrtps_cpp.so
[0.770s] -- Up-to-date: /home/pyy/irc/install/msgs/include/msgs/msgs
[0.770s] -- Up-to-date: /home/pyy/irc/install/msgs/include/msgs/msgs/msg
[0.770s] -- Up-to-date: /home/pyy/irc/install/msgs/include/msgs/msgs/msg/detail
[0.770s] -- Up-to-date: /home/pyy/irc/install/msgs/include/msgs/msgs/msg/detail/ball_result__rosidl_typesupport_introspection_cpp.hpp
[0.770s] -- Up-to-date: /home/pyy/irc/install/msgs/include/msgs/msgs/msg/detail/motion_end__type_support.cpp
[0.771s] -- Up-to-date: /home/pyy/irc/install/msgs/include/msgs/msgs/msg/detail/hurdle_result__rosidl_typesupport_introspection_cpp.hpp
[0.771s] -- Up-to-date: /home/pyy/irc/install/msgs/include/msgs/msgs/msg/detail/line_result__type_support.cpp
[0.771s] -- Up-to-date: /home/pyy/irc/install/msgs/include/msgs/msgs/msg/detail/motion_command__type_support.cpp
[0.771s] -- Up-to-date: /home/pyy/irc/install/msgs/include/msgs/msgs/msg/detail/motion_command__rosidl_typesupport_introspection_cpp.hpp
[0.771s] -- Up-to-date: /home/pyy/irc/install/msgs/include/msgs/msgs/msg/detail/line_result__rosidl_typesupport_introspection_cpp.hpp
[0.771s] -- Up-to-date: /home/pyy/irc/install/msgs/include/msgs/msgs/msg/detail/hurdle_result__type_support.cpp
[0.771s] -- Up-to-date: /home/pyy/irc/install/msgs/include/msgs/msgs/msg/detail/ball_result__type_support.cpp
[0.771s] -- Up-to-date: /home/pyy/irc/install/msgs/include/msgs/msgs/msg/detail/motion_end__rosidl_typesupport_introspection_cpp.hpp
[0.772s] -- Up-to-date: /home/pyy/irc/install/msgs/lib/libmsgs__rosidl_typesupport_introspection_cpp.so
[0.772s] -- Up-to-date: /home/pyy/irc/install/msgs/lib/libmsgs__rosidl_typesupport_cpp.so
[0.772s] -- Up-to-date: /home/pyy/irc/install/msgs/share/msgs/environment/pythonpath.sh
[0.772s] -- Up-to-date: /home/pyy/irc/install/msgs/share/msgs/environment/pythonpath.dsv
[0.772s] -- Up-to-date: /home/pyy/irc/install/msgs/local/lib/python3.10/dist-packages/msgs-0.0.0-py3.10.egg-info
[0.776s] -- Installing: /home/pyy/irc/install/msgs/local/lib/python3.10/dist-packages/msgs-0.0.0-py3.10.egg-info/SOURCES.txt
[0.776s] -- Installing: /home/pyy/irc/install/msgs/local/lib/python3.10/dist-packages/msgs-0.0.0-py3.10.egg-info/dependency_links.txt
[0.776s] -- Installing: /home/pyy/irc/install/msgs/local/lib/python3.10/dist-packages/msgs-0.0.0-py3.10.egg-info/PKG-INFO
[0.776s] -- Installing: /home/pyy/irc/install/msgs/local/lib/python3.10/dist-packages/msgs-0.0.0-py3.10.egg-info/top_level.txt
[0.776s] -- Up-to-date: /home/pyy/irc/install/msgs/local/lib/python3.10/dist-packages/msgs
[0.776s] -- Up-to-date: /home/pyy/irc/install/msgs/local/lib/python3.10/dist-packages/msgs/_msgs_s.ep.rosidl_typesupport_c.c
[0.776s] -- Up-to-date: /home/pyy/irc/install/msgs/local/lib/python3.10/dist-packages/msgs/msgs_s__rosidl_typesupport_introspection_c.cpython-310-x86_64-linux-gnu.so
[0.776s] -- Up-to-date: /home/pyy/irc/install/msgs/local/lib/python3.10/dist-packages/msgs/msg
[0.777s] -- Up-to-date: /home/pyy/irc/install/msgs/local/lib/python3.10/dist-packages/msgs/msg/_motion_command_s.c
[0.777s] -- Up-to-date: /home/pyy/irc/install/msgs/local/lib/python3.10/dist-packages/msgs/msg/_line_result_s.c
[0.777s] -- Up-to-date: /home/pyy/irc/install/msgs/local/lib/python3.10/dist-packages/msgs/msg/_motion_end_s.c
[0.777s] -- Up-to-date: /home/pyy/irc/install/msgs/local/lib/python3.10/dist-packages/msgs/msg/_hurdle_result_s.c
[0.777s] -- Up-to-date: /home/pyy/irc/install/msgs/local/lib/python3.10/dist-packages/msgs/msg/_ball_result.py
[0.777s] -- Up-to-date: /home/pyy/irc/install/msgs/local/lib/python3.10/dist-packages/msgs/msg/_motion_command.py
[0.777s] -- Up-to-date: /home/pyy/irc/install/msgs/local/lib/python3.10/dist-packages/msgs/msg/_ball_result_s.c
[0.777s] -- Up-to-date: /home/pyy/irc/install/msgs/local/lib/python3.10/dist-packages/msgs/msg/_hurdle_result.py
[0.777s] -- Up-to-date: /home/pyy/irc/install/msgs/local/lib/python3.10/dist-packages/msgs/msg/_line_result.py
[0.778s] -- Up-to-date: /home/pyy/irc/install/msgs/local/lib/python3.10/dist-packages/msgs/msg/_motion_end.py
[0.778s] -- Up-to-date: /home/pyy/irc/install/msgs/local/lib/python3.10/dist-packages/msgs/msg/__init__.py
[0.778s] -- Up-to-date: /home/pyy/irc/install/msgs/local/lib/python3.10/dist-packages/msgs/_msgs_s.ep.rosidl_typesupport_fastrtps_c.c
[0.778s] -- Up-to-date: /home/pyy/irc/install/msgs/local/lib/python3.10/dist-packages/msgs/_msgs_s.ep.rosidl_typesupport_introspection_c.c
[0.778s] -- Up-to-date: /home/pyy/irc/install/msgs/local/lib/python3.10/dist-packages/msgs/msgs_s__rosidl_typesupport_fastrtps_c.cpython-310-x86_64-linux-gnu.so
[0.778s] -- Up-to-date: /home/pyy/irc/install/msgs/local/lib/python3.10/dist-packages/msgs/msgs_s__rosidl_typesupport_c.cpython-310-x86_64-linux-gnu.so
[0.778s] -- Up-to-date: /home/pyy/irc/install/msgs/local/lib/python3.10/dist-packages/msgs/__init__.py
[0.778s] -- Up-to-date: /home/pyy/irc/install/msgs/local/lib/python3.10/dist-packages/msgs/libmsgs__rosidl_generator_py.so
[0.857s] Listing '/home/pyy/irc/install/msgs/local/lib/python3.10/dist-packages/msgs'...
[0.857s] Listing '/home/pyy/irc/install/msgs/local/lib/python3.10/dist-packages/msgs/msg'...
[0.863s] -- Up-to-date: /home/pyy/irc/install/msgs/local/lib/python3.10/dist-packages/msgs/msgs_s__rosidl_typesupport_fastrtps_c.cpython-310-x86_64-linux-gnu.so
[0.863s] -- Up-to-date: /home/pyy/irc/install/msgs/local/lib/python3.10/dist-packages/msgs/msgs_s__rosidl_typesupport_introspection_c.cpython-310-x86_64-linux-gnu.so
[0.864s] -- Up-to-date: /home/pyy/irc/install/msgs/local/lib/python3.10/dist-packages/msgs/msgs_s__rosidl_typesupport_c.cpython-310-x86_64-linux-gnu.so
[0.865s] -- Up-to-date: /home/pyy/irc/install/msgs/lib/libmsgs__rosidl_generator_py.so
[0.865s] -- Up-to-date: /home/pyy/irc/install/msgs/share/msgs/msg/LineResult.idl
[0.865s] -- Up-to-date: /home/pyy/irc/install/msgs/share/msgs/msg/BallResult.idl
[0.865s] -- Up-to-date: /home/pyy/irc/install/msgs/share/msgs/msg/HurdleResult.idl
[0.865s] -- Up-to-date: /home/pyy/irc/install/msgs/share/msgs/msg/MotionEnd.idl
[0.865s] -- Up-to-date: /home/pyy/irc/install/msgs/share/msgs/msg/MotionCommand.idl
[0.866s] -- Up-to-date: /home/pyy/irc/install/msgs/share/msgs/msg/LineResult.msg
[0.866s] -- Up-to-date: /home/pyy/irc/install/msgs/share/msgs/msg/BallResult.msg
[0.866s] -- Up-to-date: /home/pyy/irc/install/msgs/share/msgs/msg/HurdleResult.msg
[0.866s] -- Up-to-date: /home/pyy/irc/install/msgs/share/msgs/msg/MotionEnd.msg
[0.866s] -- Up-to-date: /home/pyy/irc/install/msgs/share/msgs/msg/MotionCommand.msg
[0.866s] -- Up-to-date: /home/pyy/irc/install/msgs/share/ament_index/resource_index/package_run_dependencies/msgs
[0.866s] -- Up-to-date: /home/pyy/irc/install/msgs/share/ament_index/resource_index/parent_prefix_path/msgs
[0.866s] -- Up-to-date: /home/pyy/irc/install/msgs/share/msgs/environment/ament_prefix_path.sh
[0.866s] -- Up-to-date: /home/pyy/irc/install/msgs/share/msgs/environment/ament_prefix_path.dsv
[0.867s] -- Up-to-date: /home/pyy/irc/install/msgs/share/msgs/environment/path.sh
[0.867s] -- Up-to-date: /home/pyy/irc/install/msgs/share/msgs/environment/path.dsv
[0.867s] -- Up-to-date: /home/pyy/irc/install/msgs/share/msgs/local_setup.bash
[0.867s] -- Up-to-date: /home/pyy/irc/install/msgs/share/msgs/local_setup.sh
[0.867s] -- Up-to-date: /home/pyy/irc/install/msgs/share/msgs/local_setup.zsh
[0.867s] -- Up-to-date: /home/pyy/irc/install/msgs/share/msgs/local_setup.dsv
[0.867s] -- Installing: /home/pyy/irc/install/msgs/share/msgs/package.dsv
[0.867s] -- Up-to-date: /home/pyy/irc/install/msgs/share/ament_index/resource_index/packages/msgs
[0.867s] -- Up-to-date: /home/pyy/irc/install/msgs/share/msgs/cmake/export_msgs__rosidl_generator_cExport.cmake
[0.867s] -- Up-to-date: /home/pyy/irc/install/msgs/share/msgs/cmake/export_msgs__rosidl_generator_cExport-noconfig.cmake
[0.868s] -- Up-to-date: /home/pyy/irc/install/msgs/share/msgs/cmake/export_msgs__rosidl_typesupport_fastrtps_cExport.cmake
[0.868s] -- Up-to-date: /home/pyy/irc/install/msgs/share/msgs/cmake/export_msgs__rosidl_typesupport_fastrtps_cExport-noconfig.cmake
[0.868s] -- Up-to-date: /home/pyy/irc/install/msgs/share/msgs/cmake/msgs__rosidl_typesupport_introspection_cExport.cmake
[0.868s] -- Up-to-date: /home/pyy/irc/install/msgs/share/msgs/cmake/msgs__rosidl_typesupport_introspection_cExport-noconfig.cmake
[0.868s] -- Up-to-date: /home/pyy/irc/install/msgs/share/msgs/cmake/msgs__rosidl_typesupport_cExport.cmake
[0.868s] -- Up-to-date: /home/pyy/irc/install/msgs/share/msgs/cmake/msgs__rosidl_typesupport_cExport-noconfig.cmake
[0.868s] -- Up-to-date: /home/pyy/irc/install/msgs/share/msgs/cmake/export_msgs__rosidl_generator_cppExport.cmake
[0.868s] -- Up-to-date: /home/pyy/irc/install/msgs/share/msgs/cmake/export_msgs__rosidl_typesupport_fastrtps_cppExport.cmake
[0.868s] -- Up-to-date: /home/pyy/irc/install/msgs/share/msgs/cmake/export_msgs__rosidl_typesupport_fastrtps_cppExport-noconfig.cmake
[0.868s] -- Up-to-date: /home/pyy/irc/install/msgs/share/msgs/cmake/msgs__rosidl_typesupport_introspection_cppExport.cmake
[0.869s] -- Up-to-date: /home/pyy/irc/install/msgs/share/msgs/cmake/msgs__rosidl_typesupport_introspection_cppExport-noconfig.cmake
[0.869s] -- Up-to-date: /home/pyy/irc/install/msgs/share/msgs/cmake/msgs__rosidl_typesupport_cppExport.cmake
[0.869s] -- Up-to-date: /home/pyy/irc/install/msgs/share/msgs/cmake/msgs__rosidl_typesupport_cppExport-noconfig.cmake
[0.869s] -- Up-to-date: /home/pyy/irc/install/msgs/share/msgs/cmake/export_msgs__rosidl_generator_pyExport.cmake
[0.869s] -- Up-to-date: /home/pyy/irc/install/msgs/share/msgs/cmake/export_msgs__rosidl_generator_pyExport-noconfig.cmake
[0.869s] -- Up-to-date: /home/pyy/irc/install/msgs/share/msgs/cmake/rosidl_cmake-extras.cmake
[0.869s] -- Up-to-date: /home/pyy/irc/install/msgs/share/msgs/cmake/ament_cmake_export_dependencies-extras.cmake
[0.869s] -- Up-to-date: /home/pyy/irc/install/msgs/share/msgs/cmake/ament_cmake_export_include_directories-extras.cmake
[0.869s] -- Up-to-date: /home/pyy/irc/install/msgs/share/msgs/cmake/ament_cmake_export_libraries-extras.cmake
[0.869s] -- Up-to-date: /home/pyy/irc/install/msgs/share/msgs/cmake/ament_cmake_export_targets-extras.cmake
[0.870s] -- Up-to-date: /home/pyy/irc/install/msgs/share/msgs/cmake/rosidl_cmake_export_typesupport_targets-extras.cmake
[0.870s] -- Up-to-date: /home/pyy/irc/install/msgs/share/msgs/cmake/rosidl_cmake_export_typesupport_libraries-extras.cmake
[0.870s] -- Up-to-date: /home/pyy/irc/install/msgs/share/msgs/cmake/msgsConfig.cmake
[0.870s] -- Up-to-date: /home/pyy/irc/install/msgs/share/msgs/cmake/msgsConfig-version.cmake
[0.870s] -- Up-to-date: /home/pyy/irc/install/msgs/share/msgs/package.xml
[0.872s] Invoked command in '/home/pyy/irc/build/msgs' returned '0': CMAKE_PREFIX_PATH=${CMAKE_PREFIX_PATH}:/home/pyy/irc/install/robot_bringup:/home/pyy/irc/install/decision:/home/pyy/ros2_ws/install/my_python_pkg:/opt/ros/humble /usr/bin/cmake --install /home/pyy/irc/build/msgs
