[0.021s] Invoking command in '/home/pyy/irc/build/dynamixel_sdk': CMAKE_PREFIX_PATH=${CMAKE_PREFIX_PATH}:/home/pyy/irc/install/decision:/home/pyy/ros2_ws/install/my_python_pkg:/opt/ros/humble /usr/bin/cmake /home/pyy/irc/src/DynamixelSDK/ros/dynamixel_sdk -DAMENT_CMAKE_SYMLINK_INSTALL=1 -DCMAKE_INSTALL_PREFIX=/home/pyy/irc/install/dynamixel_sdk
[0.476s] -- The C compiler identification is GNU 11.4.0
[0.925s] -- The CXX compiler identification is GNU 11.4.0
[0.944s] -- Detecting C compiler ABI info
[1.138s] -- Detecting C compiler ABI info - done
[1.150s] -- Check for working C compiler: /usr/bin/cc - skipped
[1.150s] -- Detecting C compile features
[1.174s] -- Detecting C compile features - done
[1.179s] -- Detecting CXX compiler ABI info
[1.311s] -- Detecting CXX compiler ABI info - done
[1.320s] -- Check for working CXX compiler: /usr/bin/c++ - skipped
[1.321s] -- Detecting CXX compile features
[1.321s] -- Detecting CXX compile features - done
[1.324s] -- Found ament_cmake: 1.3.13 (/opt/ros/humble/share/ament_cmake/cmake)
[1.513s] -- Found Python3: /usr/bin/python3 (found version "3.10.12") found components: Interpreter 
[1.579s] -- Override CMake install command with custom implementation using symlinks instead of copying resources
[1.772s] -- Configuring done
[1.778s] -- Generating done
[1.781s] -- Build files have been written to: /home/pyy/irc/build/dynamixel_sdk
[1.787s] Invoked command in '/home/pyy/irc/build/dynamixel_sdk' returned '0': CMAKE_PREFIX_PATH=${CMAKE_PREFIX_PATH}:/home/pyy/irc/install/decision:/home/pyy/ros2_ws/install/my_python_pkg:/opt/ros/humble /usr/bin/cmake /home/pyy/irc/src/DynamixelSDK/ros/dynamixel_sdk -DAMENT_CMAKE_SYMLINK_INSTALL=1 -DCMAKE_INSTALL_PREFIX=/home/pyy/irc/install/dynamixel_sdk
[1.790s] Invoking command in '/home/pyy/irc/build/dynamixel_sdk': CMAKE_PREFIX_PATH=${CMAKE_PREFIX_PATH}:/home/pyy/irc/install/decision:/home/pyy/ros2_ws/install/my_python_pkg:/opt/ros/humble /usr/bin/cmake --build /home/pyy/irc/build/dynamixel_sdk -- -j8 -l8
[1.845s] [  7%] [32mBuilding CXX object CMakeFiles/dynamixel_sdk.dir/src/dynamixel_sdk/packet_handler.cpp.o[0m
[1.846s] [ 15%] [32mBuilding CXX object CMakeFiles/dynamixel_sdk.dir/src/dynamixel_sdk/protocol2_packet_handler.cpp.o[0m
[1.847s] [ 23%] [32mBuilding CXX object CMakeFiles/dynamixel_sdk.dir/src/dynamixel_sdk/protocol1_packet_handler.cpp.o[0m
[1.851s] [ 38%] [32mBuilding CXX object CMakeFiles/dynamixel_sdk.dir/src/dynamixel_sdk/group_bulk_read.cpp.o[0m
[1.851s] [ 38%] [32mBuilding CXX object CMakeFiles/dynamixel_sdk.dir/src/dynamixel_sdk/group_sync_read.cpp.o[0m
[1.852s] [ 46%] [32mBuilding CXX object CMakeFiles/dynamixel_sdk.dir/src/dynamixel_sdk/group_sync_write.cpp.o[0m
[1.855s] [ 53%] [32mBuilding CXX object CMakeFiles/dynamixel_sdk.dir/src/dynamixel_sdk/group_bulk_write.cpp.o[0m
[1.865s] [ 53%] Built target ament_cmake_python_symlink_dynamixel_sdk
[2.143s] running egg_info
[2.143s] creating dynamixel_sdk.egg-info
[2.144s] writing dynamixel_sdk.egg-info/PKG-INFO
[2.144s] writing dependency_links to dynamixel_sdk.egg-info/dependency_links.txt
[2.144s] writing top-level names to dynamixel_sdk.egg-info/top_level.txt
[2.144s] writing manifest file 'dynamixel_sdk.egg-info/SOURCES.txt'
[2.146s] reading manifest file 'dynamixel_sdk.egg-info/SOURCES.txt'
[2.146s] writing manifest file 'dynamixel_sdk.egg-info/SOURCES.txt'
[2.182s] [ 53%] Built target ament_cmake_python_build_dynamixel_sdk_egg
[2.190s] [ 61%] [32mBuilding CXX object CMakeFiles/dynamixel_sdk.dir/src/dynamixel_sdk/group_fast_bulk_read.cpp.o[0m
[2.510s] [ 69%] [32mBuilding CXX object CMakeFiles/dynamixel_sdk.dir/src/dynamixel_sdk/group_fast_sync_read.cpp.o[0m
[2.665s] [ 76%] [32mBuilding CXX object CMakeFiles/dynamixel_sdk.dir/src/dynamixel_sdk/group_handler.cpp.o[0m
[2.666s] [ 84%] [32mBuilding CXX object CMakeFiles/dynamixel_sdk.dir/src/dynamixel_sdk/port_handler.cpp.o[0m
[2.748s] [ 92%] [32mBuilding CXX object CMakeFiles/dynamixel_sdk.dir/src/dynamixel_sdk/port_handler_linux.cpp.o[0m
[3.114s] [100%] [32m[1mLinking CXX shared library libdynamixel_sdk.so[0m
[3.212s] [100%] Built target dynamixel_sdk
[3.226s] Invoked command in '/home/pyy/irc/build/dynamixel_sdk' returned '0': CMAKE_PREFIX_PATH=${CMAKE_PREFIX_PATH}:/home/pyy/irc/install/decision:/home/pyy/ros2_ws/install/my_python_pkg:/opt/ros/humble /usr/bin/cmake --build /home/pyy/irc/build/dynamixel_sdk -- -j8 -l8
[3.240s] Invoking command in '/home/pyy/irc/build/dynamixel_sdk': CMAKE_PREFIX_PATH=${CMAKE_PREFIX_PATH}:/home/pyy/irc/install/decision:/home/pyy/ros2_ws/install/my_python_pkg:/opt/ros/humble /usr/bin/cmake --install /home/pyy/irc/build/dynamixel_sdk
[3.249s] -- Install configuration: ""
[3.250s] -- Execute custom install script
[3.251s] -- Symlinking: /home/pyy/irc/install/dynamixel_sdk/include//dynamixel_sdk/dynamixel_sdk.h
[3.259s] -- Symlinking: /home/pyy/irc/install/dynamixel_sdk/include//dynamixel_sdk/group_bulk_read.h
[3.269s] -- Symlinking: /home/pyy/irc/install/dynamixel_sdk/include//dynamixel_sdk/group_bulk_write.h
[3.278s] -- Symlinking: /home/pyy/irc/install/dynamixel_sdk/include//dynamixel_sdk/group_fast_bulk_read.h
[3.286s] -- Symlinking: /home/pyy/irc/install/dynamixel_sdk/include//dynamixel_sdk/group_fast_sync_read.h
[3.294s] -- Symlinking: /home/pyy/irc/install/dynamixel_sdk/include//dynamixel_sdk/group_handler.h
[3.303s] -- Symlinking: /home/pyy/irc/install/dynamixel_sdk/include//dynamixel_sdk/group_sync_read.h
[3.314s] -- Symlinking: /home/pyy/irc/install/dynamixel_sdk/include//dynamixel_sdk/group_sync_write.h
[3.326s] -- Symlinking: /home/pyy/irc/install/dynamixel_sdk/include//dynamixel_sdk/packet_handler.h
[3.338s] -- Symlinking: /home/pyy/irc/install/dynamixel_sdk/include//dynamixel_sdk/port_handler.h
[3.350s] -- Symlinking: /home/pyy/irc/install/dynamixel_sdk/include//dynamixel_sdk/port_handler_arduino.h
[3.363s] -- Symlinking: /home/pyy/irc/install/dynamixel_sdk/include//dynamixel_sdk/port_handler_linux.h
[3.374s] -- Symlinking: /home/pyy/irc/install/dynamixel_sdk/include//dynamixel_sdk/port_handler_mac.h
[3.382s] -- Symlinking: /home/pyy/irc/install/dynamixel_sdk/include//dynamixel_sdk/port_handler_windows.h
[3.390s] -- Symlinking: /home/pyy/irc/install/dynamixel_sdk/include//dynamixel_sdk/protocol1_packet_handler.h
[3.402s] -- Symlinking: /home/pyy/irc/install/dynamixel_sdk/include//dynamixel_sdk/protocol2_packet_handler.h
[3.412s] -- Symlinking: /home/pyy/irc/install/dynamixel_sdk/share/dynamixel_sdk/environment/pythonpath.sh
[3.425s] -- Symlinking: /home/pyy/irc/install/dynamixel_sdk/share/dynamixel_sdk/environment/pythonpath.dsv
[3.437s] -- Symlinking: /home/pyy/irc/install/dynamixel_sdk/local/lib/python3.10/dist-packages/dynamixel_sdk-3.8.4-py3.10.egg-info/PKG-INFO
[3.450s] -- Symlinking: /home/pyy/irc/install/dynamixel_sdk/local/lib/python3.10/dist-packages/dynamixel_sdk-3.8.4-py3.10.egg-info/SOURCES.txt
[3.461s] -- Symlinking: /home/pyy/irc/install/dynamixel_sdk/local/lib/python3.10/dist-packages/dynamixel_sdk-3.8.4-py3.10.egg-info/dependency_links.txt
[3.473s] -- Symlinking: /home/pyy/irc/install/dynamixel_sdk/local/lib/python3.10/dist-packages/dynamixel_sdk-3.8.4-py3.10.egg-info/top_level.txt
[3.487s] -- Symlinking: /home/pyy/irc/install/dynamixel_sdk/local/lib/python3.10/dist-packages/dynamixel_sdk/__init__.py
[3.499s] -- Symlinking: /home/pyy/irc/install/dynamixel_sdk/local/lib/python3.10/dist-packages/dynamixel_sdk/group_bulk_read.cpp
[3.511s] -- Symlinking: /home/pyy/irc/install/dynamixel_sdk/local/lib/python3.10/dist-packages/dynamixel_sdk/group_bulk_read.py
[3.524s] -- Symlinking: /home/pyy/irc/install/dynamixel_sdk/local/lib/python3.10/dist-packages/dynamixel_sdk/group_bulk_write.cpp
[3.536s] -- Symlinking: /home/pyy/irc/install/dynamixel_sdk/local/lib/python3.10/dist-packages/dynamixel_sdk/group_bulk_write.py
[3.550s] -- Symlinking: /home/pyy/irc/install/dynamixel_sdk/local/lib/python3.10/dist-packages/dynamixel_sdk/group_fast_bulk_read.cpp
[3.560s] -- Symlinking: /home/pyy/irc/install/dynamixel_sdk/local/lib/python3.10/dist-packages/dynamixel_sdk/group_fast_sync_read.cpp
[3.572s] -- Symlinking: /home/pyy/irc/install/dynamixel_sdk/local/lib/python3.10/dist-packages/dynamixel_sdk/group_handler.cpp
[3.580s] -- Symlinking: /home/pyy/irc/install/dynamixel_sdk/local/lib/python3.10/dist-packages/dynamixel_sdk/group_sync_read.cpp
[3.590s] -- Symlinking: /home/pyy/irc/install/dynamixel_sdk/local/lib/python3.10/dist-packages/dynamixel_sdk/group_sync_read.py
[3.598s] -- Symlinking: /home/pyy/irc/install/dynamixel_sdk/local/lib/python3.10/dist-packages/dynamixel_sdk/group_sync_write.cpp
[3.606s] -- Symlinking: /home/pyy/irc/install/dynamixel_sdk/local/lib/python3.10/dist-packages/dynamixel_sdk/group_sync_write.py
[3.614s] -- Symlinking: /home/pyy/irc/install/dynamixel_sdk/local/lib/python3.10/dist-packages/dynamixel_sdk/packet_handler.cpp
[3.622s] -- Symlinking: /home/pyy/irc/install/dynamixel_sdk/local/lib/python3.10/dist-packages/dynamixel_sdk/packet_handler.py
[3.631s] -- Symlinking: /home/pyy/irc/install/dynamixel_sdk/local/lib/python3.10/dist-packages/dynamixel_sdk/port_handler.cpp
[3.638s] -- Symlinking: /home/pyy/irc/install/dynamixel_sdk/local/lib/python3.10/dist-packages/dynamixel_sdk/port_handler.py
[3.649s] -- Symlinking: /home/pyy/irc/install/dynamixel_sdk/local/lib/python3.10/dist-packages/dynamixel_sdk/port_handler_arduino.cpp
[3.657s] -- Symlinking: /home/pyy/irc/install/dynamixel_sdk/local/lib/python3.10/dist-packages/dynamixel_sdk/port_handler_linux.cpp
[3.665s] -- Symlinking: /home/pyy/irc/install/dynamixel_sdk/local/lib/python3.10/dist-packages/dynamixel_sdk/port_handler_mac.cpp
[3.674s] -- Symlinking: /home/pyy/irc/install/dynamixel_sdk/local/lib/python3.10/dist-packages/dynamixel_sdk/port_handler_windows.cpp
[3.682s] -- Symlinking: /home/pyy/irc/install/dynamixel_sdk/local/lib/python3.10/dist-packages/dynamixel_sdk/protocol1_packet_handler.cpp
[3.690s] -- Symlinking: /home/pyy/irc/install/dynamixel_sdk/local/lib/python3.10/dist-packages/dynamixel_sdk/protocol1_packet_handler.py
[3.698s] -- Symlinking: /home/pyy/irc/install/dynamixel_sdk/local/lib/python3.10/dist-packages/dynamixel_sdk/protocol2_packet_handler.cpp
[3.707s] -- Symlinking: /home/pyy/irc/install/dynamixel_sdk/local/lib/python3.10/dist-packages/dynamixel_sdk/protocol2_packet_handler.py
[3.717s] -- Symlinking: /home/pyy/irc/install/dynamixel_sdk/local/lib/python3.10/dist-packages/dynamixel_sdk/robotis_def.py
[3.735s] -- Symlinking: /home/pyy/irc/install/dynamixel_sdk/share/dynamixel_sdk/environment/library_path.sh
[3.744s] -- Symlinking: /home/pyy/irc/install/dynamixel_sdk/share/dynamixel_sdk/environment/library_path.dsv
[3.758s] -- Symlinking: /home/pyy/irc/install/dynamixel_sdk/share/ament_index/resource_index/package_run_dependencies/dynamixel_sdk
[3.770s] -- Symlinking: /home/pyy/irc/install/dynamixel_sdk/share/ament_index/resource_index/parent_prefix_path/dynamixel_sdk
[3.783s] -- Symlinking: /home/pyy/irc/install/dynamixel_sdk/share/dynamixel_sdk/environment/ament_prefix_path.sh
[3.796s] -- Symlinking: /home/pyy/irc/install/dynamixel_sdk/share/dynamixel_sdk/environment/ament_prefix_path.dsv
[3.807s] -- Symlinking: /home/pyy/irc/install/dynamixel_sdk/share/dynamixel_sdk/environment/path.sh
[3.817s] -- Symlinking: /home/pyy/irc/install/dynamixel_sdk/share/dynamixel_sdk/environment/path.dsv
[3.830s] -- Symlinking: /home/pyy/irc/install/dynamixel_sdk/share/dynamixel_sdk/local_setup.bash
[3.843s] -- Symlinking: /home/pyy/irc/install/dynamixel_sdk/share/dynamixel_sdk/local_setup.sh
[3.857s] -- Symlinking: /home/pyy/irc/install/dynamixel_sdk/share/dynamixel_sdk/local_setup.zsh
[3.872s] -- Symlinking: /home/pyy/irc/install/dynamixel_sdk/share/dynamixel_sdk/local_setup.dsv
[3.887s] -- Symlinking: /home/pyy/irc/install/dynamixel_sdk/share/dynamixel_sdk/package.dsv
[3.903s] -- Symlinking: /home/pyy/irc/install/dynamixel_sdk/share/ament_index/resource_index/packages/dynamixel_sdk
[3.918s] -- Symlinking: /home/pyy/irc/install/dynamixel_sdk/share/dynamixel_sdk/cmake/ament_cmake_export_targets-extras.cmake
[3.931s] -- Symlinking: /home/pyy/irc/install/dynamixel_sdk/share/dynamixel_sdk/cmake/ament_cmake_export_include_directories-extras.cmake
[3.948s] -- Symlinking: /home/pyy/irc/install/dynamixel_sdk/share/dynamixel_sdk/cmake/ament_cmake_export_libraries-extras.cmake
[3.969s] -- Symlinking: /home/pyy/irc/install/dynamixel_sdk/share/dynamixel_sdk/cmake/dynamixel_sdkConfig.cmake
[4.004s] -- Symlinking: /home/pyy/irc/install/dynamixel_sdk/share/dynamixel_sdk/cmake/dynamixel_sdkConfig-version.cmake
[4.013s] -- Symlinking: /home/pyy/irc/install/dynamixel_sdk/share/dynamixel_sdk/package.xml
[4.031s] -- Installing: /home/pyy/irc/install/dynamixel_sdk/lib/libdynamixel_sdk.so
[4.163s] Listing '/home/pyy/irc/install/dynamixel_sdk/local/lib/python3.10/dist-packages/dynamixel_sdk'...
[4.163s] Compiling '/home/pyy/irc/install/dynamixel_sdk/local/lib/python3.10/dist-packages/dynamixel_sdk/__init__.py'...
[4.163s] Compiling '/home/pyy/irc/install/dynamixel_sdk/local/lib/python3.10/dist-packages/dynamixel_sdk/group_bulk_read.py'...
[4.163s] Compiling '/home/pyy/irc/install/dynamixel_sdk/local/lib/python3.10/dist-packages/dynamixel_sdk/group_bulk_write.py'...
[4.164s] Compiling '/home/pyy/irc/install/dynamixel_sdk/local/lib/python3.10/dist-packages/dynamixel_sdk/group_sync_read.py'...
[4.164s] Compiling '/home/pyy/irc/install/dynamixel_sdk/local/lib/python3.10/dist-packages/dynamixel_sdk/group_sync_write.py'...
[4.164s] Compiling '/home/pyy/irc/install/dynamixel_sdk/local/lib/python3.10/dist-packages/dynamixel_sdk/packet_handler.py'...
[4.164s] Compiling '/home/pyy/irc/install/dynamixel_sdk/local/lib/python3.10/dist-packages/dynamixel_sdk/port_handler.py'...
[4.164s] Compiling '/home/pyy/irc/install/dynamixel_sdk/local/lib/python3.10/dist-packages/dynamixel_sdk/protocol1_packet_handler.py'...
[4.164s] Compiling '/home/pyy/irc/install/dynamixel_sdk/local/lib/python3.10/dist-packages/dynamixel_sdk/protocol2_packet_handler.py'...
[4.164s] Compiling '/home/pyy/irc/install/dynamixel_sdk/local/lib/python3.10/dist-packages/dynamixel_sdk/robotis_def.py'...
[4.168s] -- Installing: /home/pyy/irc/install/dynamixel_sdk/share/dynamixel_sdk/cmake/dynamixel_sdkExport.cmake
[4.168s] -- Installing: /home/pyy/irc/install/dynamixel_sdk/share/dynamixel_sdk/cmake/dynamixel_sdkExport-noconfig.cmake
[4.186s] Invoked command in '/home/pyy/irc/build/dynamixel_sdk' returned '0': CMAKE_PREFIX_PATH=${CMAKE_PREFIX_PATH}:/home/pyy/irc/install/decision:/home/pyy/ros2_ws/install/my_python_pkg:/opt/ros/humble /usr/bin/cmake --install /home/pyy/irc/build/dynamixel_sdk
