[0.036s] Invoking command in '/home/pyy/irc/build/motion': CMAKE_PREFIX_PATH=/home/pyy/irc/install/dynamixel_sdk:/home/pyy/irc/install/realsense2_description:/home/pyy/irc/install/realsense2_camera_msgs:/home/pyy/irc/install/msgs:/home/pyy/irc/install/motion:/home/pyy/irc/install/dynamixel_sdk_examples:/home/pyy/irc/install/dynamixel_sdk_custom_interfaces:/home/pyy/ros2_ws/install/my_pkg_msgs:/home/pyy/ros2_ws/install/my_cpp_pkg:/home/pyy/irc/install/decision:/home/pyy/ros2_ws/install/my_python_pkg:/opt/ros/humble LD_LIBRARY_PATH=/home/pyy/irc/install/dynamixel_sdk/lib:/home/pyy/irc/install/realsense2_camera_msgs/lib:/home/pyy/irc/install/msgs/lib:/home/pyy/irc/install/dynamixel_sdk_custom_interfaces/lib:/home/pyy/ros2_ws/install/my_pkg_msgs/lib:/opt/ros/humble/opt/rviz_ogre_vendor/lib:/opt/ros/humble/lib/x86_64-linux-gnu:/opt/ros/humble/lib /usr/bin/cmake /home/pyy/irc/src/motion -DAMENT_CMAKE_SYMLINK_INSTALL=1 -DCMAKE_INSTALL_PREFIX=/home/pyy/irc/install/motion
[0.197s] -- The C compiler identification is GNU 11.4.0
[0.385s] -- The CXX compiler identification is GNU 11.4.0
[0.418s] -- Detecting C compiler ABI info
[0.671s] -- Detecting C compiler ABI info - done
[0.703s] -- Check for working C compiler: /usr/bin/cc - skipped
[0.705s] -- Detecting C compile features
[0.705s] -- Detecting C compile features - done
[0.738s] -- Detecting CXX compiler ABI info
[1.192s] -- Detecting CXX compiler ABI info - done
[1.240s] -- Check for working CXX compiler: /usr/bin/c++ - skipped
[1.243s] -- Detecting CXX compile features
[1.248s] -- Detecting CXX compile features - done
[1.281s] -- Found rclcpp: 16.0.18 (/opt/ros/humble/share/rclcpp/cmake)
[1.913s] -- Found Python3: /usr/bin/python3 (found version "3.10.12") found components: Interpreter 
[2.009s] -- Override CMake install command with custom implementation using symlinks instead of copying resources
[2.143s] -- Found rosidl_generator_c: 3.1.8 (/opt/ros/humble/share/rosidl_generator_c/cmake)
[2.151s] -- Found rosidl_adapter: 3.1.8 (/opt/ros/humble/share/rosidl_adapter/cmake)
[2.165s] -- Found rosidl_generator_cpp: 3.1.8 (/opt/ros/humble/share/rosidl_generator_cpp/cmake)
[2.184s] -- Using all available rosidl_typesupport_c: rosidl_typesupport_fastrtps_c;rosidl_typesupport_introspection_c
[2.200s] -- Using all available rosidl_typesupport_cpp: rosidl_typesupport_fastrtps_cpp;rosidl_typesupport_introspection_cpp
[2.332s] -- Found rmw_implementation_cmake: 6.1.2 (/opt/ros/humble/share/rmw_implementation_cmake/cmake)
[2.358s] -- Found rmw_fastrtps_cpp: 6.2.10 (/opt/ros/humble/share/rmw_fastrtps_cpp/cmake)
[2.716s] -- Found OpenSSL: /usr/lib/x86_64-linux-gnu/libcrypto.so (found version "3.0.2")  
[2.775s] -- Found FastRTPS: /opt/ros/humble/include  
[2.815s] -- Using RMW implementation 'rmw_fastrtps_cpp' as default
[2.901s] -- Looking for pthread.h
[2.982s] -- Looking for pthread.h - found
[2.982s] -- Performing Test CMAKE_HAVE_LIBC_PTHREAD
[3.049s] -- Performing Test CMAKE_HAVE_LIBC_PTHREAD - Success
[3.050s] -- Found Threads: TRUE  
[3.351s] -- Found dynamixel_sdk: 3.8.4 (/home/pyy/irc/install/dynamixel_sdk/share/dynamixel_sdk/cmake)
[3.357s] -- Found ament_lint_auto: 0.12.15 (/opt/ros/humble/share/ament_lint_auto/cmake)
[3.463s] -- Added test 'cppcheck' to perform static code analysis on C / C++ code
[3.463s] -- Configured cppcheck include dirs: $<BUILD_INTERFACE:/home/pyy/irc/src/motion/include>
[3.463s] -- Configured cppcheck exclude dirs and/or files: 
[3.465s] -- Added test 'lint_cmake' to check CMake code style
[3.466s] -- Added test 'uncrustify' to check C / C++ code style
[3.467s] -- Configured uncrustify additional arguments: 
[3.467s] -- Added test 'xmllint' to check XML markup files
[3.469s] -- Configuring done
[3.475s] -- Generating done
[3.477s] -- Build files have been written to: /home/pyy/irc/build/motion
[3.487s] Invoked command in '/home/pyy/irc/build/motion' returned '0': CMAKE_PREFIX_PATH=/home/pyy/irc/install/dynamixel_sdk:/home/pyy/irc/install/realsense2_description:/home/pyy/irc/install/realsense2_camera_msgs:/home/pyy/irc/install/msgs:/home/pyy/irc/install/motion:/home/pyy/irc/install/dynamixel_sdk_examples:/home/pyy/irc/install/dynamixel_sdk_custom_interfaces:/home/pyy/ros2_ws/install/my_pkg_msgs:/home/pyy/ros2_ws/install/my_cpp_pkg:/home/pyy/irc/install/decision:/home/pyy/ros2_ws/install/my_python_pkg:/opt/ros/humble LD_LIBRARY_PATH=/home/pyy/irc/install/dynamixel_sdk/lib:/home/pyy/irc/install/realsense2_camera_msgs/lib:/home/pyy/irc/install/msgs/lib:/home/pyy/irc/install/dynamixel_sdk_custom_interfaces/lib:/home/pyy/ros2_ws/install/my_pkg_msgs/lib:/opt/ros/humble/opt/rviz_ogre_vendor/lib:/opt/ros/humble/lib/x86_64-linux-gnu:/opt/ros/humble/lib /usr/bin/cmake /home/pyy/irc/src/motion -DAMENT_CMAKE_SYMLINK_INSTALL=1 -DCMAKE_INSTALL_PREFIX=/home/pyy/irc/install/motion
[3.489s] Invoking command in '/home/pyy/irc/build/motion': CMAKE_PREFIX_PATH=/home/pyy/irc/install/dynamixel_sdk:/home/pyy/irc/install/realsense2_description:/home/pyy/irc/install/realsense2_camera_msgs:/home/pyy/irc/install/msgs:/home/pyy/irc/install/motion:/home/pyy/irc/install/dynamixel_sdk_examples:/home/pyy/irc/install/dynamixel_sdk_custom_interfaces:/home/pyy/ros2_ws/install/my_pkg_msgs:/home/pyy/ros2_ws/install/my_cpp_pkg:/home/pyy/irc/install/decision:/home/pyy/ros2_ws/install/my_python_pkg:/opt/ros/humble LD_LIBRARY_PATH=/home/pyy/irc/install/dynamixel_sdk/lib:/home/pyy/irc/install/realsense2_camera_msgs/lib:/home/pyy/irc/install/msgs/lib:/home/pyy/irc/install/dynamixel_sdk_custom_interfaces/lib:/home/pyy/ros2_ws/install/my_pkg_msgs/lib:/opt/ros/humble/opt/rviz_ogre_vendor/lib:/opt/ros/humble/lib/x86_64-linux-gnu:/opt/ros/humble/lib /usr/bin/cmake --build /home/pyy/irc/build/motion -- -j8 -l8
[3.532s] [ 50%] [32mBuilding CXX object CMakeFiles/main_motion.dir/src/main_motion.cpp.o[0m
[3.539s] [01m[K/home/pyy/irc/src/motion/src/main_motion.cpp:1:10:[m[K [01;31m[Kfatal error: [m[Krclcpp/rclcpp.hpp: No such file or directory
[3.540s]     1 | #include [01;31m[K"rclcpp/rclcpp.hpp"[m[K
[3.540s]       |          [01;31m[K^~~~~~~~~~~~~~~~~~~[m[K
[3.540s] compilation terminated.
[3.540s] gmake[2]: *** [CMakeFiles/main_motion.dir/build.make:76: CMakeFiles/main_motion.dir/src/main_motion.cpp.o] Error 1
[3.540s] gmake[1]: *** [CMakeFiles/Makefile2:137: CMakeFiles/main_motion.dir/all] Error 2
[3.541s] gmake: *** [Makefile:146: all] Error 2
[3.543s] Invoked command in '/home/pyy/irc/build/motion' returned '2': CMAKE_PREFIX_PATH=/home/pyy/irc/install/dynamixel_sdk:/home/pyy/irc/install/realsense2_description:/home/pyy/irc/install/realsense2_camera_msgs:/home/pyy/irc/install/msgs:/home/pyy/irc/install/motion:/home/pyy/irc/install/dynamixel_sdk_examples:/home/pyy/irc/install/dynamixel_sdk_custom_interfaces:/home/pyy/ros2_ws/install/my_pkg_msgs:/home/pyy/ros2_ws/install/my_cpp_pkg:/home/pyy/irc/install/decision:/home/pyy/ros2_ws/install/my_python_pkg:/opt/ros/humble LD_LIBRARY_PATH=/home/pyy/irc/install/dynamixel_sdk/lib:/home/pyy/irc/install/realsense2_camera_msgs/lib:/home/pyy/irc/install/msgs/lib:/home/pyy/irc/install/dynamixel_sdk_custom_interfaces/lib:/home/pyy/ros2_ws/install/my_pkg_msgs/lib:/opt/ros/humble/opt/rviz_ogre_vendor/lib:/opt/ros/humble/lib/x86_64-linux-gnu:/opt/ros/humble/lib /usr/bin/cmake --build /home/pyy/irc/build/motion -- -j8 -l8
