[0.557s] Invoking command in '/home/pyy/irc/src/decision': PYTHONPATH=/home/pyy/irc/build/decision/prefix_override:/usr/lib/python3/dist-packages/colcon_core/task/python/colcon_distutils_commands:/home/pyy/irc/install/decision/lib/python3.10/site-packages:${PYTHONPATH} /usr/bin/python3 -W ignore:setup.py install is deprecated -W ignore:easy_install command is deprecated setup.py egg_info --egg-base ../../build/decision build --build-base /home/pyy/irc/build/decision/build install --record /home/pyy/irc/build/decision/install.log --single-version-externally-managed install_data
[0.776s] running egg_info
[0.776s] writing ../../build/decision/decision.egg-info/PKG-INFO
[0.777s] writing dependency_links to ../../build/decision/decision.egg-info/dependency_links.txt
[0.777s] writing entry points to ../../build/decision/decision.egg-info/entry_points.txt
[0.777s] writing requirements to ../../build/decision/decision.egg-info/requires.txt
[0.777s] writing top-level names to ../../build/decision/decision.egg-info/top_level.txt
[0.779s] reading manifest file '../../build/decision/decision.egg-info/SOURCES.txt'
[0.780s] writing manifest file '../../build/decision/decision.egg-info/SOURCES.txt'
[0.780s] running build
[0.780s] running build_py
[0.780s] running install
[0.781s] running install_lib
[0.782s] byte-compiling /home/pyy/irc/install/decision/lib/python3.10/site-packages/decision/__init__.py to __init__.cpython-310.pyc
[0.782s] running install_data
[0.782s] running install_egg_info
[0.784s] removing '/home/pyy/irc/install/decision/lib/python3.10/site-packages/decision-0.0.0-py3.10.egg-info' (and everything under it)
[0.784s] Copying ../../build/decision/decision.egg-info to /home/pyy/irc/install/decision/lib/python3.10/site-packages/decision-0.0.0-py3.10.egg-info
[0.785s] running install_scripts
[0.805s] Installing main_decision script to /home/pyy/irc/install/decision/lib/decision
[0.805s] writing list of installed files to '/home/pyy/irc/build/decision/install.log'
[0.830s] Invoked command in '/home/pyy/irc/src/decision' returned '0': PYTHONPATH=/home/pyy/irc/build/decision/prefix_override:/usr/lib/python3/dist-packages/colcon_core/task/python/colcon_distutils_commands:/home/pyy/irc/install/decision/lib/python3.10/site-packages:${PYTHONPATH} /usr/bin/python3 -W ignore:setup.py install is deprecated -W ignore:easy_install command is deprecated setup.py egg_info --egg-base ../../build/decision build --build-base /home/pyy/irc/build/decision/build install --record /home/pyy/irc/build/decision/install.log --single-version-externally-managed install_data
