-- Found ament_cmake: 1.3.13 (/opt/ros/humble/share/ament_cmake/cmake)
-- Found rosidl_default_generators: 1.2.0 (/opt/ros/humble/share/rosidl_default_generators/cmake)
-- Using all available rosidl_typesupport_c: rosidl_typesupport_fastrtps_c;rosidl_typesupport_introspection_c
-- Found rosidl_adapter: 3.1.8 (/opt/ros/humble/share/rosidl_adapter/cmake)
-- Using all available rosidl_typesupport_cpp: rosidl_typesupport_fastrtps_cpp;rosidl_typesupport_introspection_cpp
-- Found std_msgs: 4.9.1 (/opt/ros/humble/share/std_msgs/cmake)
-- Found ament_cmake_ros: 0.10.0 (/opt/ros/humble/share/ament_cmake_ros/cmake)
-- Using all available rosidl_typesupport_c: rosidl_typesupport_fastrtps_c;rosidl_typesupport_introspection_c
-- Using all available rosidl_typesupport_cpp: rosidl_typesupport_fastrtps_cpp;rosidl_typesupport_introspection_cpp
-- Found python_cmake_module: 0.10.0 (/opt/ros/humble/share/python_cmake_module/cmake)
-- Using PYTHON_EXECUTABLE: /usr/bin/python3
-- Using PYTHON_INCLUDE_DIRS: /usr/include/python3.10
-- Using PYTHON_LIBRARIES: /usr/lib/x86_64-linux-gnu/libpython3.10.so
-- Found ament_lint_auto: 0.12.15 (/opt/ros/humble/share/ament_lint_auto/cmake)
-- Added test 'lint_cmake' to check CMake code style
-- Added test 'xmllint' to check XML markup files
-- Configuring done
-- Generating done
-- Build files have been written to: /home/pyy/irc/build/msgs
[  1%] [34m[1mGenerating C code for ROS interfaces[0m
[  3%] [34m[1mGenerating C++ code for ROS interfaces[0m
[  3%] Built target ament_cmake_python_copy_msgs
running egg_info
writing msgs.egg-info/PKG-INFO
writing dependency_links to msgs.egg-info/dependency_links.txt
writing top-level names to msgs.egg-info/top_level.txt
reading manifest file 'msgs.egg-info/SOURCES.txt'
writing manifest file 'msgs.egg-info/SOURCES.txt'
[  3%] Built target ament_cmake_python_build_msgs_egg
[35m[1mConsolidate compiler generated dependencies of target msgs__rosidl_generator_c[0m
[  4%] [32mBuilding C object CMakeFiles/msgs__rosidl_generator_c.dir/rosidl_generator_c/msgs/msg/detail/line_result__functions.c.o[0m
[  6%] [32mBuilding C object CMakeFiles/msgs__rosidl_generator_c.dir/rosidl_generator_c/msgs/msg/detail/ball_result__functions.c.o[0m
[  7%] [32mBuilding C object CMakeFiles/msgs__rosidl_generator_c.dir/rosidl_generator_c/msgs/msg/detail/hurdle_result__functions.c.o[0m
[  9%] [32mBuilding C object CMakeFiles/msgs__rosidl_generator_c.dir/rosidl_generator_c/msgs/msg/detail/motion_end__functions.c.o[0m
[ 11%] [32mBuilding C object CMakeFiles/msgs__rosidl_generator_c.dir/rosidl_generator_c/msgs/msg/detail/motion_command__functions.c.o[0m
[ 11%] Built target msgs__cpp
[ 12%] [34m[1mGenerating C++ type support for eProsima Fast-RTPS[0m
[ 14%] [34m[1mGenerating C++ type support dispatch for ROS interfaces[0m
[ 15%] [34m[1mGenerating C++ introspection for ROS interfaces[0m
[ 17%] [32m[1mLinking C shared library libmsgs__rosidl_generator_c.so[0m
[ 17%] Built target msgs__rosidl_generator_c
[ 19%] [34m[1mGenerating C type support for eProsima Fast-RTPS[0m
[ 20%] [34m[1mGenerating C type support dispatch for ROS interfaces[0m
[ 22%] [34m[1mGenerating C introspection for ROS interfaces[0m
[35m[1mConsolidate compiler generated dependencies of target msgs__rosidl_typesupport_cpp[0m
[ 23%] [32mBuilding CXX object CMakeFiles/msgs__rosidl_typesupport_cpp.dir/rosidl_typesupport_cpp/msgs/msg/line_result__type_support.cpp.o[0m
[ 25%] [32mBuilding CXX object CMakeFiles/msgs__rosidl_typesupport_cpp.dir/rosidl_typesupport_cpp/msgs/msg/ball_result__type_support.cpp.o[0m
[ 26%] [32mBuilding CXX object CMakeFiles/msgs__rosidl_typesupport_cpp.dir/rosidl_typesupport_cpp/msgs/msg/hurdle_result__type_support.cpp.o[0m
[35m[1mConsolidate compiler generated dependencies of target msgs__rosidl_typesupport_c[0m
[ 28%] [32mBuilding CXX object CMakeFiles/msgs__rosidl_typesupport_c.dir/rosidl_typesupport_c/msgs/msg/line_result__type_support.cpp.o[0m
[35m[1mConsolidate compiler generated dependencies of target msgs__rosidl_typesupport_introspection_cpp[0m
[35m[1mConsolidate compiler generated dependencies of target msgs__rosidl_typesupport_fastrtps_cpp[0m
[ 30%] [32mBuilding CXX object CMakeFiles/msgs__rosidl_typesupport_introspection_cpp.dir/rosidl_typesupport_introspection_cpp/msgs/msg/detail/line_result__type_support.cpp.o[0m
[ 31%] [32mBuilding CXX object CMakeFiles/msgs__rosidl_typesupport_fastrtps_cpp.dir/rosidl_typesupport_fastrtps_cpp/msgs/msg/detail/dds_fastrtps/line_result__type_support.cpp.o[0m
[ 33%] [32mBuilding CXX object CMakeFiles/msgs__rosidl_typesupport_c.dir/rosidl_typesupport_c/msgs/msg/ball_result__type_support.cpp.o[0m
[35m[1mConsolidate compiler generated dependencies of target msgs__rosidl_typesupport_introspection_c[0m
[ 34%] [32mBuilding CXX object CMakeFiles/msgs__rosidl_typesupport_c.dir/rosidl_typesupport_c/msgs/msg/hurdle_result__type_support.cpp.o[0m
[ 36%] [32mBuilding C object CMakeFiles/msgs__rosidl_typesupport_introspection_c.dir/rosidl_typesupport_introspection_c/msgs/msg/detail/line_result__type_support.c.o[0m
[35m[1mConsolidate compiler generated dependencies of target msgs__rosidl_typesupport_fastrtps_c[0m
[ 38%] [32mBuilding CXX object CMakeFiles/msgs__rosidl_typesupport_c.dir/rosidl_typesupport_c/msgs/msg/motion_end__type_support.cpp.o[0m
[ 39%] [32mBuilding C object CMakeFiles/msgs__rosidl_typesupport_introspection_c.dir/rosidl_typesupport_introspection_c/msgs/msg/detail/ball_result__type_support.c.o[0m
[ 41%] [32mBuilding CXX object CMakeFiles/msgs__rosidl_typesupport_fastrtps_c.dir/rosidl_typesupport_fastrtps_c/msgs/msg/detail/line_result__type_support_c.cpp.o[0m
[ 42%] [32mBuilding CXX object CMakeFiles/msgs__rosidl_typesupport_fastrtps_c.dir/rosidl_typesupport_fastrtps_c/msgs/msg/detail/ball_result__type_support_c.cpp.o[0m
[ 44%] [32mBuilding C object CMakeFiles/msgs__rosidl_typesupport_introspection_c.dir/rosidl_typesupport_introspection_c/msgs/msg/detail/hurdle_result__type_support.c.o[0m
[ 46%] [32mBuilding CXX object CMakeFiles/msgs__rosidl_typesupport_c.dir/rosidl_typesupport_c/msgs/msg/motion_command__type_support.cpp.o[0m
[ 47%] [32mBuilding CXX object CMakeFiles/msgs__rosidl_typesupport_fastrtps_c.dir/rosidl_typesupport_fastrtps_c/msgs/msg/detail/hurdle_result__type_support_c.cpp.o[0m
[ 49%] [32mBuilding CXX object CMakeFiles/msgs__rosidl_typesupport_cpp.dir/rosidl_typesupport_cpp/msgs/msg/motion_end__type_support.cpp.o[0m
[ 50%] [32mBuilding C object CMakeFiles/msgs__rosidl_typesupport_introspection_c.dir/rosidl_typesupport_introspection_c/msgs/msg/detail/motion_end__type_support.c.o[0m
[ 52%] [32m[1mLinking CXX shared library libmsgs__rosidl_typesupport_c.so[0m
[ 53%] [32mBuilding C object CMakeFiles/msgs__rosidl_typesupport_introspection_c.dir/rosidl_typesupport_introspection_c/msgs/msg/detail/motion_command__type_support.c.o[0m
[ 53%] Built target msgs__rosidl_typesupport_c
[ 55%] [32mBuilding CXX object CMakeFiles/msgs__rosidl_typesupport_fastrtps_c.dir/rosidl_typesupport_fastrtps_c/msgs/msg/detail/motion_end__type_support_c.cpp.o[0m
[ 57%] [32m[1mLinking C shared library libmsgs__rosidl_typesupport_introspection_c.so[0m
[ 57%] Built target msgs__rosidl_typesupport_introspection_c
[ 58%] [32mBuilding CXX object CMakeFiles/msgs__rosidl_typesupport_fastrtps_c.dir/rosidl_typesupport_fastrtps_c/msgs/msg/detail/motion_command__type_support_c.cpp.o[0m
[ 60%] [32mBuilding CXX object CMakeFiles/msgs__rosidl_typesupport_introspection_cpp.dir/rosidl_typesupport_introspection_cpp/msgs/msg/detail/ball_result__type_support.cpp.o[0m
[ 61%] [32mBuilding CXX object CMakeFiles/msgs__rosidl_typesupport_cpp.dir/rosidl_typesupport_cpp/msgs/msg/motion_command__type_support.cpp.o[0m
[ 63%] [32mBuilding CXX object CMakeFiles/msgs__rosidl_typesupport_fastrtps_cpp.dir/rosidl_typesupport_fastrtps_cpp/msgs/msg/detail/dds_fastrtps/ball_result__type_support.cpp.o[0m
[ 65%] [32mBuilding CXX object CMakeFiles/msgs__rosidl_typesupport_introspection_cpp.dir/rosidl_typesupport_introspection_cpp/msgs/msg/detail/hurdle_result__type_support.cpp.o[0m
[ 66%] [32mBuilding CXX object CMakeFiles/msgs__rosidl_typesupport_introspection_cpp.dir/rosidl_typesupport_introspection_cpp/msgs/msg/detail/motion_end__type_support.cpp.o[0m
[ 68%] [32mBuilding CXX object CMakeFiles/msgs__rosidl_typesupport_fastrtps_cpp.dir/rosidl_typesupport_fastrtps_cpp/msgs/msg/detail/dds_fastrtps/hurdle_result__type_support.cpp.o[0m
[ 69%] [32mBuilding CXX object CMakeFiles/msgs__rosidl_typesupport_introspection_cpp.dir/rosidl_typesupport_introspection_cpp/msgs/msg/detail/motion_command__type_support.cpp.o[0m
[ 71%] [32m[1mLinking CXX shared library libmsgs__rosidl_typesupport_cpp.so[0m
[ 71%] Built target msgs__rosidl_typesupport_cpp
[ 73%] [32mBuilding CXX object CMakeFiles/msgs__rosidl_typesupport_fastrtps_cpp.dir/rosidl_typesupport_fastrtps_cpp/msgs/msg/detail/dds_fastrtps/motion_end__type_support.cpp.o[0m
[ 74%] [32m[1mLinking CXX shared library libmsgs__rosidl_typesupport_fastrtps_c.so[0m
[ 76%] [32mBuilding CXX object CMakeFiles/msgs__rosidl_typesupport_fastrtps_cpp.dir/rosidl_typesupport_fastrtps_cpp/msgs/msg/detail/dds_fastrtps/motion_command__type_support.cpp.o[0m
[ 76%] Built target msgs__rosidl_typesupport_fastrtps_c
[ 77%] [32m[1mLinking CXX shared library libmsgs__rosidl_typesupport_introspection_cpp.so[0m
[ 77%] Built target msgs__rosidl_typesupport_introspection_cpp
[ 79%] [32m[1mLinking CXX shared library libmsgs__rosidl_typesupport_fastrtps_cpp.so[0m
[ 79%] Built target msgs__rosidl_typesupport_fastrtps_cpp
[ 79%] Built target msgs
[ 80%] [34m[1mGenerating Python code for ROS interfaces[0m
[ 80%] Built target msgs__py
[35m[1mConsolidate compiler generated dependencies of target msgs__rosidl_generator_py[0m
[ 82%] [32mBuilding C object CMakeFiles/msgs__rosidl_generator_py.dir/rosidl_generator_py/msgs/msg/_ball_result_s.c.o[0m
[ 84%] [32mBuilding C object CMakeFiles/msgs__rosidl_generator_py.dir/rosidl_generator_py/msgs/msg/_hurdle_result_s.c.o[0m
[ 85%] [32mBuilding C object CMakeFiles/msgs__rosidl_generator_py.dir/rosidl_generator_py/msgs/msg/_motion_end_s.c.o[0m
[ 87%] [32mBuilding C object CMakeFiles/msgs__rosidl_generator_py.dir/rosidl_generator_py/msgs/msg/_line_result_s.c.o[0m
[ 88%] [32mBuilding C object CMakeFiles/msgs__rosidl_generator_py.dir/rosidl_generator_py/msgs/msg/_motion_command_s.c.o[0m
[ 90%] [32m[1mLinking C shared library rosidl_generator_py/msgs/libmsgs__rosidl_generator_py.so[0m
[ 90%] Built target msgs__rosidl_generator_py
[35m[1mConsolidate compiler generated dependencies of target msgs__rosidl_typesupport_fastrtps_c__pyext[0m
[35m[1mConsolidate compiler generated dependencies of target msgs__rosidl_typesupport_introspection_c__pyext[0m
[35m[1mConsolidate compiler generated dependencies of target msgs__rosidl_typesupport_c__pyext[0m
[ 92%] [32mBuilding C object CMakeFiles/msgs__rosidl_typesupport_c__pyext.dir/rosidl_generator_py/msgs/_msgs_s.ep.rosidl_typesupport_c.c.o[0m
[ 93%] [32mBuilding C object CMakeFiles/msgs__rosidl_typesupport_fastrtps_c__pyext.dir/rosidl_generator_py/msgs/_msgs_s.ep.rosidl_typesupport_fastrtps_c.c.o[0m
[ 95%] [32mBuilding C object CMakeFiles/msgs__rosidl_typesupport_introspection_c__pyext.dir/rosidl_generator_py/msgs/_msgs_s.ep.rosidl_typesupport_introspection_c.c.o[0m
[ 96%] [32m[1mLinking C shared library rosidl_generator_py/msgs/msgs_s__rosidl_typesupport_fastrtps_c.cpython-310-x86_64-linux-gnu.so[0m
[ 98%] [32m[1mLinking C shared library rosidl_generator_py/msgs/msgs_s__rosidl_typesupport_c.cpython-310-x86_64-linux-gnu.so[0m
[100%] [32m[1mLinking C shared library rosidl_generator_py/msgs/msgs_s__rosidl_typesupport_introspection_c.cpython-310-x86_64-linux-gnu.so[0m
[100%] Built target msgs__rosidl_typesupport_fastrtps_c__pyext
[100%] Built target msgs__rosidl_typesupport_introspection_c__pyext
[100%] Built target msgs__rosidl_typesupport_c__pyext
-- Install configuration: ""
-- Up-to-date: /home/pyy/irc/install/msgs/share/ament_index/resource_index/rosidl_interfaces/msgs
-- Up-to-date: /home/pyy/irc/install/msgs/include/msgs/msgs
-- Up-to-date: /home/pyy/irc/install/msgs/include/msgs/msgs/msg
-- Installing: /home/pyy/irc/install/msgs/include/msgs/msgs/msg/ball_result.h
-- Installing: /home/pyy/irc/install/msgs/include/msgs/msgs/msg/motion_end.h
-- Up-to-date: /home/pyy/irc/install/msgs/include/msgs/msgs/msg/rosidl_generator_c__visibility_control.h
-- Installing: /home/pyy/irc/install/msgs/include/msgs/msgs/msg/line_result.h
-- Up-to-date: /home/pyy/irc/install/msgs/include/msgs/msgs/msg/detail
-- Installing: /home/pyy/irc/install/msgs/include/msgs/msgs/msg/detail/motion_command__functions.h
-- Installing: /home/pyy/irc/install/msgs/include/msgs/msgs/msg/detail/motion_command__struct.h
-- Installing: /home/pyy/irc/install/msgs/include/msgs/msgs/msg/detail/hurdle_result__functions.h
-- Installing: /home/pyy/irc/install/msgs/include/msgs/msgs/msg/detail/motion_end__functions.h
-- Installing: /home/pyy/irc/install/msgs/include/msgs/msgs/msg/detail/hurdle_result__type_support.h
-- Installing: /home/pyy/irc/install/msgs/include/msgs/msgs/msg/detail/line_result__type_support.h
-- Installing: /home/pyy/irc/install/msgs/include/msgs/msgs/msg/detail/ball_result__type_support.h
-- Installing: /home/pyy/irc/install/msgs/include/msgs/msgs/msg/detail/hurdle_result__struct.h
-- Installing: /home/pyy/irc/install/msgs/include/msgs/msgs/msg/detail/line_result__struct.h
-- Installing: /home/pyy/irc/install/msgs/include/msgs/msgs/msg/detail/ball_result__functions.h
-- Installing: /home/pyy/irc/install/msgs/include/msgs/msgs/msg/detail/motion_command__type_support.h
-- Installing: /home/pyy/irc/install/msgs/include/msgs/msgs/msg/detail/motion_end__struct.h
-- Installing: /home/pyy/irc/install/msgs/include/msgs/msgs/msg/detail/ball_result__functions.c
-- Installing: /home/pyy/irc/install/msgs/include/msgs/msgs/msg/detail/line_result__functions.c
-- Installing: /home/pyy/irc/install/msgs/include/msgs/msgs/msg/detail/motion_end__functions.c
-- Installing: /home/pyy/irc/install/msgs/include/msgs/msgs/msg/detail/hurdle_result__functions.c
-- Installing: /home/pyy/irc/install/msgs/include/msgs/msgs/msg/detail/motion_command__functions.c
-- Installing: /home/pyy/irc/install/msgs/include/msgs/msgs/msg/detail/motion_end__type_support.h
-- Installing: /home/pyy/irc/install/msgs/include/msgs/msgs/msg/detail/ball_result__struct.h
-- Installing: /home/pyy/irc/install/msgs/include/msgs/msgs/msg/detail/line_result__functions.h
-- Installing: /home/pyy/irc/install/msgs/include/msgs/msgs/msg/motion_command.h
-- Installing: /home/pyy/irc/install/msgs/include/msgs/msgs/msg/hurdle_result.h
-- Up-to-date: /home/pyy/irc/install/msgs/share/msgs/environment/library_path.sh
-- Installing: /home/pyy/irc/install/msgs/share/msgs/environment/library_path.dsv
-- Installing: /home/pyy/irc/install/msgs/lib/libmsgs__rosidl_generator_c.so
-- Set runtime path of "/home/pyy/irc/install/msgs/lib/libmsgs__rosidl_generator_c.so" to ""
-- Up-to-date: /home/pyy/irc/install/msgs/include/msgs/msgs
-- Up-to-date: /home/pyy/irc/install/msgs/include/msgs/msgs/msg
-- Up-to-date: /home/pyy/irc/install/msgs/include/msgs/msgs/msg/rosidl_typesupport_fastrtps_c__visibility_control.h
-- Up-to-date: /home/pyy/irc/install/msgs/include/msgs/msgs/msg/detail
-- Installing: /home/pyy/irc/install/msgs/include/msgs/msgs/msg/detail/line_result__rosidl_typesupport_fastrtps_c.h
-- Installing: /home/pyy/irc/install/msgs/include/msgs/msgs/msg/detail/ball_result__rosidl_typesupport_fastrtps_c.h
-- Installing: /home/pyy/irc/install/msgs/include/msgs/msgs/msg/detail/motion_end__rosidl_typesupport_fastrtps_c.h
-- Installing: /home/pyy/irc/install/msgs/include/msgs/msgs/msg/detail/motion_command__rosidl_typesupport_fastrtps_c.h
-- Installing: /home/pyy/irc/install/msgs/include/msgs/msgs/msg/detail/hurdle_result__rosidl_typesupport_fastrtps_c.h
-- Installing: /home/pyy/irc/install/msgs/lib/libmsgs__rosidl_typesupport_fastrtps_c.so
-- Set runtime path of "/home/pyy/irc/install/msgs/lib/libmsgs__rosidl_typesupport_fastrtps_c.so" to ""
-- Up-to-date: /home/pyy/irc/install/msgs/include/msgs/msgs
-- Up-to-date: /home/pyy/irc/install/msgs/include/msgs/msgs/msg
-- Up-to-date: /home/pyy/irc/install/msgs/include/msgs/msgs/msg/detail
-- Installing: /home/pyy/irc/install/msgs/include/msgs/msgs/msg/detail/line_result__type_support.c
-- Installing: /home/pyy/irc/install/msgs/include/msgs/msgs/msg/detail/ball_result__type_support.c
-- Installing: /home/pyy/irc/install/msgs/include/msgs/msgs/msg/detail/motion_end__rosidl_typesupport_introspection_c.h
-- Installing: /home/pyy/irc/install/msgs/include/msgs/msgs/msg/detail/line_result__rosidl_typesupport_introspection_c.h
-- Installing: /home/pyy/irc/install/msgs/include/msgs/msgs/msg/detail/motion_end__type_support.c
-- Installing: /home/pyy/irc/install/msgs/include/msgs/msgs/msg/detail/hurdle_result__rosidl_typesupport_introspection_c.h
-- Installing: /home/pyy/irc/install/msgs/include/msgs/msgs/msg/detail/motion_command__rosidl_typesupport_introspection_c.h
-- Installing: /home/pyy/irc/install/msgs/include/msgs/msgs/msg/detail/ball_result__rosidl_typesupport_introspection_c.h
-- Installing: /home/pyy/irc/install/msgs/include/msgs/msgs/msg/detail/motion_command__type_support.c
-- Installing: /home/pyy/irc/install/msgs/include/msgs/msgs/msg/detail/hurdle_result__type_support.c
-- Up-to-date: /home/pyy/irc/install/msgs/include/msgs/msgs/msg/rosidl_typesupport_introspection_c__visibility_control.h
-- Installing: /home/pyy/irc/install/msgs/lib/libmsgs__rosidl_typesupport_introspection_c.so
-- Set runtime path of "/home/pyy/irc/install/msgs/lib/libmsgs__rosidl_typesupport_introspection_c.so" to ""
-- Installing: /home/pyy/irc/install/msgs/lib/libmsgs__rosidl_typesupport_c.so
-- Set runtime path of "/home/pyy/irc/install/msgs/lib/libmsgs__rosidl_typesupport_c.so" to ""
-- Up-to-date: /home/pyy/irc/install/msgs/include/msgs/msgs
-- Up-to-date: /home/pyy/irc/install/msgs/include/msgs/msgs/msg
-- Up-to-date: /home/pyy/irc/install/msgs/include/msgs/msgs/msg/rosidl_generator_cpp__visibility_control.hpp
-- Installing: /home/pyy/irc/install/msgs/include/msgs/msgs/msg/ball_result.hpp
-- Installing: /home/pyy/irc/install/msgs/include/msgs/msgs/msg/motion_command.hpp
-- Installing: /home/pyy/irc/install/msgs/include/msgs/msgs/msg/motion_end.hpp
-- Installing: /home/pyy/irc/install/msgs/include/msgs/msgs/msg/hurdle_result.hpp
-- Up-to-date: /home/pyy/irc/install/msgs/include/msgs/msgs/msg/detail
-- Installing: /home/pyy/irc/install/msgs/include/msgs/msgs/msg/detail/hurdle_result__traits.hpp
-- Installing: /home/pyy/irc/install/msgs/include/msgs/msgs/msg/detail/ball_result__struct.hpp
-- Installing: /home/pyy/irc/install/msgs/include/msgs/msgs/msg/detail/motion_end__struct.hpp
-- Installing: /home/pyy/irc/install/msgs/include/msgs/msgs/msg/detail/hurdle_result__struct.hpp
-- Installing: /home/pyy/irc/install/msgs/include/msgs/msgs/msg/detail/line_result__traits.hpp
-- Installing: /home/pyy/irc/install/msgs/include/msgs/msgs/msg/detail/line_result__type_support.hpp
-- Installing: /home/pyy/irc/install/msgs/include/msgs/msgs/msg/detail/motion_command__struct.hpp
-- Installing: /home/pyy/irc/install/msgs/include/msgs/msgs/msg/detail/ball_result__builder.hpp
-- Installing: /home/pyy/irc/install/msgs/include/msgs/msgs/msg/detail/hurdle_result__type_support.hpp
-- Installing: /home/pyy/irc/install/msgs/include/msgs/msgs/msg/detail/ball_result__traits.hpp
-- Installing: /home/pyy/irc/install/msgs/include/msgs/msgs/msg/detail/motion_end__type_support.hpp
-- Installing: /home/pyy/irc/install/msgs/include/msgs/msgs/msg/detail/motion_end__traits.hpp
-- Installing: /home/pyy/irc/install/msgs/include/msgs/msgs/msg/detail/motion_command__builder.hpp
-- Installing: /home/pyy/irc/install/msgs/include/msgs/msgs/msg/detail/ball_result__type_support.hpp
-- Installing: /home/pyy/irc/install/msgs/include/msgs/msgs/msg/detail/line_result__builder.hpp
-- Installing: /home/pyy/irc/install/msgs/include/msgs/msgs/msg/detail/motion_command__traits.hpp
-- Installing: /home/pyy/irc/install/msgs/include/msgs/msgs/msg/detail/hurdle_result__builder.hpp
-- Installing: /home/pyy/irc/install/msgs/include/msgs/msgs/msg/detail/motion_end__builder.hpp
-- Installing: /home/pyy/irc/install/msgs/include/msgs/msgs/msg/detail/motion_command__type_support.hpp
-- Installing: /home/pyy/irc/install/msgs/include/msgs/msgs/msg/detail/line_result__struct.hpp
-- Installing: /home/pyy/irc/install/msgs/include/msgs/msgs/msg/line_result.hpp
-- Up-to-date: /home/pyy/irc/install/msgs/include/msgs/msgs
-- Up-to-date: /home/pyy/irc/install/msgs/include/msgs/msgs/msg
-- Up-to-date: /home/pyy/irc/install/msgs/include/msgs/msgs/msg/detail
-- Up-to-date: /home/pyy/irc/install/msgs/include/msgs/msgs/msg/detail/dds_fastrtps
-- Installing: /home/pyy/irc/install/msgs/include/msgs/msgs/msg/detail/line_result__rosidl_typesupport_fastrtps_cpp.hpp
-- Installing: /home/pyy/irc/install/msgs/include/msgs/msgs/msg/detail/motion_end__rosidl_typesupport_fastrtps_cpp.hpp
-- Installing: /home/pyy/irc/install/msgs/include/msgs/msgs/msg/detail/hurdle_result__rosidl_typesupport_fastrtps_cpp.hpp
-- Installing: /home/pyy/irc/install/msgs/include/msgs/msgs/msg/detail/motion_command__rosidl_typesupport_fastrtps_cpp.hpp
-- Installing: /home/pyy/irc/install/msgs/include/msgs/msgs/msg/detail/ball_result__rosidl_typesupport_fastrtps_cpp.hpp
-- Up-to-date: /home/pyy/irc/install/msgs/include/msgs/msgs/msg/rosidl_typesupport_fastrtps_cpp__visibility_control.h
-- Installing: /home/pyy/irc/install/msgs/lib/libmsgs__rosidl_typesupport_fastrtps_cpp.so
-- Set runtime path of "/home/pyy/irc/install/msgs/lib/libmsgs__rosidl_typesupport_fastrtps_cpp.so" to ""
-- Up-to-date: /home/pyy/irc/install/msgs/include/msgs/msgs
-- Up-to-date: /home/pyy/irc/install/msgs/include/msgs/msgs/msg
-- Up-to-date: /home/pyy/irc/install/msgs/include/msgs/msgs/msg/detail
-- Installing: /home/pyy/irc/install/msgs/include/msgs/msgs/msg/detail/ball_result__rosidl_typesupport_introspection_cpp.hpp
-- Installing: /home/pyy/irc/install/msgs/include/msgs/msgs/msg/detail/motion_end__type_support.cpp
-- Installing: /home/pyy/irc/install/msgs/include/msgs/msgs/msg/detail/hurdle_result__rosidl_typesupport_introspection_cpp.hpp
-- Installing: /home/pyy/irc/install/msgs/include/msgs/msgs/msg/detail/line_result__type_support.cpp
-- Installing: /home/pyy/irc/install/msgs/include/msgs/msgs/msg/detail/motion_command__type_support.cpp
-- Installing: /home/pyy/irc/install/msgs/include/msgs/msgs/msg/detail/motion_command__rosidl_typesupport_introspection_cpp.hpp
-- Installing: /home/pyy/irc/install/msgs/include/msgs/msgs/msg/detail/line_result__rosidl_typesupport_introspection_cpp.hpp
-- Installing: /home/pyy/irc/install/msgs/include/msgs/msgs/msg/detail/hurdle_result__type_support.cpp
-- Installing: /home/pyy/irc/install/msgs/include/msgs/msgs/msg/detail/ball_result__type_support.cpp
-- Installing: /home/pyy/irc/install/msgs/include/msgs/msgs/msg/detail/motion_end__rosidl_typesupport_introspection_cpp.hpp
-- Installing: /home/pyy/irc/install/msgs/lib/libmsgs__rosidl_typesupport_introspection_cpp.so
-- Set runtime path of "/home/pyy/irc/install/msgs/lib/libmsgs__rosidl_typesupport_introspection_cpp.so" to ""
-- Installing: /home/pyy/irc/install/msgs/lib/libmsgs__rosidl_typesupport_cpp.so
-- Set runtime path of "/home/pyy/irc/install/msgs/lib/libmsgs__rosidl_typesupport_cpp.so" to ""
-- Up-to-date: /home/pyy/irc/install/msgs/share/msgs/environment/pythonpath.sh
-- Installing: /home/pyy/irc/install/msgs/share/msgs/environment/pythonpath.dsv
-- Up-to-date: /home/pyy/irc/install/msgs/local/lib/python3.10/dist-packages/msgs-0.0.0-py3.10.egg-info
-- Installing: /home/pyy/irc/install/msgs/local/lib/python3.10/dist-packages/msgs-0.0.0-py3.10.egg-info/SOURCES.txt
-- Installing: /home/pyy/irc/install/msgs/local/lib/python3.10/dist-packages/msgs-0.0.0-py3.10.egg-info/dependency_links.txt
-- Installing: /home/pyy/irc/install/msgs/local/lib/python3.10/dist-packages/msgs-0.0.0-py3.10.egg-info/PKG-INFO
-- Installing: /home/pyy/irc/install/msgs/local/lib/python3.10/dist-packages/msgs-0.0.0-py3.10.egg-info/top_level.txt
-- Up-to-date: /home/pyy/irc/install/msgs/local/lib/python3.10/dist-packages/msgs
-- Installing: /home/pyy/irc/install/msgs/local/lib/python3.10/dist-packages/msgs/_msgs_s.ep.rosidl_typesupport_c.c
-- Installing: /home/pyy/irc/install/msgs/local/lib/python3.10/dist-packages/msgs/msgs_s__rosidl_typesupport_introspection_c.cpython-310-x86_64-linux-gnu.so
-- Up-to-date: /home/pyy/irc/install/msgs/local/lib/python3.10/dist-packages/msgs/msg
-- Installing: /home/pyy/irc/install/msgs/local/lib/python3.10/dist-packages/msgs/msg/_motion_command_s.c
-- Installing: /home/pyy/irc/install/msgs/local/lib/python3.10/dist-packages/msgs/msg/_line_result_s.c
-- Installing: /home/pyy/irc/install/msgs/local/lib/python3.10/dist-packages/msgs/msg/_motion_end_s.c
-- Installing: /home/pyy/irc/install/msgs/local/lib/python3.10/dist-packages/msgs/msg/_hurdle_result_s.c
-- Installing: /home/pyy/irc/install/msgs/local/lib/python3.10/dist-packages/msgs/msg/_ball_result.py
-- Installing: /home/pyy/irc/install/msgs/local/lib/python3.10/dist-packages/msgs/msg/_motion_command.py
-- Installing: /home/pyy/irc/install/msgs/local/lib/python3.10/dist-packages/msgs/msg/_ball_result_s.c
-- Installing: /home/pyy/irc/install/msgs/local/lib/python3.10/dist-packages/msgs/msg/_hurdle_result.py
-- Installing: /home/pyy/irc/install/msgs/local/lib/python3.10/dist-packages/msgs/msg/_line_result.py
-- Installing: /home/pyy/irc/install/msgs/local/lib/python3.10/dist-packages/msgs/msg/_motion_end.py
-- Installing: /home/pyy/irc/install/msgs/local/lib/python3.10/dist-packages/msgs/msg/__init__.py
-- Installing: /home/pyy/irc/install/msgs/local/lib/python3.10/dist-packages/msgs/_msgs_s.ep.rosidl_typesupport_fastrtps_c.c
-- Installing: /home/pyy/irc/install/msgs/local/lib/python3.10/dist-packages/msgs/_msgs_s.ep.rosidl_typesupport_introspection_c.c
-- Installing: /home/pyy/irc/install/msgs/local/lib/python3.10/dist-packages/msgs/msgs_s__rosidl_typesupport_fastrtps_c.cpython-310-x86_64-linux-gnu.so
-- Installing: /home/pyy/irc/install/msgs/local/lib/python3.10/dist-packages/msgs/msgs_s__rosidl_typesupport_c.cpython-310-x86_64-linux-gnu.so
-- Installing: /home/pyy/irc/install/msgs/local/lib/python3.10/dist-packages/msgs/__init__.py
-- Installing: /home/pyy/irc/install/msgs/local/lib/python3.10/dist-packages/msgs/libmsgs__rosidl_generator_py.so
Listing '/home/pyy/irc/install/msgs/local/lib/python3.10/dist-packages/msgs'...
Compiling '/home/pyy/irc/install/msgs/local/lib/python3.10/dist-packages/msgs/__init__.py'...
Listing '/home/pyy/irc/install/msgs/local/lib/python3.10/dist-packages/msgs/msg'...
Compiling '/home/pyy/irc/install/msgs/local/lib/python3.10/dist-packages/msgs/msg/__init__.py'...
Compiling '/home/pyy/irc/install/msgs/local/lib/python3.10/dist-packages/msgs/msg/_ball_result.py'...
Compiling '/home/pyy/irc/install/msgs/local/lib/python3.10/dist-packages/msgs/msg/_hurdle_result.py'...
Compiling '/home/pyy/irc/install/msgs/local/lib/python3.10/dist-packages/msgs/msg/_line_result.py'...
Compiling '/home/pyy/irc/install/msgs/local/lib/python3.10/dist-packages/msgs/msg/_motion_command.py'...
Compiling '/home/pyy/irc/install/msgs/local/lib/python3.10/dist-packages/msgs/msg/_motion_end.py'...
-- Installing: /home/pyy/irc/install/msgs/local/lib/python3.10/dist-packages/msgs/msgs_s__rosidl_typesupport_fastrtps_c.cpython-310-x86_64-linux-gnu.so
-- Set runtime path of "/home/pyy/irc/install/msgs/local/lib/python3.10/dist-packages/msgs/msgs_s__rosidl_typesupport_fastrtps_c.cpython-310-x86_64-linux-gnu.so" to ""
-- Installing: /home/pyy/irc/install/msgs/local/lib/python3.10/dist-packages/msgs/msgs_s__rosidl_typesupport_introspection_c.cpython-310-x86_64-linux-gnu.so
-- Set runtime path of "/home/pyy/irc/install/msgs/local/lib/python3.10/dist-packages/msgs/msgs_s__rosidl_typesupport_introspection_c.cpython-310-x86_64-linux-gnu.so" to ""
-- Installing: /home/pyy/irc/install/msgs/local/lib/python3.10/dist-packages/msgs/msgs_s__rosidl_typesupport_c.cpython-310-x86_64-linux-gnu.so
-- Set runtime path of "/home/pyy/irc/install/msgs/local/lib/python3.10/dist-packages/msgs/msgs_s__rosidl_typesupport_c.cpython-310-x86_64-linux-gnu.so" to ""
-- Installing: /home/pyy/irc/install/msgs/lib/libmsgs__rosidl_generator_py.so
-- Set runtime path of "/home/pyy/irc/install/msgs/lib/libmsgs__rosidl_generator_py.so" to ""
-- Installing: /home/pyy/irc/install/msgs/share/msgs/msg/LineResult.idl
-- Up-to-date: /home/pyy/irc/install/msgs/share/msgs/msg/BallResult.idl
-- Up-to-date: /home/pyy/irc/install/msgs/share/msgs/msg/HurdleResult.idl
-- Up-to-date: /home/pyy/irc/install/msgs/share/msgs/msg/MotionEnd.idl
-- Up-to-date: /home/pyy/irc/install/msgs/share/msgs/msg/MotionCommand.idl
-- Installing: /home/pyy/irc/install/msgs/share/msgs/msg/LineResult.msg
-- Up-to-date: /home/pyy/irc/install/msgs/share/msgs/msg/BallResult.msg
-- Up-to-date: /home/pyy/irc/install/msgs/share/msgs/msg/HurdleResult.msg
-- Up-to-date: /home/pyy/irc/install/msgs/share/msgs/msg/MotionEnd.msg
-- Up-to-date: /home/pyy/irc/install/msgs/share/msgs/msg/MotionCommand.msg
-- Up-to-date: /home/pyy/irc/install/msgs/share/ament_index/resource_index/package_run_dependencies/msgs
-- Up-to-date: /home/pyy/irc/install/msgs/share/ament_index/resource_index/parent_prefix_path/msgs
-- Up-to-date: /home/pyy/irc/install/msgs/share/msgs/environment/ament_prefix_path.sh
-- Installing: /home/pyy/irc/install/msgs/share/msgs/environment/ament_prefix_path.dsv
-- Up-to-date: /home/pyy/irc/install/msgs/share/msgs/environment/path.sh
-- Installing: /home/pyy/irc/install/msgs/share/msgs/environment/path.dsv
-- Up-to-date: /home/pyy/irc/install/msgs/share/msgs/local_setup.bash
-- Up-to-date: /home/pyy/irc/install/msgs/share/msgs/local_setup.sh
-- Up-to-date: /home/pyy/irc/install/msgs/share/msgs/local_setup.zsh
-- Installing: /home/pyy/irc/install/msgs/share/msgs/local_setup.dsv
-- Installing: /home/pyy/irc/install/msgs/share/msgs/package.dsv
-- Up-to-date: /home/pyy/irc/install/msgs/share/ament_index/resource_index/packages/msgs
-- Up-to-date: /home/pyy/irc/install/msgs/share/msgs/cmake/export_msgs__rosidl_generator_cExport.cmake
-- Up-to-date: /home/pyy/irc/install/msgs/share/msgs/cmake/export_msgs__rosidl_generator_cExport-noconfig.cmake
-- Up-to-date: /home/pyy/irc/install/msgs/share/msgs/cmake/export_msgs__rosidl_typesupport_fastrtps_cExport.cmake
-- Up-to-date: /home/pyy/irc/install/msgs/share/msgs/cmake/export_msgs__rosidl_typesupport_fastrtps_cExport-noconfig.cmake
-- Up-to-date: /home/pyy/irc/install/msgs/share/msgs/cmake/msgs__rosidl_typesupport_introspection_cExport.cmake
-- Up-to-date: /home/pyy/irc/install/msgs/share/msgs/cmake/msgs__rosidl_typesupport_introspection_cExport-noconfig.cmake
-- Up-to-date: /home/pyy/irc/install/msgs/share/msgs/cmake/msgs__rosidl_typesupport_cExport.cmake
-- Up-to-date: /home/pyy/irc/install/msgs/share/msgs/cmake/msgs__rosidl_typesupport_cExport-noconfig.cmake
-- Up-to-date: /home/pyy/irc/install/msgs/share/msgs/cmake/export_msgs__rosidl_generator_cppExport.cmake
-- Up-to-date: /home/pyy/irc/install/msgs/share/msgs/cmake/export_msgs__rosidl_typesupport_fastrtps_cppExport.cmake
-- Up-to-date: /home/pyy/irc/install/msgs/share/msgs/cmake/export_msgs__rosidl_typesupport_fastrtps_cppExport-noconfig.cmake
-- Up-to-date: /home/pyy/irc/install/msgs/share/msgs/cmake/msgs__rosidl_typesupport_introspection_cppExport.cmake
-- Up-to-date: /home/pyy/irc/install/msgs/share/msgs/cmake/msgs__rosidl_typesupport_introspection_cppExport-noconfig.cmake
-- Up-to-date: /home/pyy/irc/install/msgs/share/msgs/cmake/msgs__rosidl_typesupport_cppExport.cmake
-- Up-to-date: /home/pyy/irc/install/msgs/share/msgs/cmake/msgs__rosidl_typesupport_cppExport-noconfig.cmake
-- Up-to-date: /home/pyy/irc/install/msgs/share/msgs/cmake/export_msgs__rosidl_generator_pyExport.cmake
-- Up-to-date: /home/pyy/irc/install/msgs/share/msgs/cmake/export_msgs__rosidl_generator_pyExport-noconfig.cmake
-- Up-to-date: /home/pyy/irc/install/msgs/share/msgs/cmake/rosidl_cmake-extras.cmake
-- Up-to-date: /home/pyy/irc/install/msgs/share/msgs/cmake/ament_cmake_export_dependencies-extras.cmake
-- Up-to-date: /home/pyy/irc/install/msgs/share/msgs/cmake/ament_cmake_export_include_directories-extras.cmake
-- Up-to-date: /home/pyy/irc/install/msgs/share/msgs/cmake/ament_cmake_export_libraries-extras.cmake
-- Up-to-date: /home/pyy/irc/install/msgs/share/msgs/cmake/ament_cmake_export_targets-extras.cmake
-- Up-to-date: /home/pyy/irc/install/msgs/share/msgs/cmake/rosidl_cmake_export_typesupport_targets-extras.cmake
-- Up-to-date: /home/pyy/irc/install/msgs/share/msgs/cmake/rosidl_cmake_export_typesupport_libraries-extras.cmake
-- Up-to-date: /home/pyy/irc/install/msgs/share/msgs/cmake/msgsConfig.cmake
-- Up-to-date: /home/pyy/irc/install/msgs/share/msgs/cmake/msgsConfig-version.cmake
-- Up-to-date: /home/pyy/irc/install/msgs/share/msgs/package.xml
