[0.011s] Invoking command in '/home/pyy/irc/build/msgs': CMAKE_PREFIX_PATH=${CMAKE_PREFIX_PATH}:/home/pyy/irc/install/decision:/home/pyy/ros2_ws/install/my_python_pkg:/opt/ros/humble /usr/bin/cmake --build /home/pyy/irc/build/msgs -- -j8 -l8
[0.038s] -- Found ament_cmake: 1.3.13 (/opt/ros/humble/share/ament_cmake/cmake)
[0.172s] -- Found rosidl_default_generators: 1.2.0 (/opt/ros/humble/share/rosidl_default_generators/cmake)
[0.174s] -- Using all available rosidl_typesupport_c: rosidl_typesupport_fastrtps_c;rosidl_typesupport_introspection_c
[0.177s] -- Found rosidl_adapter: 3.1.8 (/opt/ros/humble/share/rosidl_adapter/cmake)
[0.206s] -- Using all available rosidl_typesupport_cpp: rosidl_typesupport_fastrtps_cpp;rosidl_typesupport_introspection_cpp
[0.231s] -- Found std_msgs: 4.9.1 (/opt/ros/humble/share/std_msgs/cmake)
[0.547s] -- Found ament_cmake_ros: 0.10.0 (/opt/ros/humble/share/ament_cmake_ros/cmake)
[0.781s] -- Using all available rosidl_typesupport_c: rosidl_typesupport_fastrtps_c;rosidl_typesupport_introspection_c
[1.088s] -- Using all available rosidl_typesupport_cpp: rosidl_typesupport_fastrtps_cpp;rosidl_typesupport_introspection_cpp
[1.112s] -- Found python_cmake_module: 0.10.0 (/opt/ros/humble/share/python_cmake_module/cmake)
[1.135s] -- Using PYTHON_EXECUTABLE: /usr/bin/python3
[1.135s] -- Using PYTHON_INCLUDE_DIRS: /usr/include/python3.10
[1.135s] -- Using PYTHON_LIBRARIES: /usr/lib/x86_64-linux-gnu/libpython3.10.so
[1.166s] -- Found ament_lint_auto: 0.12.15 (/opt/ros/humble/share/ament_lint_auto/cmake)
[1.175s] -- Added test 'lint_cmake' to check CMake code style
[1.176s] -- Added test 'xmllint' to check XML markup files
[1.179s] -- Configuring done
[1.221s] -- Generating done
[1.235s] -- Build files have been written to: /home/pyy/irc/build/msgs
[1.262s] [  1%] [34m[1mGenerating C code for ROS interfaces[0m
[1.271s] [  3%] [34m[1mGenerating C++ code for ROS interfaces[0m
[1.281s] [  3%] Built target ament_cmake_python_copy_msgs
[1.589s] running egg_info
[1.590s] writing msgs.egg-info/PKG-INFO
[1.591s] writing dependency_links to msgs.egg-info/dependency_links.txt
[1.591s] writing top-level names to msgs.egg-info/top_level.txt
[1.594s] reading manifest file 'msgs.egg-info/SOURCES.txt'
[1.595s] writing manifest file 'msgs.egg-info/SOURCES.txt'
[1.632s] [  3%] Built target ament_cmake_python_build_msgs_egg
[1.835s] [35m[1mConsolidate compiler generated dependencies of target msgs__rosidl_generator_c[0m
[1.854s] [  4%] [32mBuilding C object CMakeFiles/msgs__rosidl_generator_c.dir/rosidl_generator_c/msgs/msg/detail/line_result__functions.c.o[0m
[1.857s] [  6%] [32mBuilding C object CMakeFiles/msgs__rosidl_generator_c.dir/rosidl_generator_c/msgs/msg/detail/ball_result__functions.c.o[0m
[1.862s] [  7%] [32mBuilding C object CMakeFiles/msgs__rosidl_generator_c.dir/rosidl_generator_c/msgs/msg/detail/hurdle_result__functions.c.o[0m
[1.863s] [  9%] [32mBuilding C object CMakeFiles/msgs__rosidl_generator_c.dir/rosidl_generator_c/msgs/msg/detail/motion_end__functions.c.o[0m
[1.864s] [ 11%] [32mBuilding C object CMakeFiles/msgs__rosidl_generator_c.dir/rosidl_generator_c/msgs/msg/detail/motion_command__functions.c.o[0m
[1.872s] [ 11%] Built target msgs__cpp
[1.898s] [ 12%] [34m[1mGenerating C++ type support for eProsima Fast-RTPS[0m
[1.901s] [ 14%] [34m[1mGenerating C++ type support dispatch for ROS interfaces[0m
[1.908s] [ 15%] [34m[1mGenerating C++ introspection for ROS interfaces[0m
[1.946s] [ 17%] [32m[1mLinking C shared library libmsgs__rosidl_generator_c.so[0m
[2.002s] [ 17%] Built target msgs__rosidl_generator_c
[2.016s] [ 19%] [34m[1mGenerating C type support for eProsima Fast-RTPS[0m
[2.017s] [ 20%] [34m[1mGenerating C type support dispatch for ROS interfaces[0m
[2.020s] [ 22%] [34m[1mGenerating C introspection for ROS interfaces[0m
[2.362s] [35m[1mConsolidate compiler generated dependencies of target msgs__rosidl_typesupport_cpp[0m
[2.390s] [ 23%] [32mBuilding CXX object CMakeFiles/msgs__rosidl_typesupport_cpp.dir/rosidl_typesupport_cpp/msgs/msg/line_result__type_support.cpp.o[0m
[2.395s] [ 25%] [32mBuilding CXX object CMakeFiles/msgs__rosidl_typesupport_cpp.dir/rosidl_typesupport_cpp/msgs/msg/ball_result__type_support.cpp.o[0m
[2.403s] [ 26%] [32mBuilding CXX object CMakeFiles/msgs__rosidl_typesupport_cpp.dir/rosidl_typesupport_cpp/msgs/msg/hurdle_result__type_support.cpp.o[0m
[2.688s] [35m[1mConsolidate compiler generated dependencies of target msgs__rosidl_typesupport_c[0m
[2.704s] [ 28%] [32mBuilding CXX object CMakeFiles/msgs__rosidl_typesupport_c.dir/rosidl_typesupport_c/msgs/msg/line_result__type_support.cpp.o[0m
[2.719s] [35m[1mConsolidate compiler generated dependencies of target msgs__rosidl_typesupport_introspection_cpp[0m
[2.719s] [35m[1mConsolidate compiler generated dependencies of target msgs__rosidl_typesupport_fastrtps_cpp[0m
[2.757s] [ 30%] [32mBuilding CXX object CMakeFiles/msgs__rosidl_typesupport_introspection_cpp.dir/rosidl_typesupport_introspection_cpp/msgs/msg/detail/line_result__type_support.cpp.o[0m
[2.759s] [ 31%] [32mBuilding CXX object CMakeFiles/msgs__rosidl_typesupport_fastrtps_cpp.dir/rosidl_typesupport_fastrtps_cpp/msgs/msg/detail/dds_fastrtps/line_result__type_support.cpp.o[0m
[2.773s] [ 33%] [32mBuilding CXX object CMakeFiles/msgs__rosidl_typesupport_c.dir/rosidl_typesupport_c/msgs/msg/ball_result__type_support.cpp.o[0m
[2.822s] [35m[1mConsolidate compiler generated dependencies of target msgs__rosidl_typesupport_introspection_c[0m
[2.843s] [ 34%] [32mBuilding CXX object CMakeFiles/msgs__rosidl_typesupport_c.dir/rosidl_typesupport_c/msgs/msg/hurdle_result__type_support.cpp.o[0m
[2.864s] [ 36%] [32mBuilding C object CMakeFiles/msgs__rosidl_typesupport_introspection_c.dir/rosidl_typesupport_introspection_c/msgs/msg/detail/line_result__type_support.c.o[0m
[2.871s] [35m[1mConsolidate compiler generated dependencies of target msgs__rosidl_typesupport_fastrtps_c[0m
[2.902s] [ 38%] [32mBuilding CXX object CMakeFiles/msgs__rosidl_typesupport_c.dir/rosidl_typesupport_c/msgs/msg/motion_end__type_support.cpp.o[0m
[2.904s] [ 39%] [32mBuilding C object CMakeFiles/msgs__rosidl_typesupport_introspection_c.dir/rosidl_typesupport_introspection_c/msgs/msg/detail/ball_result__type_support.c.o[0m
[2.906s] [ 41%] [32mBuilding CXX object CMakeFiles/msgs__rosidl_typesupport_fastrtps_c.dir/rosidl_typesupport_fastrtps_c/msgs/msg/detail/line_result__type_support_c.cpp.o[0m
[2.933s] [ 42%] [32mBuilding CXX object CMakeFiles/msgs__rosidl_typesupport_fastrtps_c.dir/rosidl_typesupport_fastrtps_c/msgs/msg/detail/ball_result__type_support_c.cpp.o[0m
[2.963s] [ 44%] [32mBuilding C object CMakeFiles/msgs__rosidl_typesupport_introspection_c.dir/rosidl_typesupport_introspection_c/msgs/msg/detail/hurdle_result__type_support.c.o[0m
[2.990s] [ 46%] [32mBuilding CXX object CMakeFiles/msgs__rosidl_typesupport_c.dir/rosidl_typesupport_c/msgs/msg/motion_command__type_support.cpp.o[0m
[3.012s] [ 47%] [32mBuilding CXX object CMakeFiles/msgs__rosidl_typesupport_fastrtps_c.dir/rosidl_typesupport_fastrtps_c/msgs/msg/detail/hurdle_result__type_support_c.cpp.o[0m
[3.055s] [ 49%] [32mBuilding CXX object CMakeFiles/msgs__rosidl_typesupport_cpp.dir/rosidl_typesupport_cpp/msgs/msg/motion_end__type_support.cpp.o[0m
[3.055s] [ 50%] [32mBuilding C object CMakeFiles/msgs__rosidl_typesupport_introspection_c.dir/rosidl_typesupport_introspection_c/msgs/msg/detail/motion_end__type_support.c.o[0m
[3.062s] [ 52%] [32m[1mLinking CXX shared library libmsgs__rosidl_typesupport_c.so[0m
[3.186s] [ 53%] [32mBuilding C object CMakeFiles/msgs__rosidl_typesupport_introspection_c.dir/rosidl_typesupport_introspection_c/msgs/msg/detail/motion_command__type_support.c.o[0m
[3.191s] [ 53%] Built target msgs__rosidl_typesupport_c
[3.215s] [ 55%] [32mBuilding CXX object CMakeFiles/msgs__rosidl_typesupport_fastrtps_c.dir/rosidl_typesupport_fastrtps_c/msgs/msg/detail/motion_end__type_support_c.cpp.o[0m
[3.286s] [ 57%] [32m[1mLinking C shared library libmsgs__rosidl_typesupport_introspection_c.so[0m
[3.348s] [ 57%] Built target msgs__rosidl_typesupport_introspection_c
[3.362s] [ 58%] [32mBuilding CXX object CMakeFiles/msgs__rosidl_typesupport_fastrtps_c.dir/rosidl_typesupport_fastrtps_c/msgs/msg/detail/motion_command__type_support_c.cpp.o[0m
[3.526s] [ 60%] [32mBuilding CXX object CMakeFiles/msgs__rosidl_typesupport_introspection_cpp.dir/rosidl_typesupport_introspection_cpp/msgs/msg/detail/ball_result__type_support.cpp.o[0m
[3.533s] [ 61%] [32mBuilding CXX object CMakeFiles/msgs__rosidl_typesupport_cpp.dir/rosidl_typesupport_cpp/msgs/msg/motion_command__type_support.cpp.o[0m
[3.611s] [ 63%] [32mBuilding CXX object CMakeFiles/msgs__rosidl_typesupport_fastrtps_cpp.dir/rosidl_typesupport_fastrtps_cpp/msgs/msg/detail/dds_fastrtps/ball_result__type_support.cpp.o[0m
[3.628s] [ 65%] [32mBuilding CXX object CMakeFiles/msgs__rosidl_typesupport_introspection_cpp.dir/rosidl_typesupport_introspection_cpp/msgs/msg/detail/hurdle_result__type_support.cpp.o[0m
[3.632s] [ 66%] [32mBuilding CXX object CMakeFiles/msgs__rosidl_typesupport_introspection_cpp.dir/rosidl_typesupport_introspection_cpp/msgs/msg/detail/motion_end__type_support.cpp.o[0m
[3.711s] [ 68%] [32mBuilding CXX object CMakeFiles/msgs__rosidl_typesupport_fastrtps_cpp.dir/rosidl_typesupport_fastrtps_cpp/msgs/msg/detail/dds_fastrtps/hurdle_result__type_support.cpp.o[0m
[3.903s] [ 69%] [32mBuilding CXX object CMakeFiles/msgs__rosidl_typesupport_introspection_cpp.dir/rosidl_typesupport_introspection_cpp/msgs/msg/detail/motion_command__type_support.cpp.o[0m
[3.960s] [ 71%] [32m[1mLinking CXX shared library libmsgs__rosidl_typesupport_cpp.so[0m
[4.096s] [ 71%] Built target msgs__rosidl_typesupport_cpp
[4.126s] [ 73%] [32mBuilding CXX object CMakeFiles/msgs__rosidl_typesupport_fastrtps_cpp.dir/rosidl_typesupport_fastrtps_cpp/msgs/msg/detail/dds_fastrtps/motion_end__type_support.cpp.o[0m
[4.128s] [ 74%] [32m[1mLinking CXX shared library libmsgs__rosidl_typesupport_fastrtps_c.so[0m
[4.267s] [ 76%] [32mBuilding CXX object CMakeFiles/msgs__rosidl_typesupport_fastrtps_cpp.dir/rosidl_typesupport_fastrtps_cpp/msgs/msg/detail/dds_fastrtps/motion_command__type_support.cpp.o[0m
[4.337s] [ 76%] Built target msgs__rosidl_typesupport_fastrtps_c
[4.535s] [ 77%] [32m[1mLinking CXX shared library libmsgs__rosidl_typesupport_introspection_cpp.so[0m
[4.580s] [ 77%] Built target msgs__rosidl_typesupport_introspection_cpp
[4.712s] [ 79%] [32m[1mLinking CXX shared library libmsgs__rosidl_typesupport_fastrtps_cpp.so[0m
[4.798s] [ 79%] Built target msgs__rosidl_typesupport_fastrtps_cpp
[4.817s] [ 79%] Built target msgs
[4.837s] [ 80%] [34m[1mGenerating Python code for ROS interfaces[0m
[5.468s] [ 80%] Built target msgs__py
[5.478s] [35m[1mConsolidate compiler generated dependencies of target msgs__rosidl_generator_py[0m
[5.502s] [ 82%] [32mBuilding C object CMakeFiles/msgs__rosidl_generator_py.dir/rosidl_generator_py/msgs/msg/_ball_result_s.c.o[0m
[5.502s] [ 84%] [32mBuilding C object CMakeFiles/msgs__rosidl_generator_py.dir/rosidl_generator_py/msgs/msg/_hurdle_result_s.c.o[0m
[5.502s] [ 85%] [32mBuilding C object CMakeFiles/msgs__rosidl_generator_py.dir/rosidl_generator_py/msgs/msg/_motion_end_s.c.o[0m
[5.502s] [ 87%] [32mBuilding C object CMakeFiles/msgs__rosidl_generator_py.dir/rosidl_generator_py/msgs/msg/_line_result_s.c.o[0m
[5.504s] [ 88%] [32mBuilding C object CMakeFiles/msgs__rosidl_generator_py.dir/rosidl_generator_py/msgs/msg/_motion_command_s.c.o[0m
[5.660s] [ 90%] [32m[1mLinking C shared library rosidl_generator_py/msgs/libmsgs__rosidl_generator_py.so[0m
[5.705s] [ 90%] Built target msgs__rosidl_generator_py
[5.716s] [35m[1mConsolidate compiler generated dependencies of target msgs__rosidl_typesupport_fastrtps_c__pyext[0m
[5.716s] [35m[1mConsolidate compiler generated dependencies of target msgs__rosidl_typesupport_introspection_c__pyext[0m
[5.716s] [35m[1mConsolidate compiler generated dependencies of target msgs__rosidl_typesupport_c__pyext[0m
[5.731s] [ 92%] [32mBuilding C object CMakeFiles/msgs__rosidl_typesupport_c__pyext.dir/rosidl_generator_py/msgs/_msgs_s.ep.rosidl_typesupport_c.c.o[0m
[5.731s] [ 93%] [32mBuilding C object CMakeFiles/msgs__rosidl_typesupport_fastrtps_c__pyext.dir/rosidl_generator_py/msgs/_msgs_s.ep.rosidl_typesupport_fastrtps_c.c.o[0m
[5.731s] [ 95%] [32mBuilding C object CMakeFiles/msgs__rosidl_typesupport_introspection_c__pyext.dir/rosidl_generator_py/msgs/_msgs_s.ep.rosidl_typesupport_introspection_c.c.o[0m
[5.885s] [ 96%] [32m[1mLinking C shared library rosidl_generator_py/msgs/msgs_s__rosidl_typesupport_fastrtps_c.cpython-310-x86_64-linux-gnu.so[0m
[5.911s] [ 98%] [32m[1mLinking C shared library rosidl_generator_py/msgs/msgs_s__rosidl_typesupport_c.cpython-310-x86_64-linux-gnu.so[0m
[5.911s] [100%] [32m[1mLinking C shared library rosidl_generator_py/msgs/msgs_s__rosidl_typesupport_introspection_c.cpython-310-x86_64-linux-gnu.so[0m
[5.931s] [100%] Built target msgs__rosidl_typesupport_fastrtps_c__pyext
[5.955s] [100%] Built target msgs__rosidl_typesupport_introspection_c__pyext
[5.963s] [100%] Built target msgs__rosidl_typesupport_c__pyext
[5.977s] Invoked command in '/home/pyy/irc/build/msgs' returned '0': CMAKE_PREFIX_PATH=${CMAKE_PREFIX_PATH}:/home/pyy/irc/install/decision:/home/pyy/ros2_ws/install/my_python_pkg:/opt/ros/humble /usr/bin/cmake --build /home/pyy/irc/build/msgs -- -j8 -l8
[5.987s] Invoking command in '/home/pyy/irc/build/msgs': CMAKE_PREFIX_PATH=${CMAKE_PREFIX_PATH}:/home/pyy/irc/install/decision:/home/pyy/ros2_ws/install/my_python_pkg:/opt/ros/humble /usr/bin/cmake --install /home/pyy/irc/build/msgs
[5.996s] -- Install configuration: ""
[5.996s] -- Up-to-date: /home/pyy/irc/install/msgs/share/ament_index/resource_index/rosidl_interfaces/msgs
[5.996s] -- Up-to-date: /home/pyy/irc/install/msgs/include/msgs/msgs
[5.996s] -- Up-to-date: /home/pyy/irc/install/msgs/include/msgs/msgs/msg
[5.996s] -- Installing: /home/pyy/irc/install/msgs/include/msgs/msgs/msg/ball_result.h
[5.996s] -- Installing: /home/pyy/irc/install/msgs/include/msgs/msgs/msg/motion_end.h
[5.997s] -- Up-to-date: /home/pyy/irc/install/msgs/include/msgs/msgs/msg/rosidl_generator_c__visibility_control.h
[5.997s] -- Installing: /home/pyy/irc/install/msgs/include/msgs/msgs/msg/line_result.h
[5.997s] -- Up-to-date: /home/pyy/irc/install/msgs/include/msgs/msgs/msg/detail
[5.997s] -- Installing: /home/pyy/irc/install/msgs/include/msgs/msgs/msg/detail/motion_command__functions.h
[5.997s] -- Installing: /home/pyy/irc/install/msgs/include/msgs/msgs/msg/detail/motion_command__struct.h
[5.997s] -- Installing: /home/pyy/irc/install/msgs/include/msgs/msgs/msg/detail/hurdle_result__functions.h
[5.997s] -- Installing: /home/pyy/irc/install/msgs/include/msgs/msgs/msg/detail/motion_end__functions.h
[5.997s] -- Installing: /home/pyy/irc/install/msgs/include/msgs/msgs/msg/detail/hurdle_result__type_support.h
[5.997s] -- Installing: /home/pyy/irc/install/msgs/include/msgs/msgs/msg/detail/line_result__type_support.h
[5.997s] -- Installing: /home/pyy/irc/install/msgs/include/msgs/msgs/msg/detail/ball_result__type_support.h
[5.998s] -- Installing: /home/pyy/irc/install/msgs/include/msgs/msgs/msg/detail/hurdle_result__struct.h
[5.998s] -- Installing: /home/pyy/irc/install/msgs/include/msgs/msgs/msg/detail/line_result__struct.h
[5.998s] -- Installing: /home/pyy/irc/install/msgs/include/msgs/msgs/msg/detail/ball_result__functions.h
[5.998s] -- Installing: /home/pyy/irc/install/msgs/include/msgs/msgs/msg/detail/motion_command__type_support.h
[5.998s] -- Installing: /home/pyy/irc/install/msgs/include/msgs/msgs/msg/detail/motion_end__struct.h
[5.999s] -- Installing: /home/pyy/irc/install/msgs/include/msgs/msgs/msg/detail/ball_result__functions.c
[5.999s] -- Installing: /home/pyy/irc/install/msgs/include/msgs/msgs/msg/detail/line_result__functions.c
[5.999s] -- Installing: /home/pyy/irc/install/msgs/include/msgs/msgs/msg/detail/motion_end__functions.c
[5.999s] -- Installing: /home/pyy/irc/install/msgs/include/msgs/msgs/msg/detail/hurdle_result__functions.c
[5.999s] -- Installing: /home/pyy/irc/install/msgs/include/msgs/msgs/msg/detail/motion_command__functions.c
[5.999s] -- Installing: /home/pyy/irc/install/msgs/include/msgs/msgs/msg/detail/motion_end__type_support.h
[6.000s] -- Installing: /home/pyy/irc/install/msgs/include/msgs/msgs/msg/detail/ball_result__struct.h
[6.000s] -- Installing: /home/pyy/irc/install/msgs/include/msgs/msgs/msg/detail/line_result__functions.h
[6.000s] -- Installing: /home/pyy/irc/install/msgs/include/msgs/msgs/msg/motion_command.h
[6.000s] -- Installing: /home/pyy/irc/install/msgs/include/msgs/msgs/msg/hurdle_result.h
[6.000s] -- Up-to-date: /home/pyy/irc/install/msgs/share/msgs/environment/library_path.sh
[6.000s] -- Installing: /home/pyy/irc/install/msgs/share/msgs/environment/library_path.dsv
[6.001s] -- Installing: /home/pyy/irc/install/msgs/lib/libmsgs__rosidl_generator_c.so
[6.001s] -- Set runtime path of "/home/pyy/irc/install/msgs/lib/libmsgs__rosidl_generator_c.so" to ""
[6.001s] -- Up-to-date: /home/pyy/irc/install/msgs/include/msgs/msgs
[6.001s] -- Up-to-date: /home/pyy/irc/install/msgs/include/msgs/msgs/msg
[6.001s] -- Up-to-date: /home/pyy/irc/install/msgs/include/msgs/msgs/msg/rosidl_typesupport_fastrtps_c__visibility_control.h
[6.001s] -- Up-to-date: /home/pyy/irc/install/msgs/include/msgs/msgs/msg/detail
[6.002s] -- Installing: /home/pyy/irc/install/msgs/include/msgs/msgs/msg/detail/line_result__rosidl_typesupport_fastrtps_c.h
[6.002s] -- Installing: /home/pyy/irc/install/msgs/include/msgs/msgs/msg/detail/ball_result__rosidl_typesupport_fastrtps_c.h
[6.002s] -- Installing: /home/pyy/irc/install/msgs/include/msgs/msgs/msg/detail/motion_end__rosidl_typesupport_fastrtps_c.h
[6.002s] -- Installing: /home/pyy/irc/install/msgs/include/msgs/msgs/msg/detail/motion_command__rosidl_typesupport_fastrtps_c.h
[6.002s] -- Installing: /home/pyy/irc/install/msgs/include/msgs/msgs/msg/detail/hurdle_result__rosidl_typesupport_fastrtps_c.h
[6.002s] -- Installing: /home/pyy/irc/install/msgs/lib/libmsgs__rosidl_typesupport_fastrtps_c.so
[6.002s] -- Set runtime path of "/home/pyy/irc/install/msgs/lib/libmsgs__rosidl_typesupport_fastrtps_c.so" to ""
[6.003s] -- Up-to-date: /home/pyy/irc/install/msgs/include/msgs/msgs
[6.003s] -- Up-to-date: /home/pyy/irc/install/msgs/include/msgs/msgs/msg
[6.003s] -- Up-to-date: /home/pyy/irc/install/msgs/include/msgs/msgs/msg/detail
[6.003s] -- Installing: /home/pyy/irc/install/msgs/include/msgs/msgs/msg/detail/line_result__type_support.c
[6.003s] -- Installing: /home/pyy/irc/install/msgs/include/msgs/msgs/msg/detail/ball_result__type_support.c
[6.003s] -- Installing: /home/pyy/irc/install/msgs/include/msgs/msgs/msg/detail/motion_end__rosidl_typesupport_introspection_c.h
[6.003s] -- Installing: /home/pyy/irc/install/msgs/include/msgs/msgs/msg/detail/line_result__rosidl_typesupport_introspection_c.h
[6.003s] -- Installing: /home/pyy/irc/install/msgs/include/msgs/msgs/msg/detail/motion_end__type_support.c
[6.003s] -- Installing: /home/pyy/irc/install/msgs/include/msgs/msgs/msg/detail/hurdle_result__rosidl_typesupport_introspection_c.h
[6.004s] -- Installing: /home/pyy/irc/install/msgs/include/msgs/msgs/msg/detail/motion_command__rosidl_typesupport_introspection_c.h
[6.004s] -- Installing: /home/pyy/irc/install/msgs/include/msgs/msgs/msg/detail/ball_result__rosidl_typesupport_introspection_c.h
[6.004s] -- Installing: /home/pyy/irc/install/msgs/include/msgs/msgs/msg/detail/motion_command__type_support.c
[6.004s] -- Installing: /home/pyy/irc/install/msgs/include/msgs/msgs/msg/detail/hurdle_result__type_support.c
[6.005s] -- Up-to-date: /home/pyy/irc/install/msgs/include/msgs/msgs/msg/rosidl_typesupport_introspection_c__visibility_control.h
[6.005s] -- Installing: /home/pyy/irc/install/msgs/lib/libmsgs__rosidl_typesupport_introspection_c.so
[6.005s] -- Set runtime path of "/home/pyy/irc/install/msgs/lib/libmsgs__rosidl_typesupport_introspection_c.so" to ""
[6.005s] -- Installing: /home/pyy/irc/install/msgs/lib/libmsgs__rosidl_typesupport_c.so
[6.006s] -- Set runtime path of "/home/pyy/irc/install/msgs/lib/libmsgs__rosidl_typesupport_c.so" to ""
[6.006s] -- Up-to-date: /home/pyy/irc/install/msgs/include/msgs/msgs
[6.006s] -- Up-to-date: /home/pyy/irc/install/msgs/include/msgs/msgs/msg
[6.006s] -- Up-to-date: /home/pyy/irc/install/msgs/include/msgs/msgs/msg/rosidl_generator_cpp__visibility_control.hpp
[6.006s] -- Installing: /home/pyy/irc/install/msgs/include/msgs/msgs/msg/ball_result.hpp
[6.006s] -- Installing: /home/pyy/irc/install/msgs/include/msgs/msgs/msg/motion_command.hpp
[6.006s] -- Installing: /home/pyy/irc/install/msgs/include/msgs/msgs/msg/motion_end.hpp
[6.006s] -- Installing: /home/pyy/irc/install/msgs/include/msgs/msgs/msg/hurdle_result.hpp
[6.006s] -- Up-to-date: /home/pyy/irc/install/msgs/include/msgs/msgs/msg/detail
[6.007s] -- Installing: /home/pyy/irc/install/msgs/include/msgs/msgs/msg/detail/hurdle_result__traits.hpp
[6.007s] -- Installing: /home/pyy/irc/install/msgs/include/msgs/msgs/msg/detail/ball_result__struct.hpp
[6.007s] -- Installing: /home/pyy/irc/install/msgs/include/msgs/msgs/msg/detail/motion_end__struct.hpp
[6.007s] -- Installing: /home/pyy/irc/install/msgs/include/msgs/msgs/msg/detail/hurdle_result__struct.hpp
[6.007s] -- Installing: /home/pyy/irc/install/msgs/include/msgs/msgs/msg/detail/line_result__traits.hpp
[6.007s] -- Installing: /home/pyy/irc/install/msgs/include/msgs/msgs/msg/detail/line_result__type_support.hpp
[6.007s] -- Installing: /home/pyy/irc/install/msgs/include/msgs/msgs/msg/detail/motion_command__struct.hpp
[6.007s] -- Installing: /home/pyy/irc/install/msgs/include/msgs/msgs/msg/detail/ball_result__builder.hpp
[6.008s] -- Installing: /home/pyy/irc/install/msgs/include/msgs/msgs/msg/detail/hurdle_result__type_support.hpp
[6.008s] -- Installing: /home/pyy/irc/install/msgs/include/msgs/msgs/msg/detail/ball_result__traits.hpp
[6.008s] -- Installing: /home/pyy/irc/install/msgs/include/msgs/msgs/msg/detail/motion_end__type_support.hpp
[6.008s] -- Installing: /home/pyy/irc/install/msgs/include/msgs/msgs/msg/detail/motion_end__traits.hpp
[6.008s] -- Installing: /home/pyy/irc/install/msgs/include/msgs/msgs/msg/detail/motion_command__builder.hpp
[6.009s] -- Installing: /home/pyy/irc/install/msgs/include/msgs/msgs/msg/detail/ball_result__type_support.hpp
[6.009s] -- Installing: /home/pyy/irc/install/msgs/include/msgs/msgs/msg/detail/line_result__builder.hpp
[6.009s] -- Installing: /home/pyy/irc/install/msgs/include/msgs/msgs/msg/detail/motion_command__traits.hpp
[6.009s] -- Installing: /home/pyy/irc/install/msgs/include/msgs/msgs/msg/detail/hurdle_result__builder.hpp
[6.009s] -- Installing: /home/pyy/irc/install/msgs/include/msgs/msgs/msg/detail/motion_end__builder.hpp
[6.010s] -- Installing: /home/pyy/irc/install/msgs/include/msgs/msgs/msg/detail/motion_command__type_support.hpp
[6.010s] -- Installing: /home/pyy/irc/install/msgs/include/msgs/msgs/msg/detail/line_result__struct.hpp
[6.010s] -- Installing: /home/pyy/irc/install/msgs/include/msgs/msgs/msg/line_result.hpp
[6.010s] -- Up-to-date: /home/pyy/irc/install/msgs/include/msgs/msgs
[6.011s] -- Up-to-date: /home/pyy/irc/install/msgs/include/msgs/msgs/msg
[6.011s] -- Up-to-date: /home/pyy/irc/install/msgs/include/msgs/msgs/msg/detail
[6.011s] -- Up-to-date: /home/pyy/irc/install/msgs/include/msgs/msgs/msg/detail/dds_fastrtps
[6.011s] -- Installing: /home/pyy/irc/install/msgs/include/msgs/msgs/msg/detail/line_result__rosidl_typesupport_fastrtps_cpp.hpp
[6.011s] -- Installing: /home/pyy/irc/install/msgs/include/msgs/msgs/msg/detail/motion_end__rosidl_typesupport_fastrtps_cpp.hpp
[6.011s] -- Installing: /home/pyy/irc/install/msgs/include/msgs/msgs/msg/detail/hurdle_result__rosidl_typesupport_fastrtps_cpp.hpp
[6.011s] -- Installing: /home/pyy/irc/install/msgs/include/msgs/msgs/msg/detail/motion_command__rosidl_typesupport_fastrtps_cpp.hpp
[6.011s] -- Installing: /home/pyy/irc/install/msgs/include/msgs/msgs/msg/detail/ball_result__rosidl_typesupport_fastrtps_cpp.hpp
[6.011s] -- Up-to-date: /home/pyy/irc/install/msgs/include/msgs/msgs/msg/rosidl_typesupport_fastrtps_cpp__visibility_control.h
[6.012s] -- Installing: /home/pyy/irc/install/msgs/lib/libmsgs__rosidl_typesupport_fastrtps_cpp.so
[6.012s] -- Set runtime path of "/home/pyy/irc/install/msgs/lib/libmsgs__rosidl_typesupport_fastrtps_cpp.so" to ""
[6.012s] -- Up-to-date: /home/pyy/irc/install/msgs/include/msgs/msgs
[6.012s] -- Up-to-date: /home/pyy/irc/install/msgs/include/msgs/msgs/msg
[6.012s] -- Up-to-date: /home/pyy/irc/install/msgs/include/msgs/msgs/msg/detail
[6.012s] -- Installing: /home/pyy/irc/install/msgs/include/msgs/msgs/msg/detail/ball_result__rosidl_typesupport_introspection_cpp.hpp
[6.013s] -- Installing: /home/pyy/irc/install/msgs/include/msgs/msgs/msg/detail/motion_end__type_support.cpp
[6.013s] -- Installing: /home/pyy/irc/install/msgs/include/msgs/msgs/msg/detail/hurdle_result__rosidl_typesupport_introspection_cpp.hpp
[6.013s] -- Installing: /home/pyy/irc/install/msgs/include/msgs/msgs/msg/detail/line_result__type_support.cpp
[6.013s] -- Installing: /home/pyy/irc/install/msgs/include/msgs/msgs/msg/detail/motion_command__type_support.cpp
[6.013s] -- Installing: /home/pyy/irc/install/msgs/include/msgs/msgs/msg/detail/motion_command__rosidl_typesupport_introspection_cpp.hpp
[6.013s] -- Installing: /home/pyy/irc/install/msgs/include/msgs/msgs/msg/detail/line_result__rosidl_typesupport_introspection_cpp.hpp
[6.013s] -- Installing: /home/pyy/irc/install/msgs/include/msgs/msgs/msg/detail/hurdle_result__type_support.cpp
[6.013s] -- Installing: /home/pyy/irc/install/msgs/include/msgs/msgs/msg/detail/ball_result__type_support.cpp
[6.014s] -- Installing: /home/pyy/irc/install/msgs/include/msgs/msgs/msg/detail/motion_end__rosidl_typesupport_introspection_cpp.hpp
[6.014s] -- Installing: /home/pyy/irc/install/msgs/lib/libmsgs__rosidl_typesupport_introspection_cpp.so
[6.014s] -- Set runtime path of "/home/pyy/irc/install/msgs/lib/libmsgs__rosidl_typesupport_introspection_cpp.so" to ""
[6.014s] -- Installing: /home/pyy/irc/install/msgs/lib/libmsgs__rosidl_typesupport_cpp.so
[6.015s] -- Set runtime path of "/home/pyy/irc/install/msgs/lib/libmsgs__rosidl_typesupport_cpp.so" to ""
[6.015s] -- Up-to-date: /home/pyy/irc/install/msgs/share/msgs/environment/pythonpath.sh
[6.015s] -- Installing: /home/pyy/irc/install/msgs/share/msgs/environment/pythonpath.dsv
[6.015s] -- Up-to-date: /home/pyy/irc/install/msgs/local/lib/python3.10/dist-packages/msgs-0.0.0-py3.10.egg-info
[6.015s] -- Installing: /home/pyy/irc/install/msgs/local/lib/python3.10/dist-packages/msgs-0.0.0-py3.10.egg-info/SOURCES.txt
[6.016s] -- Installing: /home/pyy/irc/install/msgs/local/lib/python3.10/dist-packages/msgs-0.0.0-py3.10.egg-info/dependency_links.txt
[6.016s] -- Installing: /home/pyy/irc/install/msgs/local/lib/python3.10/dist-packages/msgs-0.0.0-py3.10.egg-info/PKG-INFO
[6.016s] -- Installing: /home/pyy/irc/install/msgs/local/lib/python3.10/dist-packages/msgs-0.0.0-py3.10.egg-info/top_level.txt
[6.016s] -- Up-to-date: /home/pyy/irc/install/msgs/local/lib/python3.10/dist-packages/msgs
[6.016s] -- Installing: /home/pyy/irc/install/msgs/local/lib/python3.10/dist-packages/msgs/_msgs_s.ep.rosidl_typesupport_c.c
[6.016s] -- Installing: /home/pyy/irc/install/msgs/local/lib/python3.10/dist-packages/msgs/msgs_s__rosidl_typesupport_introspection_c.cpython-310-x86_64-linux-gnu.so
[6.017s] -- Up-to-date: /home/pyy/irc/install/msgs/local/lib/python3.10/dist-packages/msgs/msg
[6.017s] -- Installing: /home/pyy/irc/install/msgs/local/lib/python3.10/dist-packages/msgs/msg/_motion_command_s.c
[6.017s] -- Installing: /home/pyy/irc/install/msgs/local/lib/python3.10/dist-packages/msgs/msg/_line_result_s.c
[6.017s] -- Installing: /home/pyy/irc/install/msgs/local/lib/python3.10/dist-packages/msgs/msg/_motion_end_s.c
[6.017s] -- Installing: /home/pyy/irc/install/msgs/local/lib/python3.10/dist-packages/msgs/msg/_hurdle_result_s.c
[6.017s] -- Installing: /home/pyy/irc/install/msgs/local/lib/python3.10/dist-packages/msgs/msg/_ball_result.py
[6.018s] -- Installing: /home/pyy/irc/install/msgs/local/lib/python3.10/dist-packages/msgs/msg/_motion_command.py
[6.018s] -- Installing: /home/pyy/irc/install/msgs/local/lib/python3.10/dist-packages/msgs/msg/_ball_result_s.c
[6.018s] -- Installing: /home/pyy/irc/install/msgs/local/lib/python3.10/dist-packages/msgs/msg/_hurdle_result.py
[6.018s] -- Installing: /home/pyy/irc/install/msgs/local/lib/python3.10/dist-packages/msgs/msg/_line_result.py
[6.018s] -- Installing: /home/pyy/irc/install/msgs/local/lib/python3.10/dist-packages/msgs/msg/_motion_end.py
[6.019s] -- Installing: /home/pyy/irc/install/msgs/local/lib/python3.10/dist-packages/msgs/msg/__init__.py
[6.019s] -- Installing: /home/pyy/irc/install/msgs/local/lib/python3.10/dist-packages/msgs/_msgs_s.ep.rosidl_typesupport_fastrtps_c.c
[6.019s] -- Installing: /home/pyy/irc/install/msgs/local/lib/python3.10/dist-packages/msgs/_msgs_s.ep.rosidl_typesupport_introspection_c.c
[6.019s] -- Installing: /home/pyy/irc/install/msgs/local/lib/python3.10/dist-packages/msgs/msgs_s__rosidl_typesupport_fastrtps_c.cpython-310-x86_64-linux-gnu.so
[6.020s] -- Installing: /home/pyy/irc/install/msgs/local/lib/python3.10/dist-packages/msgs/msgs_s__rosidl_typesupport_c.cpython-310-x86_64-linux-gnu.so
[6.020s] -- Installing: /home/pyy/irc/install/msgs/local/lib/python3.10/dist-packages/msgs/__init__.py
[6.020s] -- Installing: /home/pyy/irc/install/msgs/local/lib/python3.10/dist-packages/msgs/libmsgs__rosidl_generator_py.so
[6.063s] Listing '/home/pyy/irc/install/msgs/local/lib/python3.10/dist-packages/msgs'...
[6.064s] Compiling '/home/pyy/irc/install/msgs/local/lib/python3.10/dist-packages/msgs/__init__.py'...
[6.064s] Listing '/home/pyy/irc/install/msgs/local/lib/python3.10/dist-packages/msgs/msg'...
[6.064s] Compiling '/home/pyy/irc/install/msgs/local/lib/python3.10/dist-packages/msgs/msg/__init__.py'...
[6.064s] Compiling '/home/pyy/irc/install/msgs/local/lib/python3.10/dist-packages/msgs/msg/_ball_result.py'...
[6.064s] Compiling '/home/pyy/irc/install/msgs/local/lib/python3.10/dist-packages/msgs/msg/_hurdle_result.py'...
[6.064s] Compiling '/home/pyy/irc/install/msgs/local/lib/python3.10/dist-packages/msgs/msg/_line_result.py'...
[6.064s] Compiling '/home/pyy/irc/install/msgs/local/lib/python3.10/dist-packages/msgs/msg/_motion_command.py'...
[6.064s] Compiling '/home/pyy/irc/install/msgs/local/lib/python3.10/dist-packages/msgs/msg/_motion_end.py'...
[6.071s] -- Installing: /home/pyy/irc/install/msgs/local/lib/python3.10/dist-packages/msgs/msgs_s__rosidl_typesupport_fastrtps_c.cpython-310-x86_64-linux-gnu.so
[6.072s] -- Set runtime path of "/home/pyy/irc/install/msgs/local/lib/python3.10/dist-packages/msgs/msgs_s__rosidl_typesupport_fastrtps_c.cpython-310-x86_64-linux-gnu.so" to ""
[6.072s] -- Installing: /home/pyy/irc/install/msgs/local/lib/python3.10/dist-packages/msgs/msgs_s__rosidl_typesupport_introspection_c.cpython-310-x86_64-linux-gnu.so
[6.073s] -- Set runtime path of "/home/pyy/irc/install/msgs/local/lib/python3.10/dist-packages/msgs/msgs_s__rosidl_typesupport_introspection_c.cpython-310-x86_64-linux-gnu.so" to ""
[6.073s] -- Installing: /home/pyy/irc/install/msgs/local/lib/python3.10/dist-packages/msgs/msgs_s__rosidl_typesupport_c.cpython-310-x86_64-linux-gnu.so
[6.074s] -- Set runtime path of "/home/pyy/irc/install/msgs/local/lib/python3.10/dist-packages/msgs/msgs_s__rosidl_typesupport_c.cpython-310-x86_64-linux-gnu.so" to ""
[6.074s] -- Installing: /home/pyy/irc/install/msgs/lib/libmsgs__rosidl_generator_py.so
[6.074s] -- Set runtime path of "/home/pyy/irc/install/msgs/lib/libmsgs__rosidl_generator_py.so" to ""
[6.074s] -- Installing: /home/pyy/irc/install/msgs/share/msgs/msg/LineResult.idl
[6.074s] -- Up-to-date: /home/pyy/irc/install/msgs/share/msgs/msg/BallResult.idl
[6.075s] -- Up-to-date: /home/pyy/irc/install/msgs/share/msgs/msg/HurdleResult.idl
[6.075s] -- Up-to-date: /home/pyy/irc/install/msgs/share/msgs/msg/MotionEnd.idl
[6.075s] -- Up-to-date: /home/pyy/irc/install/msgs/share/msgs/msg/MotionCommand.idl
[6.075s] -- Installing: /home/pyy/irc/install/msgs/share/msgs/msg/LineResult.msg
[6.075s] -- Up-to-date: /home/pyy/irc/install/msgs/share/msgs/msg/BallResult.msg
[6.075s] -- Up-to-date: /home/pyy/irc/install/msgs/share/msgs/msg/HurdleResult.msg
[6.075s] -- Up-to-date: /home/pyy/irc/install/msgs/share/msgs/msg/MotionEnd.msg
[6.075s] -- Up-to-date: /home/pyy/irc/install/msgs/share/msgs/msg/MotionCommand.msg
[6.075s] -- Up-to-date: /home/pyy/irc/install/msgs/share/ament_index/resource_index/package_run_dependencies/msgs
[6.076s] -- Up-to-date: /home/pyy/irc/install/msgs/share/ament_index/resource_index/parent_prefix_path/msgs
[6.076s] -- Up-to-date: /home/pyy/irc/install/msgs/share/msgs/environment/ament_prefix_path.sh
[6.076s] -- Installing: /home/pyy/irc/install/msgs/share/msgs/environment/ament_prefix_path.dsv
[6.076s] -- Up-to-date: /home/pyy/irc/install/msgs/share/msgs/environment/path.sh
[6.076s] -- Installing: /home/pyy/irc/install/msgs/share/msgs/environment/path.dsv
[6.076s] -- Up-to-date: /home/pyy/irc/install/msgs/share/msgs/local_setup.bash
[6.076s] -- Up-to-date: /home/pyy/irc/install/msgs/share/msgs/local_setup.sh
[6.076s] -- Up-to-date: /home/pyy/irc/install/msgs/share/msgs/local_setup.zsh
[6.076s] -- Installing: /home/pyy/irc/install/msgs/share/msgs/local_setup.dsv
[6.076s] -- Installing: /home/pyy/irc/install/msgs/share/msgs/package.dsv
[6.076s] -- Up-to-date: /home/pyy/irc/install/msgs/share/ament_index/resource_index/packages/msgs
[6.077s] -- Up-to-date: /home/pyy/irc/install/msgs/share/msgs/cmake/export_msgs__rosidl_generator_cExport.cmake
[6.077s] -- Up-to-date: /home/pyy/irc/install/msgs/share/msgs/cmake/export_msgs__rosidl_generator_cExport-noconfig.cmake
[6.077s] -- Up-to-date: /home/pyy/irc/install/msgs/share/msgs/cmake/export_msgs__rosidl_typesupport_fastrtps_cExport.cmake
[6.077s] -- Up-to-date: /home/pyy/irc/install/msgs/share/msgs/cmake/export_msgs__rosidl_typesupport_fastrtps_cExport-noconfig.cmake
[6.077s] -- Up-to-date: /home/pyy/irc/install/msgs/share/msgs/cmake/msgs__rosidl_typesupport_introspection_cExport.cmake
[6.077s] -- Up-to-date: /home/pyy/irc/install/msgs/share/msgs/cmake/msgs__rosidl_typesupport_introspection_cExport-noconfig.cmake
[6.077s] -- Up-to-date: /home/pyy/irc/install/msgs/share/msgs/cmake/msgs__rosidl_typesupport_cExport.cmake
[6.077s] -- Up-to-date: /home/pyy/irc/install/msgs/share/msgs/cmake/msgs__rosidl_typesupport_cExport-noconfig.cmake
[6.077s] -- Up-to-date: /home/pyy/irc/install/msgs/share/msgs/cmake/export_msgs__rosidl_generator_cppExport.cmake
[6.078s] -- Up-to-date: /home/pyy/irc/install/msgs/share/msgs/cmake/export_msgs__rosidl_typesupport_fastrtps_cppExport.cmake
[6.078s] -- Up-to-date: /home/pyy/irc/install/msgs/share/msgs/cmake/export_msgs__rosidl_typesupport_fastrtps_cppExport-noconfig.cmake
[6.078s] -- Up-to-date: /home/pyy/irc/install/msgs/share/msgs/cmake/msgs__rosidl_typesupport_introspection_cppExport.cmake
[6.078s] -- Up-to-date: /home/pyy/irc/install/msgs/share/msgs/cmake/msgs__rosidl_typesupport_introspection_cppExport-noconfig.cmake
[6.078s] -- Up-to-date: /home/pyy/irc/install/msgs/share/msgs/cmake/msgs__rosidl_typesupport_cppExport.cmake
[6.078s] -- Up-to-date: /home/pyy/irc/install/msgs/share/msgs/cmake/msgs__rosidl_typesupport_cppExport-noconfig.cmake
[6.078s] -- Up-to-date: /home/pyy/irc/install/msgs/share/msgs/cmake/export_msgs__rosidl_generator_pyExport.cmake
[6.078s] -- Up-to-date: /home/pyy/irc/install/msgs/share/msgs/cmake/export_msgs__rosidl_generator_pyExport-noconfig.cmake
[6.078s] -- Up-to-date: /home/pyy/irc/install/msgs/share/msgs/cmake/rosidl_cmake-extras.cmake
[6.078s] -- Up-to-date: /home/pyy/irc/install/msgs/share/msgs/cmake/ament_cmake_export_dependencies-extras.cmake
[6.078s] -- Up-to-date: /home/pyy/irc/install/msgs/share/msgs/cmake/ament_cmake_export_include_directories-extras.cmake
[6.078s] -- Up-to-date: /home/pyy/irc/install/msgs/share/msgs/cmake/ament_cmake_export_libraries-extras.cmake
[6.079s] -- Up-to-date: /home/pyy/irc/install/msgs/share/msgs/cmake/ament_cmake_export_targets-extras.cmake
[6.079s] -- Up-to-date: /home/pyy/irc/install/msgs/share/msgs/cmake/rosidl_cmake_export_typesupport_targets-extras.cmake
[6.079s] -- Up-to-date: /home/pyy/irc/install/msgs/share/msgs/cmake/rosidl_cmake_export_typesupport_libraries-extras.cmake
[6.079s] -- Up-to-date: /home/pyy/irc/install/msgs/share/msgs/cmake/msgsConfig.cmake
[6.079s] -- Up-to-date: /home/pyy/irc/install/msgs/share/msgs/cmake/msgsConfig-version.cmake
[6.079s] -- Up-to-date: /home/pyy/irc/install/msgs/share/msgs/package.xml
[6.081s] Invoked command in '/home/pyy/irc/build/msgs' returned '0': CMAKE_PREFIX_PATH=${CMAKE_PREFIX_PATH}:/home/pyy/irc/install/decision:/home/pyy/ros2_ws/install/my_python_pkg:/opt/ros/humble /usr/bin/cmake --install /home/pyy/irc/build/msgs
