running egg_info
writing ../../build/decision/decision.egg-info/PKG-INFO
writing dependency_links to ../../build/decision/decision.egg-info/dependency_links.txt
writing entry points to ../../build/decision/decision.egg-info/entry_points.txt
writing requirements to ../../build/decision/decision.egg-info/requires.txt
writing top-level names to ../../build/decision/decision.egg-info/top_level.txt
reading manifest file '../../build/decision/decision.egg-info/SOURCES.txt'
writing manifest file '../../build/decision/decision.egg-info/SOURCES.txt'
running build
running build_py
copying decision/main_decision.py -> /home/pyy/irc/build/decision/build/lib/decision
running install
running install_lib
copying /home/pyy/irc/build/decision/build/lib/decision/main_decision.py -> /home/pyy/irc/install/decision/lib/python3.10/site-packages/decision
byte-compiling /home/pyy/irc/install/decision/lib/python3.10/site-packages/decision/main_decision.py to main_decision.cpython-310.pyc
running install_data
running install_egg_info
removing '/home/pyy/irc/install/decision/lib/python3.10/site-packages/decision-0.0.0-py3.10.egg-info' (and everything under it)
Copying ../../build/decision/decision.egg-info to /home/pyy/irc/install/decision/lib/python3.10/site-packages/decision-0.0.0-py3.10.egg-info
running install_scripts
Installing main_decision script to /home/pyy/irc/install/decision/lib/decision
writing list of installed files to '/home/pyy/irc/build/decision/install.log'
