[0.631s] Invoking command in '/home/pyy/irc/src/decision': PYTHONPATH=/home/pyy/irc/build/decision/prefix_override:/usr/lib/python3/dist-packages/colcon_core/task/python/colcon_distutils_commands:/home/pyy/irc/install/decision/lib/python3.10/site-packages:${PYTHONPATH} /usr/bin/python3 -W ignore:setup.py install is deprecated -W ignore:easy_install command is deprecated setup.py egg_info --egg-base ../../build/decision build --build-base /home/pyy/irc/build/decision/build install --record /home/pyy/irc/build/decision/install.log --single-version-externally-managed install_data
[0.871s] running egg_info
[0.872s] writing ../../build/decision/decision.egg-info/PKG-INFO
[0.872s] writing dependency_links to ../../build/decision/decision.egg-info/dependency_links.txt
[0.872s] writing entry points to ../../build/decision/decision.egg-info/entry_points.txt
[0.873s] writing requirements to ../../build/decision/decision.egg-info/requires.txt
[0.873s] writing top-level names to ../../build/decision/decision.egg-info/top_level.txt
[0.875s] reading manifest file '../../build/decision/decision.egg-info/SOURCES.txt'
[0.875s] writing manifest file '../../build/decision/decision.egg-info/SOURCES.txt'
[0.876s] running build
[0.876s] running build_py
[0.876s] copying decision/main_decision.py -> /home/pyy/irc/build/decision/build/lib/decision
[0.876s] running install
[0.876s] running install_lib
[0.877s] copying /home/pyy/irc/build/decision/build/lib/decision/main_decision.py -> /home/pyy/irc/install/decision/lib/python3.10/site-packages/decision
[0.878s] byte-compiling /home/pyy/irc/install/decision/lib/python3.10/site-packages/decision/main_decision.py to main_decision.cpython-310.pyc
[0.881s] running install_data
[0.881s] running install_egg_info
[0.883s] removing '/home/pyy/irc/install/decision/lib/python3.10/site-packages/decision-0.0.0-py3.10.egg-info' (and everything under it)
[0.883s] Copying ../../build/decision/decision.egg-info to /home/pyy/irc/install/decision/lib/python3.10/site-packages/decision-0.0.0-py3.10.egg-info
[0.884s] running install_scripts
[0.905s] Installing main_decision script to /home/pyy/irc/install/decision/lib/decision
[0.905s] writing list of installed files to '/home/pyy/irc/build/decision/install.log'
[0.933s] Invoked command in '/home/pyy/irc/src/decision' returned '0': PYTHONPATH=/home/pyy/irc/build/decision/prefix_override:/usr/lib/python3/dist-packages/colcon_core/task/python/colcon_distutils_commands:/home/pyy/irc/install/decision/lib/python3.10/site-packages:${PYTHONPATH} /usr/bin/python3 -W ignore:setup.py install is deprecated -W ignore:easy_install command is deprecated setup.py egg_info --egg-base ../../build/decision build --build-base /home/pyy/irc/build/decision/build install --record /home/pyy/irc/build/decision/install.log --single-version-externally-managed install_data
