[0.262s] Invoking command in '/home/pyy/irc/build/msgs': CMAKE_PREFIX_PATH=${CMAKE_PREFIX_PATH}:/home/pyy/irc/install/decision:/home/pyy/ros2_ws/install/my_python_pkg:/opt/ros/humble /usr/bin/cmake /home/pyy/irc/src/msgs -DAMENT_CMAKE_SYMLINK_INSTALL=1 -DCMAKE_INSTALL_PREFIX=/home/pyy/irc/install/msgs
[0.462s] -- The C compiler identification is GNU 11.4.0
[0.912s] -- The CXX compiler identification is GNU 11.4.0
[0.930s] -- Detecting C compiler ABI info
[1.114s] -- Detecting C compiler ABI info - done
[1.126s] -- Check for working C compiler: /usr/bin/cc - skipped
[1.127s] -- Detecting C compile features
[1.160s] -- Detecting C compile features - done
[1.163s] -- Detecting CXX compiler ABI info
[1.297s] -- Detecting CXX compiler ABI info - done
[1.306s] -- Check for working CXX compiler: /usr/bin/c++ - skipped
[1.306s] -- Detecting CXX compile features
[1.306s] -- Detecting CXX compile features - done
[1.309s] -- Found ament_cmake: 1.3.13 (/opt/ros/humble/share/ament_cmake/cmake)
[1.494s] -- Found Python3: /usr/bin/python3 (found version "3.10.12") found components: Interpreter 
[1.564s] -- Override CMake install command with custom implementation using symlinks instead of copying resources
[1.602s] -- Found rosidl_default_generators: 1.2.0 (/opt/ros/humble/share/rosidl_default_generators/cmake)
[1.606s] -- Using all available rosidl_typesupport_c: rosidl_typesupport_fastrtps_c;rosidl_typesupport_introspection_c
[1.627s] -- Found rosidl_adapter: 3.1.8 (/opt/ros/humble/share/rosidl_adapter/cmake)
[1.666s] -- Using all available rosidl_typesupport_cpp: rosidl_typesupport_fastrtps_cpp;rosidl_typesupport_introspection_cpp
[1.700s] -- Found std_msgs: 4.9.1 (/opt/ros/humble/share/std_msgs/cmake)
[2.032s] -- Found ament_cmake_ros: 0.10.0 (/opt/ros/humble/share/ament_cmake_ros/cmake)
[2.277s] -- Using all available rosidl_typesupport_c: rosidl_typesupport_fastrtps_c;rosidl_typesupport_introspection_c
[3.013s] -- Using all available rosidl_typesupport_cpp: rosidl_typesupport_fastrtps_cpp;rosidl_typesupport_introspection_cpp
[3.049s] -- Found PythonInterp: /usr/bin/python3 (found suitable version "3.10.12", minimum required is "3.6") 
[3.050s] -- Found python_cmake_module: 0.10.0 (/opt/ros/humble/share/python_cmake_module/cmake)
[3.077s] -- Found PythonLibs: /usr/lib/x86_64-linux-gnu/libpython3.10.so (found suitable version "3.10.12", minimum required is "3.5") 
[3.077s] -- Using PYTHON_EXECUTABLE: /usr/bin/python3
[3.077s] -- Using PYTHON_INCLUDE_DIRS: /usr/include/python3.10
[3.077s] -- Using PYTHON_LIBRARIES: /usr/lib/x86_64-linux-gnu/libpython3.10.so
[3.098s] -- Found PythonExtra: .so  
[3.168s] -- Found ament_lint_auto: 0.12.15 (/opt/ros/humble/share/ament_lint_auto/cmake)
[3.185s] -- Added test 'lint_cmake' to check CMake code style
[3.186s] -- Added test 'xmllint' to check XML markup files
[3.190s] -- Configuring done
[3.238s] -- Generating done
[3.249s] -- Build files have been written to: /home/pyy/irc/build/msgs
[3.256s] Invoked command in '/home/pyy/irc/build/msgs' returned '0': CMAKE_PREFIX_PATH=${CMAKE_PREFIX_PATH}:/home/pyy/irc/install/decision:/home/pyy/ros2_ws/install/my_python_pkg:/opt/ros/humble /usr/bin/cmake /home/pyy/irc/src/msgs -DAMENT_CMAKE_SYMLINK_INSTALL=1 -DCMAKE_INSTALL_PREFIX=/home/pyy/irc/install/msgs
[3.258s] Invoking command in '/home/pyy/irc/build/msgs': CMAKE_PREFIX_PATH=${CMAKE_PREFIX_PATH}:/home/pyy/irc/install/decision:/home/pyy/ros2_ws/install/my_python_pkg:/opt/ros/humble /usr/bin/cmake --build /home/pyy/irc/build/msgs -- -j8 -l8
[3.295s] [  3%] [34m[1mGenerating C code for ROS interfaces[0m
[3.304s] [  6%] [34m[1mGenerating C++ code for ROS interfaces[0m
[3.322s] [  6%] Built target ament_cmake_python_symlink_msgs
[3.716s] running egg_info
[3.718s] creating msgs.egg-info
[3.718s] writing msgs.egg-info/PKG-INFO
[3.718s] writing dependency_links to msgs.egg-info/dependency_links.txt
[3.718s] writing top-level names to msgs.egg-info/top_level.txt
[3.719s] writing manifest file 'msgs.egg-info/SOURCES.txt'
[3.723s] reading manifest file 'msgs.egg-info/SOURCES.txt'
[3.723s] writing manifest file 'msgs.egg-info/SOURCES.txt'
[3.732s] [  6%] Built target msgs__cpp
[3.749s] [  9%] [32mBuilding C object CMakeFiles/msgs__rosidl_generator_c.dir/rosidl_generator_c/msgs/msg/detail/line_result__functions.c.o[0m
[3.749s] [ 16%] [34m[1mGenerating C++ type support for eProsima Fast-RTPS[0m
[3.749s] [ 16%] [34m[1mGenerating C++ type support dispatch for ROS interfaces[0m
[3.751s] [ 19%] [34m[1mGenerating C++ introspection for ROS interfaces[0m
[3.772s] [ 19%] Built target ament_cmake_python_build_msgs_egg
[4.029s] [ 22%] [32m[1mLinking C shared library libmsgs__rosidl_generator_c.so[0m
[4.153s] [ 22%] Built target msgs__rosidl_generator_c
[4.178s] [ 25%] [34m[1mGenerating C introspection for ROS interfaces[0m
[4.186s] [ 29%] [34m[1mGenerating C type support for eProsima Fast-RTPS[0m
[4.186s] [ 32%] [34m[1mGenerating C type support dispatch for ROS interfaces[0m
[4.222s] [ 35%] [32mBuilding CXX object CMakeFiles/msgs__rosidl_typesupport_cpp.dir/rosidl_typesupport_cpp/msgs/msg/line_result__type_support.cpp.o[0m
[4.267s] [ 38%] [32mBuilding CXX object CMakeFiles/msgs__rosidl_typesupport_fastrtps_cpp.dir/rosidl_typesupport_fastrtps_cpp/msgs/msg/detail/dds_fastrtps/line_result__type_support.cpp.o[0m
[4.269s] [ 41%] [32mBuilding CXX object CMakeFiles/msgs__rosidl_typesupport_introspection_cpp.dir/rosidl_typesupport_introspection_cpp/msgs/msg/detail/line_result__type_support.cpp.o[0m
[4.834s] [ 45%] [32mBuilding CXX object CMakeFiles/msgs__rosidl_typesupport_fastrtps_c.dir/rosidl_typesupport_fastrtps_c/msgs/msg/detail/line_result__type_support_c.cpp.o[0m
[4.943s] [ 48%] [32mBuilding CXX object CMakeFiles/msgs__rosidl_typesupport_c.dir/rosidl_typesupport_c/msgs/msg/line_result__type_support.cpp.o[0m
[4.967s] [ 51%] [32mBuilding C object CMakeFiles/msgs__rosidl_typesupport_introspection_c.dir/rosidl_typesupport_introspection_c/msgs/msg/detail/line_result__type_support.c.o[0m
[5.127s] [ 54%] [32m[1mLinking CXX shared library libmsgs__rosidl_typesupport_c.so[0m
[5.171s] [ 58%] [32m[1mLinking C shared library libmsgs__rosidl_typesupport_introspection_c.so[0m
[5.315s] [ 58%] Built target msgs__rosidl_typesupport_c
[5.389s] [ 58%] Built target msgs__rosidl_typesupport_introspection_c
[5.409s] [ 61%] [32m[1mLinking CXX shared library libmsgs__rosidl_typesupport_cpp.so[0m
[5.549s] [ 61%] Built target msgs__rosidl_typesupport_cpp
[5.906s] [ 64%] [32m[1mLinking CXX shared library libmsgs__rosidl_typesupport_fastrtps_c.so[0m
[6.036s] [ 67%] [32m[1mLinking CXX shared library libmsgs__rosidl_typesupport_fastrtps_cpp.so[0m
[6.118s] [ 70%] [32m[1mLinking CXX shared library libmsgs__rosidl_typesupport_introspection_cpp.so[0m
[6.143s] [ 70%] Built target msgs__rosidl_typesupport_fastrtps_c
[6.227s] [ 70%] Built target msgs__rosidl_typesupport_fastrtps_cpp
[6.231s] [ 70%] Built target msgs__rosidl_typesupport_introspection_cpp
[6.257s] [ 70%] Built target msgs
[6.280s] [ 74%] [34m[1mGenerating Python code for ROS interfaces[0m
[6.655s] [ 74%] Built target msgs__py
[6.676s] [ 77%] [32mBuilding C object CMakeFiles/msgs__rosidl_generator_py.dir/rosidl_generator_py/msgs/msg/_line_result_s.c.o[0m
[7.232s] [ 80%] [32m[1mLinking C shared library rosidl_generator_py/msgs/libmsgs__rosidl_generator_py.so[0m
[7.406s] [ 80%] Built target msgs__rosidl_generator_py
[7.430s] [ 83%] [32mBuilding C object CMakeFiles/msgs__rosidl_typesupport_c__pyext.dir/rosidl_generator_py/msgs/_msgs_s.ep.rosidl_typesupport_c.c.o[0m
[7.431s] [ 90%] [32mBuilding C object CMakeFiles/msgs__rosidl_typesupport_fastrtps_c__pyext.dir/rosidl_generator_py/msgs/_msgs_s.ep.rosidl_typesupport_fastrtps_c.c.o[0m
[7.431s] [ 90%] [32mBuilding C object CMakeFiles/msgs__rosidl_typesupport_introspection_c__pyext.dir/rosidl_generator_py/msgs/_msgs_s.ep.rosidl_typesupport_introspection_c.c.o[0m
[7.584s] [ 96%] [32m[1mLinking C shared library rosidl_generator_py/msgs/msgs_s__rosidl_typesupport_fastrtps_c.cpython-310-x86_64-linux-gnu.so[0m
[7.585s] [ 96%] [32m[1mLinking C shared library rosidl_generator_py/msgs/msgs_s__rosidl_typesupport_c.cpython-310-x86_64-linux-gnu.so[0m
[7.586s] [100%] [32m[1mLinking C shared library rosidl_generator_py/msgs/msgs_s__rosidl_typesupport_introspection_c.cpython-310-x86_64-linux-gnu.so[0m
[7.627s] [100%] Built target msgs__rosidl_typesupport_c__pyext
[7.631s] [100%] Built target msgs__rosidl_typesupport_introspection_c__pyext
[7.637s] [100%] Built target msgs__rosidl_typesupport_fastrtps_c__pyext
[7.648s] Invoked command in '/home/pyy/irc/build/msgs' returned '0': CMAKE_PREFIX_PATH=${CMAKE_PREFIX_PATH}:/home/pyy/irc/install/decision:/home/pyy/ros2_ws/install/my_python_pkg:/opt/ros/humble /usr/bin/cmake --build /home/pyy/irc/build/msgs -- -j8 -l8
[7.650s] Invoking command in '/home/pyy/irc/build/msgs': CMAKE_PREFIX_PATH=${CMAKE_PREFIX_PATH}:/home/pyy/irc/install/decision:/home/pyy/ros2_ws/install/my_python_pkg:/opt/ros/humble /usr/bin/cmake --install /home/pyy/irc/build/msgs
[7.657s] -- Install configuration: ""
[7.658s] -- Execute custom install script
[7.658s] -- Symlinking: /home/pyy/irc/install/msgs/share/ament_index/resource_index/rosidl_interfaces/msgs
[7.666s] -- Symlinking: /home/pyy/irc/install/msgs/include/msgs/msgs/msg/detail/line_result__functions.h
[7.675s] -- Symlinking: /home/pyy/irc/install/msgs/include/msgs/msgs/msg/detail/line_result__struct.h
[7.685s] -- Symlinking: /home/pyy/irc/install/msgs/include/msgs/msgs/msg/detail/line_result__type_support.h
[7.694s] -- Symlinking: /home/pyy/irc/install/msgs/include/msgs/msgs/msg/line_result.h
[7.702s] -- Symlinking: /home/pyy/irc/install/msgs/include/msgs/msgs/msg/rosidl_generator_c__visibility_control.h
[7.710s] -- Symlinking: /home/pyy/irc/install/msgs/share/msgs/environment/library_path.sh
[7.718s] -- Symlinking: /home/pyy/irc/install/msgs/share/msgs/environment/library_path.dsv
[7.726s] -- Symlinking: /home/pyy/irc/install/msgs/include/msgs/msgs/msg/detail/line_result__rosidl_typesupport_fastrtps_c.h
[7.733s] -- Symlinking: /home/pyy/irc/install/msgs/include/msgs/msgs/msg/rosidl_typesupport_fastrtps_c__visibility_control.h
[7.742s] -- Symlinking: /home/pyy/irc/install/msgs/include/msgs/msgs/msg/detail/line_result__rosidl_typesupport_introspection_c.h
[7.750s] -- Symlinking: /home/pyy/irc/install/msgs/include/msgs/msgs/msg/rosidl_typesupport_introspection_c__visibility_control.h
[7.759s] -- Symlinking: /home/pyy/irc/install/msgs/include/msgs/msgs/msg/detail/line_result__builder.hpp
[7.767s] -- Symlinking: /home/pyy/irc/install/msgs/include/msgs/msgs/msg/detail/line_result__struct.hpp
[7.775s] -- Symlinking: /home/pyy/irc/install/msgs/include/msgs/msgs/msg/detail/line_result__traits.hpp
[7.783s] -- Symlinking: /home/pyy/irc/install/msgs/include/msgs/msgs/msg/detail/line_result__type_support.hpp
[7.791s] -- Symlinking: /home/pyy/irc/install/msgs/include/msgs/msgs/msg/line_result.hpp
[7.799s] -- Symlinking: /home/pyy/irc/install/msgs/include/msgs/msgs/msg/rosidl_generator_cpp__visibility_control.hpp
[7.807s] -- Symlinking: /home/pyy/irc/install/msgs/include/msgs/msgs/msg/detail/line_result__rosidl_typesupport_fastrtps_cpp.hpp
[7.815s] -- Symlinking: /home/pyy/irc/install/msgs/include/msgs/msgs/msg/rosidl_typesupport_fastrtps_cpp__visibility_control.h
[7.824s] -- Symlinking: /home/pyy/irc/install/msgs/include/msgs/msgs/msg/detail/line_result__rosidl_typesupport_introspection_cpp.hpp
[7.832s] -- Symlinking: /home/pyy/irc/install/msgs/share/msgs/environment/pythonpath.sh
[7.840s] -- Symlinking: /home/pyy/irc/install/msgs/share/msgs/environment/pythonpath.dsv
[7.848s] -- Symlinking: /home/pyy/irc/install/msgs/local/lib/python3.10/dist-packages/msgs-0.0.0-py3.10.egg-info/PKG-INFO
[7.855s] -- Symlinking: /home/pyy/irc/install/msgs/local/lib/python3.10/dist-packages/msgs-0.0.0-py3.10.egg-info/SOURCES.txt
[7.864s] -- Symlinking: /home/pyy/irc/install/msgs/local/lib/python3.10/dist-packages/msgs-0.0.0-py3.10.egg-info/dependency_links.txt
[7.872s] -- Symlinking: /home/pyy/irc/install/msgs/local/lib/python3.10/dist-packages/msgs-0.0.0-py3.10.egg-info/top_level.txt
[7.880s] -- Symlinking: /home/pyy/irc/install/msgs/local/lib/python3.10/dist-packages/msgs/__init__.py
[7.889s] -- Symlinking: /home/pyy/irc/install/msgs/local/lib/python3.10/dist-packages/msgs/_msgs_s.ep.rosidl_typesupport_c.c
[7.897s] -- Symlinking: /home/pyy/irc/install/msgs/local/lib/python3.10/dist-packages/msgs/_msgs_s.ep.rosidl_typesupport_fastrtps_c.c
[7.905s] -- Symlinking: /home/pyy/irc/install/msgs/local/lib/python3.10/dist-packages/msgs/_msgs_s.ep.rosidl_typesupport_introspection_c.c
[7.913s] -- Symlinking: /home/pyy/irc/install/msgs/local/lib/python3.10/dist-packages/msgs/libmsgs__rosidl_generator_py.so
[7.921s] -- Symlinking: /home/pyy/irc/install/msgs/local/lib/python3.10/dist-packages/msgs/msg/__init__.py
[7.931s] -- Symlinking: /home/pyy/irc/install/msgs/local/lib/python3.10/dist-packages/msgs/msg/_line_result.py
[7.939s] -- Symlinking: /home/pyy/irc/install/msgs/local/lib/python3.10/dist-packages/msgs/msg/_line_result_s.c
[7.947s] -- Symlinking: /home/pyy/irc/install/msgs/local/lib/python3.10/dist-packages/msgs/msgs_s__rosidl_typesupport_c.cpython-310-x86_64-linux-gnu.so
[7.955s] -- Symlinking: /home/pyy/irc/install/msgs/local/lib/python3.10/dist-packages/msgs/msgs_s__rosidl_typesupport_fastrtps_c.cpython-310-x86_64-linux-gnu.so
[7.963s] -- Symlinking: /home/pyy/irc/install/msgs/local/lib/python3.10/dist-packages/msgs/msgs_s__rosidl_typesupport_introspection_c.cpython-310-x86_64-linux-gnu.so
[7.971s] -- Up-to-date symlink: /home/pyy/irc/install/msgs/local/lib/python3.10/dist-packages/msgs/msgs_s__rosidl_typesupport_fastrtps_c.cpython-310-x86_64-linux-gnu.so
[7.971s] -- Up-to-date symlink: /home/pyy/irc/install/msgs/local/lib/python3.10/dist-packages/msgs/msgs_s__rosidl_typesupport_introspection_c.cpython-310-x86_64-linux-gnu.so
[7.971s] -- Up-to-date symlink: /home/pyy/irc/install/msgs/local/lib/python3.10/dist-packages/msgs/msgs_s__rosidl_typesupport_c.cpython-310-x86_64-linux-gnu.so
[7.972s] -- Symlinking: /home/pyy/irc/install/msgs/share/msgs/msg/LineResult.idl
[7.980s] -- Symlinking: /home/pyy/irc/install/msgs/share/msgs/msg/LineResult.msg
[7.988s] -- Symlinking: /home/pyy/irc/install/msgs/share/ament_index/resource_index/package_run_dependencies/msgs
[7.996s] -- Symlinking: /home/pyy/irc/install/msgs/share/ament_index/resource_index/parent_prefix_path/msgs
[8.004s] -- Symlinking: /home/pyy/irc/install/msgs/share/msgs/environment/ament_prefix_path.sh
[8.012s] -- Symlinking: /home/pyy/irc/install/msgs/share/msgs/environment/ament_prefix_path.dsv
[8.020s] -- Symlinking: /home/pyy/irc/install/msgs/share/msgs/environment/path.sh
[8.027s] -- Symlinking: /home/pyy/irc/install/msgs/share/msgs/environment/path.dsv
[8.035s] -- Symlinking: /home/pyy/irc/install/msgs/share/msgs/local_setup.bash
[8.043s] -- Symlinking: /home/pyy/irc/install/msgs/share/msgs/local_setup.sh
[8.051s] -- Symlinking: /home/pyy/irc/install/msgs/share/msgs/local_setup.zsh
[8.059s] -- Symlinking: /home/pyy/irc/install/msgs/share/msgs/local_setup.dsv
[8.068s] -- Symlinking: /home/pyy/irc/install/msgs/share/msgs/package.dsv
[8.076s] -- Symlinking: /home/pyy/irc/install/msgs/share/ament_index/resource_index/packages/msgs
[8.084s] -- Symlinking: /home/pyy/irc/install/msgs/share/msgs/cmake/rosidl_cmake-extras.cmake
[8.092s] -- Symlinking: /home/pyy/irc/install/msgs/share/msgs/cmake/ament_cmake_export_dependencies-extras.cmake
[8.100s] -- Symlinking: /home/pyy/irc/install/msgs/share/msgs/cmake/ament_cmake_export_include_directories-extras.cmake
[8.108s] -- Symlinking: /home/pyy/irc/install/msgs/share/msgs/cmake/ament_cmake_export_libraries-extras.cmake
[8.116s] -- Symlinking: /home/pyy/irc/install/msgs/share/msgs/cmake/ament_cmake_export_targets-extras.cmake
[8.124s] -- Symlinking: /home/pyy/irc/install/msgs/share/msgs/cmake/rosidl_cmake_export_typesupport_targets-extras.cmake
[8.132s] -- Symlinking: /home/pyy/irc/install/msgs/share/msgs/cmake/rosidl_cmake_export_typesupport_libraries-extras.cmake
[8.140s] -- Symlinking: /home/pyy/irc/install/msgs/share/msgs/cmake/msgsConfig.cmake
[8.148s] -- Symlinking: /home/pyy/irc/install/msgs/share/msgs/cmake/msgsConfig-version.cmake
[8.156s] -- Symlinking: /home/pyy/irc/install/msgs/share/msgs/package.xml
[8.164s] -- Installing: /home/pyy/irc/install/msgs/lib/libmsgs__rosidl_generator_c.so
[8.164s] -- Set runtime path of "/home/pyy/irc/install/msgs/lib/libmsgs__rosidl_generator_c.so" to ""
[8.165s] -- Installing: /home/pyy/irc/install/msgs/lib/libmsgs__rosidl_typesupport_fastrtps_c.so
[8.165s] -- Set runtime path of "/home/pyy/irc/install/msgs/lib/libmsgs__rosidl_typesupport_fastrtps_c.so" to ""
[8.165s] -- Installing: /home/pyy/irc/install/msgs/lib/libmsgs__rosidl_typesupport_introspection_c.so
[8.165s] -- Set runtime path of "/home/pyy/irc/install/msgs/lib/libmsgs__rosidl_typesupport_introspection_c.so" to ""
[8.165s] -- Installing: /home/pyy/irc/install/msgs/lib/libmsgs__rosidl_typesupport_c.so
[8.166s] -- Set runtime path of "/home/pyy/irc/install/msgs/lib/libmsgs__rosidl_typesupport_c.so" to ""
[8.166s] -- Installing: /home/pyy/irc/install/msgs/lib/libmsgs__rosidl_typesupport_fastrtps_cpp.so
[8.166s] -- Set runtime path of "/home/pyy/irc/install/msgs/lib/libmsgs__rosidl_typesupport_fastrtps_cpp.so" to ""
[8.166s] -- Installing: /home/pyy/irc/install/msgs/lib/libmsgs__rosidl_typesupport_introspection_cpp.so
[8.167s] -- Set runtime path of "/home/pyy/irc/install/msgs/lib/libmsgs__rosidl_typesupport_introspection_cpp.so" to ""
[8.167s] -- Installing: /home/pyy/irc/install/msgs/lib/libmsgs__rosidl_typesupport_cpp.so
[8.167s] -- Set runtime path of "/home/pyy/irc/install/msgs/lib/libmsgs__rosidl_typesupport_cpp.so" to ""
[8.203s] Listing '/home/pyy/irc/install/msgs/local/lib/python3.10/dist-packages/msgs'...
[8.203s] Compiling '/home/pyy/irc/install/msgs/local/lib/python3.10/dist-packages/msgs/__init__.py'...
[8.203s] Listing '/home/pyy/irc/install/msgs/local/lib/python3.10/dist-packages/msgs/msg'...
[8.203s] Compiling '/home/pyy/irc/install/msgs/local/lib/python3.10/dist-packages/msgs/msg/__init__.py'...
[8.203s] Compiling '/home/pyy/irc/install/msgs/local/lib/python3.10/dist-packages/msgs/msg/_line_result.py'...
[8.208s] -- Installing: /home/pyy/irc/install/msgs/lib/libmsgs__rosidl_generator_py.so
[8.209s] -- Set runtime path of "/home/pyy/irc/install/msgs/lib/libmsgs__rosidl_generator_py.so" to ""
[8.209s] -- Installing: /home/pyy/irc/install/msgs/share/msgs/cmake/export_msgs__rosidl_generator_cExport.cmake
[8.209s] -- Installing: /home/pyy/irc/install/msgs/share/msgs/cmake/export_msgs__rosidl_generator_cExport-noconfig.cmake
[8.209s] -- Installing: /home/pyy/irc/install/msgs/share/msgs/cmake/export_msgs__rosidl_typesupport_fastrtps_cExport.cmake
[8.209s] -- Installing: /home/pyy/irc/install/msgs/share/msgs/cmake/export_msgs__rosidl_typesupport_fastrtps_cExport-noconfig.cmake
[8.209s] -- Installing: /home/pyy/irc/install/msgs/share/msgs/cmake/msgs__rosidl_typesupport_introspection_cExport.cmake
[8.209s] -- Installing: /home/pyy/irc/install/msgs/share/msgs/cmake/msgs__rosidl_typesupport_introspection_cExport-noconfig.cmake
[8.209s] -- Installing: /home/pyy/irc/install/msgs/share/msgs/cmake/msgs__rosidl_typesupport_cExport.cmake
[8.210s] -- Installing: /home/pyy/irc/install/msgs/share/msgs/cmake/msgs__rosidl_typesupport_cExport-noconfig.cmake
[8.210s] -- Installing: /home/pyy/irc/install/msgs/share/msgs/cmake/export_msgs__rosidl_generator_cppExport.cmake
[8.210s] -- Installing: /home/pyy/irc/install/msgs/share/msgs/cmake/export_msgs__rosidl_typesupport_fastrtps_cppExport.cmake
[8.210s] -- Installing: /home/pyy/irc/install/msgs/share/msgs/cmake/export_msgs__rosidl_typesupport_fastrtps_cppExport-noconfig.cmake
[8.210s] -- Installing: /home/pyy/irc/install/msgs/share/msgs/cmake/msgs__rosidl_typesupport_introspection_cppExport.cmake
[8.210s] -- Installing: /home/pyy/irc/install/msgs/share/msgs/cmake/msgs__rosidl_typesupport_introspection_cppExport-noconfig.cmake
[8.210s] -- Installing: /home/pyy/irc/install/msgs/share/msgs/cmake/msgs__rosidl_typesupport_cppExport.cmake
[8.210s] -- Installing: /home/pyy/irc/install/msgs/share/msgs/cmake/msgs__rosidl_typesupport_cppExport-noconfig.cmake
[8.211s] -- Installing: /home/pyy/irc/install/msgs/share/msgs/cmake/export_msgs__rosidl_generator_pyExport.cmake
[8.211s] -- Installing: /home/pyy/irc/install/msgs/share/msgs/cmake/export_msgs__rosidl_generator_pyExport-noconfig.cmake
