[0.785s] Invoking command in '/home/pyy/irc/src/decision': PYTHONPATH=/home/pyy/irc/build/decision/prefix_override:/usr/lib/python3/dist-packages/colcon_core/task/python/colcon_distutils_commands:/home/pyy/irc/install/decision/lib/python3.10/site-packages:${PYTHONPATH} /usr/bin/python3 -W ignore:setup.py install is deprecated -W ignore:easy_install command is deprecated setup.py egg_info --egg-base ../../build/decision build --build-base /home/pyy/irc/build/decision/build install --record /home/pyy/irc/build/decision/install.log --single-version-externally-managed install_data
[1.024s] running egg_info
[1.025s] writing ../../build/decision/decision.egg-info/PKG-INFO
[1.025s] writing dependency_links to ../../build/decision/decision.egg-info/dependency_links.txt
[1.025s] writing entry points to ../../build/decision/decision.egg-info/entry_points.txt
[1.026s] writing requirements to ../../build/decision/decision.egg-info/requires.txt
[1.026s] writing top-level names to ../../build/decision/decision.egg-info/top_level.txt
[1.028s] reading manifest file '../../build/decision/decision.egg-info/SOURCES.txt'
[1.030s] writing manifest file '../../build/decision/decision.egg-info/SOURCES.txt'
[1.030s] running build
[1.031s] running build_py
[1.031s] copying decision/main_decision.py -> /home/pyy/irc/build/decision/build/lib/decision
[1.031s] running install
[1.031s] running install_lib
[1.032s] copying /home/pyy/irc/build/decision/build/lib/decision/main_decision.py -> /home/pyy/irc/install/decision/lib/python3.10/site-packages/decision
[1.033s] byte-compiling /home/pyy/irc/install/decision/lib/python3.10/site-packages/decision/main_decision.py to main_decision.cpython-310.pyc
[1.035s] running install_data
[1.036s] running install_egg_info
[1.038s] removing '/home/pyy/irc/install/decision/lib/python3.10/site-packages/decision-0.0.0-py3.10.egg-info' (and everything under it)
[1.039s] Copying ../../build/decision/decision.egg-info to /home/pyy/irc/install/decision/lib/python3.10/site-packages/decision-0.0.0-py3.10.egg-info
[1.040s] running install_scripts
[1.063s] Installing main_decision script to /home/pyy/irc/install/decision/lib/decision
[1.064s] writing list of installed files to '/home/pyy/irc/build/decision/install.log'
[1.095s] Invoked command in '/home/pyy/irc/src/decision' returned '0': PYTHONPATH=/home/pyy/irc/build/decision/prefix_override:/usr/lib/python3/dist-packages/colcon_core/task/python/colcon_distutils_commands:/home/pyy/irc/install/decision/lib/python3.10/site-packages:${PYTHONPATH} /usr/bin/python3 -W ignore:setup.py install is deprecated -W ignore:easy_install command is deprecated setup.py egg_info --egg-base ../../build/decision build --build-base /home/pyy/irc/build/decision/build install --record /home/pyy/irc/build/decision/install.log --single-version-externally-managed install_data
