[0.635s] Invoking command in '/home/pyy/irc/src/robot_bringup': AMENT_PREFIX_PATH=/home/pyy/irc/install/decision:/home/pyy/irc/install/robot_bringup:/home/pyy/irc/install/msgs:/home/pyy/irc/install/dynamixel_sdk:/home/pyy/ros2_ws/install/my_python_pkg:/home/pyy/ros2_ws/install/my_pkg_msgs:/home/pyy/ros2_ws/install/my_cpp_pkg:/opt/ros/humble CMAKE_PREFIX_PATH=/home/pyy/irc/install/dynamixel_sdk:/home/pyy/irc/install/msgs:/home/pyy/ros2_ws/install/my_pkg_msgs:/home/pyy/ros2_ws/install/my_cpp_pkg LD_LIBRARY_PATH=/home/pyy/irc/install/dynamixel_sdk/lib:/home/pyy/irc/install/msgs/lib:/home/pyy/ros2_ws/install/my_pkg_msgs/lib:/opt/ros/humble/opt/rviz_ogre_vendor/lib:/opt/ros/humble/lib/x86_64-linux-gnu:/opt/ros/humble/lib PYTHONPATH=/home/pyy/irc/build/robot_bringup/prefix_override:/usr/lib/python3/dist-packages/colcon_core/task/python/colcon_distutils_commands:/home/pyy/irc/install/robot_bringup/lib/python3.10/site-packages:/home/pyy/irc/install/decision/lib/python3.10/site-packages:/home/pyy/irc/install/robot_bringup/lib/python3.10/site-packages:/home/pyy/irc/install/msgs/local/lib/python3.10/dist-packages:/home/pyy/irc/install/dynamixel_sdk/local/lib/python3.10/dist-packages:/home/pyy/ros2_ws/install/my_python_pkg/lib/python3.10/site-packages:/home/pyy/ros2_ws/install/my_pkg_msgs/local/lib/python3.10/dist-packages:/opt/ros/humble/lib/python3.10/site-packages:/opt/ros/humble/local/lib/python3.10/dist-packages /usr/bin/python3 -W ignore:setup.py install is deprecated -W ignore:easy_install command is deprecated setup.py egg_info --egg-base ../../build/robot_bringup build --build-base /home/pyy/irc/build/robot_bringup/build install --record /home/pyy/irc/build/robot_bringup/install.log --single-version-externally-managed install_data
[0.870s] running egg_info
[0.871s] writing ../../build/robot_bringup/robot_bringup.egg-info/PKG-INFO
[0.871s] writing dependency_links to ../../build/robot_bringup/robot_bringup.egg-info/dependency_links.txt
[0.871s] writing entry points to ../../build/robot_bringup/robot_bringup.egg-info/entry_points.txt
[0.871s] writing requirements to ../../build/robot_bringup/robot_bringup.egg-info/requires.txt
[0.872s] writing top-level names to ../../build/robot_bringup/robot_bringup.egg-info/top_level.txt
[0.874s] reading manifest file '../../build/robot_bringup/robot_bringup.egg-info/SOURCES.txt'
[0.875s] writing manifest file '../../build/robot_bringup/robot_bringup.egg-info/SOURCES.txt'
[0.875s] running build
[0.876s] running build_py
[0.876s] running install
[0.876s] running install_lib
[0.878s] running install_data
[0.878s] copying launch/robot_bringup.py -> /home/pyy/irc/install/robot_bringup/share/robot_bringup/launch
[0.878s] running install_egg_info
[0.880s] removing '/home/pyy/irc/install/robot_bringup/lib/python3.10/site-packages/robot_bringup-0.0.0-py3.10.egg-info' (and everything under it)
[0.881s] Copying ../../build/robot_bringup/robot_bringup.egg-info to /home/pyy/irc/install/robot_bringup/lib/python3.10/site-packages/robot_bringup-0.0.0-py3.10.egg-info
[0.882s] running install_scripts
[0.904s] Installing robot_bringup script to /home/pyy/irc/install/robot_bringup/lib/robot_bringup
[0.905s] writing list of installed files to '/home/pyy/irc/build/robot_bringup/install.log'
[0.938s] Invoked command in '/home/pyy/irc/src/robot_bringup' returned '0': AMENT_PREFIX_PATH=/home/pyy/irc/install/decision:/home/pyy/irc/install/robot_bringup:/home/pyy/irc/install/msgs:/home/pyy/irc/install/dynamixel_sdk:/home/pyy/ros2_ws/install/my_python_pkg:/home/pyy/ros2_ws/install/my_pkg_msgs:/home/pyy/ros2_ws/install/my_cpp_pkg:/opt/ros/humble CMAKE_PREFIX_PATH=/home/pyy/irc/install/dynamixel_sdk:/home/pyy/irc/install/msgs:/home/pyy/ros2_ws/install/my_pkg_msgs:/home/pyy/ros2_ws/install/my_cpp_pkg LD_LIBRARY_PATH=/home/pyy/irc/install/dynamixel_sdk/lib:/home/pyy/irc/install/msgs/lib:/home/pyy/ros2_ws/install/my_pkg_msgs/lib:/opt/ros/humble/opt/rviz_ogre_vendor/lib:/opt/ros/humble/lib/x86_64-linux-gnu:/opt/ros/humble/lib PYTHONPATH=/home/pyy/irc/build/robot_bringup/prefix_override:/usr/lib/python3/dist-packages/colcon_core/task/python/colcon_distutils_commands:/home/pyy/irc/install/robot_bringup/lib/python3.10/site-packages:/home/pyy/irc/install/decision/lib/python3.10/site-packages:/home/pyy/irc/install/robot_bringup/lib/python3.10/site-packages:/home/pyy/irc/install/msgs/local/lib/python3.10/dist-packages:/home/pyy/irc/install/dynamixel_sdk/local/lib/python3.10/dist-packages:/home/pyy/ros2_ws/install/my_python_pkg/lib/python3.10/site-packages:/home/pyy/ros2_ws/install/my_pkg_msgs/local/lib/python3.10/dist-packages:/opt/ros/humble/lib/python3.10/site-packages:/opt/ros/humble/local/lib/python3.10/dist-packages /usr/bin/python3 -W ignore:setup.py install is deprecated -W ignore:easy_install command is deprecated setup.py egg_info --egg-base ../../build/robot_bringup build --build-base /home/pyy/irc/build/robot_bringup/build install --record /home/pyy/irc/build/robot_bringup/install.log --single-version-externally-managed install_data
