[0.010s] Invoking command in '/home/pyy/irc/build/msgs': CMAKE_PREFIX_PATH=${CMAKE_PREFIX_PATH}:/home/pyy/irc/install/decision:/home/pyy/ros2_ws/install/my_python_pkg:/opt/ros/humble /usr/bin/cmake /home/pyy/irc/src/msgs -DCMAKE_INSTALL_PREFIX=/home/pyy/irc/install/msgs
[0.443s] -- The C compiler identification is GNU 11.4.0
[0.793s] -- The CXX compiler identification is GNU 11.4.0
[0.815s] -- Detecting C compiler ABI info
[0.963s] -- Detecting C compiler ABI info - done
[0.977s] -- Check for working C compiler: /usr/bin/cc - skipped
[0.977s] -- Detecting C compile features
[1.004s] -- Detecting C compile features - done
[1.009s] -- Detecting CXX compiler ABI info
[1.131s] -- Detecting CXX compiler ABI info - done
[1.141s] -- Check for working CXX compiler: /usr/bin/c++ - skipped
[1.142s] -- Detecting CXX compile features
[1.142s] -- Detecting CXX compile features - done
[1.145s] -- Found ament_cmake: 1.3.13 (/opt/ros/humble/share/ament_cmake/cmake)
[1.299s] -- Found Python3: /usr/bin/python3 (found version "3.10.12") found components: Interpreter 
[1.402s] -- Found rosidl_default_generators: 1.2.0 (/opt/ros/humble/share/rosidl_default_generators/cmake)
[1.406s] -- Using all available rosidl_typesupport_c: rosidl_typesupport_fastrtps_c;rosidl_typesupport_introspection_c
[1.429s] -- Found rosidl_adapter: 3.1.8 (/opt/ros/humble/share/rosidl_adapter/cmake)
[1.468s] -- Using all available rosidl_typesupport_cpp: rosidl_typesupport_fastrtps_cpp;rosidl_typesupport_introspection_cpp
[1.501s] -- Found std_msgs: 4.9.1 (/opt/ros/humble/share/std_msgs/cmake)
[1.836s] -- Found ament_cmake_ros: 0.10.0 (/opt/ros/humble/share/ament_cmake_ros/cmake)
[2.062s] -- Using all available rosidl_typesupport_c: rosidl_typesupport_fastrtps_c;rosidl_typesupport_introspection_c
[2.381s] -- Using all available rosidl_typesupport_cpp: rosidl_typesupport_fastrtps_cpp;rosidl_typesupport_introspection_cpp
[2.404s] -- Found PythonInterp: /usr/bin/python3 (found suitable version "3.10.12", minimum required is "3.6") 
[2.406s] -- Found python_cmake_module: 0.10.0 (/opt/ros/humble/share/python_cmake_module/cmake)
[2.466s] -- Found PythonLibs: /usr/lib/x86_64-linux-gnu/libpython3.10.so (found suitable version "3.10.12", minimum required is "3.5") 
[2.467s] -- Using PYTHON_EXECUTABLE: /usr/bin/python3
[2.467s] -- Using PYTHON_INCLUDE_DIRS: /usr/include/python3.10
[2.467s] -- Using PYTHON_LIBRARIES: /usr/lib/x86_64-linux-gnu/libpython3.10.so
[2.494s] -- Found PythonExtra: .so  
[2.552s] -- Found ament_lint_auto: 0.12.15 (/opt/ros/humble/share/ament_lint_auto/cmake)
[2.574s] -- Added test 'lint_cmake' to check CMake code style
[2.576s] -- Added test 'xmllint' to check XML markup files
[2.579s] -- Configuring done
[2.618s] -- Generating done
[2.630s] -- Build files have been written to: /home/pyy/irc/build/msgs
[2.637s] Invoked command in '/home/pyy/irc/build/msgs' returned '0': CMAKE_PREFIX_PATH=${CMAKE_PREFIX_PATH}:/home/pyy/irc/install/decision:/home/pyy/ros2_ws/install/my_python_pkg:/opt/ros/humble /usr/bin/cmake /home/pyy/irc/src/msgs -DCMAKE_INSTALL_PREFIX=/home/pyy/irc/install/msgs
[2.639s] Invoking command in '/home/pyy/irc/build/msgs': CMAKE_PREFIX_PATH=${CMAKE_PREFIX_PATH}:/home/pyy/irc/install/decision:/home/pyy/ros2_ws/install/my_python_pkg:/opt/ros/humble /usr/bin/cmake --build /home/pyy/irc/build/msgs -- -j8 -l8
[2.676s] [  1%] [34m[1mGenerating C code for ROS interfaces[0m
[2.685s] [  3%] [34m[1mGenerating C++ code for ROS interfaces[0m
[2.695s] [  3%] Built target ament_cmake_python_copy_msgs
[2.987s] running egg_info
[2.988s] creating msgs.egg-info
[2.988s] writing msgs.egg-info/PKG-INFO
[2.988s] writing dependency_links to msgs.egg-info/dependency_links.txt
[2.988s] writing top-level names to msgs.egg-info/top_level.txt
[2.989s] writing manifest file 'msgs.egg-info/SOURCES.txt'
[2.991s] reading manifest file 'msgs.egg-info/SOURCES.txt'
[2.991s] writing manifest file 'msgs.egg-info/SOURCES.txt'
[3.018s] [  3%] Built target ament_cmake_python_build_msgs_egg
[3.267s] [  3%] Built target msgs__cpp
[3.276s] [  6%] [34m[1mGenerating C++ type support for eProsima Fast-RTPS[0m
[3.276s] [  6%] [34m[1mGenerating C++ type support dispatch for ROS interfaces[0m
[3.276s] [  7%] [34m[1mGenerating C++ introspection for ROS interfaces[0m
[3.293s] [ 14%] [32mBuilding C object CMakeFiles/msgs__rosidl_generator_c.dir/rosidl_generator_c/msgs/msg/detail/motion_command__functions.c.o[0m
[3.293s] [ 14%] [32mBuilding C object CMakeFiles/msgs__rosidl_generator_c.dir/rosidl_generator_c/msgs/msg/detail/line_result__functions.c.o[0m
[3.293s] [ 14%] [32mBuilding C object CMakeFiles/msgs__rosidl_generator_c.dir/rosidl_generator_c/msgs/msg/detail/hurdle_result__functions.c.o[0m
[3.293s] [ 14%] [32mBuilding C object CMakeFiles/msgs__rosidl_generator_c.dir/rosidl_generator_c/msgs/msg/detail/ball_result__functions.c.o[0m
[3.298s] [ 15%] [32mBuilding C object CMakeFiles/msgs__rosidl_generator_c.dir/rosidl_generator_c/msgs/msg/detail/motion_end__functions.c.o[0m
[3.564s] [ 17%] [32m[1mLinking C shared library libmsgs__rosidl_generator_c.so[0m
[3.642s] [ 22%] [32mBuilding CXX object CMakeFiles/msgs__rosidl_typesupport_cpp.dir/rosidl_typesupport_cpp/msgs/msg/hurdle_result__type_support.cpp.o[0m
[3.645s] [ 22%] Built target msgs__rosidl_generator_c
[3.645s] [ 22%] [32mBuilding CXX object CMakeFiles/msgs__rosidl_typesupport_cpp.dir/rosidl_typesupport_cpp/msgs/msg/ball_result__type_support.cpp.o[0m
[3.645s] [ 22%] [32mBuilding CXX object CMakeFiles/msgs__rosidl_typesupport_cpp.dir/rosidl_typesupport_cpp/msgs/msg/motion_command__type_support.cpp.o[0m
[3.645s] [ 23%] [32mBuilding CXX object CMakeFiles/msgs__rosidl_typesupport_cpp.dir/rosidl_typesupport_cpp/msgs/msg/line_result__type_support.cpp.o[0m
[3.645s] [ 25%] [32mBuilding CXX object CMakeFiles/msgs__rosidl_typesupport_cpp.dir/rosidl_typesupport_cpp/msgs/msg/motion_end__type_support.cpp.o[0m
[3.658s] [ 26%] [34m[1mGenerating C type support for eProsima Fast-RTPS[0m
[3.746s] [ 28%] [32mBuilding CXX object CMakeFiles/msgs__rosidl_typesupport_introspection_cpp.dir/rosidl_typesupport_introspection_cpp/msgs/msg/detail/line_result__type_support.cpp.o[0m
[3.788s] [ 30%] [32mBuilding CXX object CMakeFiles/msgs__rosidl_typesupport_fastrtps_cpp.dir/rosidl_typesupport_fastrtps_cpp/msgs/msg/detail/dds_fastrtps/line_result__type_support.cpp.o[0m
[4.180s] [ 31%] [32mBuilding CXX object CMakeFiles/msgs__rosidl_typesupport_fastrtps_c.dir/rosidl_typesupport_fastrtps_c/msgs/msg/detail/line_result__type_support_c.cpp.o[0m
[4.547s] [ 33%] [32mBuilding CXX object CMakeFiles/msgs__rosidl_typesupport_fastrtps_c.dir/rosidl_typesupport_fastrtps_c/msgs/msg/detail/ball_result__type_support_c.cpp.o[0m
[4.551s] [ 34%] [32mBuilding CXX object CMakeFiles/msgs__rosidl_typesupport_introspection_cpp.dir/rosidl_typesupport_introspection_cpp/msgs/msg/detail/ball_result__type_support.cpp.o[0m
[4.552s] [ 38%] [32mBuilding CXX object CMakeFiles/msgs__rosidl_typesupport_introspection_cpp.dir/rosidl_typesupport_introspection_cpp/msgs/msg/detail/hurdle_result__type_support.cpp.o[0m
[4.553s] [ 38%] [34m[1mGenerating C introspection for ROS interfaces[0m
[4.561s] [ 39%] [32m[1mLinking CXX shared library libmsgs__rosidl_typesupport_cpp.so[0m
[4.669s] [ 39%] Built target msgs__rosidl_typesupport_cpp
[4.683s] [ 41%] [32mBuilding CXX object CMakeFiles/msgs__rosidl_typesupport_introspection_cpp.dir/rosidl_typesupport_introspection_cpp/msgs/msg/detail/motion_end__type_support.cpp.o[0m
[4.738s] [ 42%] [32mBuilding CXX object CMakeFiles/msgs__rosidl_typesupport_fastrtps_cpp.dir/rosidl_typesupport_fastrtps_cpp/msgs/msg/detail/dds_fastrtps/ball_result__type_support.cpp.o[0m
[4.817s] [ 44%] [34m[1mGenerating C type support dispatch for ROS interfaces[0m
[4.883s] [ 46%] [32mBuilding CXX object CMakeFiles/msgs__rosidl_typesupport_introspection_cpp.dir/rosidl_typesupport_introspection_cpp/msgs/msg/detail/motion_command__type_support.cpp.o[0m
[5.081s] [ 47%] [32mBuilding CXX object CMakeFiles/msgs__rosidl_typesupport_fastrtps_c.dir/rosidl_typesupport_fastrtps_c/msgs/msg/detail/hurdle_result__type_support_c.cpp.o[0m
[5.192s] [ 49%] [32mBuilding CXX object CMakeFiles/msgs__rosidl_typesupport_fastrtps_c.dir/rosidl_typesupport_fastrtps_c/msgs/msg/detail/motion_end__type_support_c.cpp.o[0m
[5.225s] [ 50%] [32mBuilding CXX object CMakeFiles/msgs__rosidl_typesupport_fastrtps_c.dir/rosidl_typesupport_fastrtps_c/msgs/msg/detail/motion_command__type_support_c.cpp.o[0m
[5.336s] [ 52%] [32mBuilding CXX object CMakeFiles/msgs__rosidl_typesupport_fastrtps_cpp.dir/rosidl_typesupport_fastrtps_cpp/msgs/msg/detail/dds_fastrtps/hurdle_result__type_support.cpp.o[0m
[5.342s] [ 53%] [32mBuilding CXX object CMakeFiles/msgs__rosidl_typesupport_fastrtps_cpp.dir/rosidl_typesupport_fastrtps_cpp/msgs/msg/detail/dds_fastrtps/motion_end__type_support.cpp.o[0m
[5.397s] [ 55%] [32mBuilding CXX object CMakeFiles/msgs__rosidl_typesupport_c.dir/rosidl_typesupport_c/msgs/msg/line_result__type_support.cpp.o[0m
[5.415s] [ 57%] [32mBuilding C object CMakeFiles/msgs__rosidl_typesupport_introspection_c.dir/rosidl_typesupport_introspection_c/msgs/msg/detail/line_result__type_support.c.o[0m
[5.449s] [ 58%] [32mBuilding CXX object CMakeFiles/msgs__rosidl_typesupport_c.dir/rosidl_typesupport_c/msgs/msg/ball_result__type_support.cpp.o[0m
[5.466s] [ 60%] [32mBuilding C object CMakeFiles/msgs__rosidl_typesupport_introspection_c.dir/rosidl_typesupport_introspection_c/msgs/msg/detail/ball_result__type_support.c.o[0m
[5.488s] [ 61%] [32m[1mLinking CXX shared library libmsgs__rosidl_typesupport_introspection_cpp.so[0m
[5.497s] [ 63%] [32mBuilding CXX object CMakeFiles/msgs__rosidl_typesupport_c.dir/rosidl_typesupport_c/msgs/msg/hurdle_result__type_support.cpp.o[0m
[5.514s] [ 65%] [32mBuilding C object CMakeFiles/msgs__rosidl_typesupport_introspection_c.dir/rosidl_typesupport_introspection_c/msgs/msg/detail/hurdle_result__type_support.c.o[0m
[5.541s] [ 66%] [32mBuilding CXX object CMakeFiles/msgs__rosidl_typesupport_c.dir/rosidl_typesupport_c/msgs/msg/motion_end__type_support.cpp.o[0m
[5.552s] [ 68%] [32mBuilding C object CMakeFiles/msgs__rosidl_typesupport_introspection_c.dir/rosidl_typesupport_introspection_c/msgs/msg/detail/motion_end__type_support.c.o[0m
[5.580s] [ 68%] Built target msgs__rosidl_typesupport_introspection_cpp
[5.592s] [ 71%] [32mBuilding CXX object CMakeFiles/msgs__rosidl_typesupport_c.dir/rosidl_typesupport_c/msgs/msg/motion_command__type_support.cpp.o[0m
[5.592s] [ 71%] [32mBuilding CXX object CMakeFiles/msgs__rosidl_typesupport_fastrtps_cpp.dir/rosidl_typesupport_fastrtps_cpp/msgs/msg/detail/dds_fastrtps/motion_command__type_support.cpp.o[0m
[5.600s] [ 73%] [32mBuilding C object CMakeFiles/msgs__rosidl_typesupport_introspection_c.dir/rosidl_typesupport_introspection_c/msgs/msg/detail/motion_command__type_support.c.o[0m
[5.645s] [ 74%] [32m[1mLinking C shared library libmsgs__rosidl_typesupport_introspection_c.so[0m
[5.647s] [ 76%] [32m[1mLinking CXX shared library libmsgs__rosidl_typesupport_c.so[0m
[5.724s] [ 76%] Built target msgs__rosidl_typesupport_introspection_c
[5.736s] [ 76%] Built target msgs__rosidl_typesupport_c
[5.761s] [ 77%] [32m[1mLinking CXX shared library libmsgs__rosidl_typesupport_fastrtps_c.so[0m
[5.881s] [ 77%] Built target msgs__rosidl_typesupport_fastrtps_c
[6.024s] [ 79%] [32m[1mLinking CXX shared library libmsgs__rosidl_typesupport_fastrtps_cpp.so[0m
[6.123s] [ 79%] Built target msgs__rosidl_typesupport_fastrtps_cpp
[6.142s] [ 79%] Built target msgs
[6.161s] [ 80%] [34m[1mGenerating Python code for ROS interfaces[0m
[6.729s] [ 80%] Built target msgs__py
[6.749s] [ 82%] [32mBuilding C object CMakeFiles/msgs__rosidl_generator_py.dir/rosidl_generator_py/msgs/msg/_line_result_s.c.o[0m
[6.750s] [ 85%] [32mBuilding C object CMakeFiles/msgs__rosidl_generator_py.dir/rosidl_generator_py/msgs/msg/_ball_result_s.c.o[0m
[6.751s] [ 85%] [32mBuilding C object CMakeFiles/msgs__rosidl_generator_py.dir/rosidl_generator_py/msgs/msg/_hurdle_result_s.c.o[0m
[6.751s] [ 88%] [32mBuilding C object CMakeFiles/msgs__rosidl_generator_py.dir/rosidl_generator_py/msgs/msg/_motion_end_s.c.o[0m
[6.751s] [ 88%] [32mBuilding C object CMakeFiles/msgs__rosidl_generator_py.dir/rosidl_generator_py/msgs/msg/_motion_command_s.c.o[0m
[7.187s] [ 90%] [32m[1mLinking C shared library rosidl_generator_py/msgs/libmsgs__rosidl_generator_py.so[0m
[7.329s] [ 90%] Built target msgs__rosidl_generator_py
[7.348s] [ 95%] [32mBuilding C object CMakeFiles/msgs__rosidl_typesupport_introspection_c__pyext.dir/rosidl_generator_py/msgs/_msgs_s.ep.rosidl_typesupport_introspection_c.c.o[0m
[7.348s] [ 95%] [32mBuilding C object CMakeFiles/msgs__rosidl_typesupport_fastrtps_c__pyext.dir/rosidl_generator_py/msgs/_msgs_s.ep.rosidl_typesupport_fastrtps_c.c.o[0m
[7.348s] [ 95%] [32mBuilding C object CMakeFiles/msgs__rosidl_typesupport_c__pyext.dir/rosidl_generator_py/msgs/_msgs_s.ep.rosidl_typesupport_c.c.o[0m
[7.460s] [ 98%] [32m[1mLinking C shared library rosidl_generator_py/msgs/msgs_s__rosidl_typesupport_c.cpython-310-x86_64-linux-gnu.so[0m
[7.461s] [ 98%] [32m[1mLinking C shared library rosidl_generator_py/msgs/msgs_s__rosidl_typesupport_fastrtps_c.cpython-310-x86_64-linux-gnu.so[0m
[7.461s] [100%] [32m[1mLinking C shared library rosidl_generator_py/msgs/msgs_s__rosidl_typesupport_introspection_c.cpython-310-x86_64-linux-gnu.so[0m
[7.498s] [100%] Built target msgs__rosidl_typesupport_fastrtps_c__pyext
[7.498s] [100%] Built target msgs__rosidl_typesupport_c__pyext
[7.498s] [100%] Built target msgs__rosidl_typesupport_introspection_c__pyext
[7.510s] Invoked command in '/home/pyy/irc/build/msgs' returned '0': CMAKE_PREFIX_PATH=${CMAKE_PREFIX_PATH}:/home/pyy/irc/install/decision:/home/pyy/ros2_ws/install/my_python_pkg:/opt/ros/humble /usr/bin/cmake --build /home/pyy/irc/build/msgs -- -j8 -l8
[7.519s] Invoking command in '/home/pyy/irc/build/msgs': CMAKE_PREFIX_PATH=${CMAKE_PREFIX_PATH}:/home/pyy/irc/install/decision:/home/pyy/ros2_ws/install/my_python_pkg:/opt/ros/humble /usr/bin/cmake --install /home/pyy/irc/build/msgs
[7.526s] -- Install configuration: ""
[7.526s] -- Installing: /home/pyy/irc/install/msgs/share/ament_index/resource_index/rosidl_interfaces/msgs
[7.526s] -- Installing: /home/pyy/irc/install/msgs/include/msgs/msgs
[7.527s] -- Installing: /home/pyy/irc/install/msgs/include/msgs/msgs/msg
[7.527s] -- Installing: /home/pyy/irc/install/msgs/include/msgs/msgs/msg/ball_result.h
[7.527s] -- Installing: /home/pyy/irc/install/msgs/include/msgs/msgs/msg/motion_end.h
[7.527s] -- Installing: /home/pyy/irc/install/msgs/include/msgs/msgs/msg/rosidl_generator_c__visibility_control.h
[7.527s] -- Installing: /home/pyy/irc/install/msgs/include/msgs/msgs/msg/line_result.h
[7.527s] -- Installing: /home/pyy/irc/install/msgs/include/msgs/msgs/msg/detail
[7.527s] -- Installing: /home/pyy/irc/install/msgs/include/msgs/msgs/msg/detail/motion_command__functions.h
[7.527s] -- Installing: /home/pyy/irc/install/msgs/include/msgs/msgs/msg/detail/motion_command__struct.h
[7.527s] -- Installing: /home/pyy/irc/install/msgs/include/msgs/msgs/msg/detail/hurdle_result__functions.h
[7.528s] -- Installing: /home/pyy/irc/install/msgs/include/msgs/msgs/msg/detail/motion_end__functions.h
[7.528s] -- Installing: /home/pyy/irc/install/msgs/include/msgs/msgs/msg/detail/hurdle_result__type_support.h
[7.528s] -- Installing: /home/pyy/irc/install/msgs/include/msgs/msgs/msg/detail/line_result__type_support.h
[7.528s] -- Installing: /home/pyy/irc/install/msgs/include/msgs/msgs/msg/detail/ball_result__type_support.h
[7.528s] -- Installing: /home/pyy/irc/install/msgs/include/msgs/msgs/msg/detail/hurdle_result__struct.h
[7.528s] -- Installing: /home/pyy/irc/install/msgs/include/msgs/msgs/msg/detail/line_result__struct.h
[7.528s] -- Installing: /home/pyy/irc/install/msgs/include/msgs/msgs/msg/detail/ball_result__functions.h
[7.528s] -- Installing: /home/pyy/irc/install/msgs/include/msgs/msgs/msg/detail/motion_command__type_support.h
[7.528s] -- Installing: /home/pyy/irc/install/msgs/include/msgs/msgs/msg/detail/motion_end__struct.h
[7.528s] -- Installing: /home/pyy/irc/install/msgs/include/msgs/msgs/msg/detail/ball_result__functions.c
[7.528s] -- Installing: /home/pyy/irc/install/msgs/include/msgs/msgs/msg/detail/line_result__functions.c
[7.528s] -- Installing: /home/pyy/irc/install/msgs/include/msgs/msgs/msg/detail/motion_end__functions.c
[7.529s] -- Installing: /home/pyy/irc/install/msgs/include/msgs/msgs/msg/detail/hurdle_result__functions.c
[7.529s] -- Installing: /home/pyy/irc/install/msgs/include/msgs/msgs/msg/detail/motion_command__functions.c
[7.529s] -- Installing: /home/pyy/irc/install/msgs/include/msgs/msgs/msg/detail/motion_end__type_support.h
[7.529s] -- Installing: /home/pyy/irc/install/msgs/include/msgs/msgs/msg/detail/ball_result__struct.h
[7.529s] -- Installing: /home/pyy/irc/install/msgs/include/msgs/msgs/msg/detail/line_result__functions.h
[7.529s] -- Installing: /home/pyy/irc/install/msgs/include/msgs/msgs/msg/motion_command.h
[7.529s] -- Installing: /home/pyy/irc/install/msgs/include/msgs/msgs/msg/hurdle_result.h
[7.529s] -- Installing: /home/pyy/irc/install/msgs/share/msgs/environment/library_path.sh
[7.529s] -- Installing: /home/pyy/irc/install/msgs/share/msgs/environment/library_path.dsv
[7.530s] -- Installing: /home/pyy/irc/install/msgs/lib/libmsgs__rosidl_generator_c.so
[7.530s] -- Set runtime path of "/home/pyy/irc/install/msgs/lib/libmsgs__rosidl_generator_c.so" to ""
[7.530s] -- Up-to-date: /home/pyy/irc/install/msgs/include/msgs/msgs
[7.531s] -- Up-to-date: /home/pyy/irc/install/msgs/include/msgs/msgs/msg
[7.531s] -- Installing: /home/pyy/irc/install/msgs/include/msgs/msgs/msg/rosidl_typesupport_fastrtps_c__visibility_control.h
[7.531s] -- Up-to-date: /home/pyy/irc/install/msgs/include/msgs/msgs/msg/detail
[7.531s] -- Installing: /home/pyy/irc/install/msgs/include/msgs/msgs/msg/detail/line_result__rosidl_typesupport_fastrtps_c.h
[7.531s] -- Installing: /home/pyy/irc/install/msgs/include/msgs/msgs/msg/detail/ball_result__rosidl_typesupport_fastrtps_c.h
[7.531s] -- Installing: /home/pyy/irc/install/msgs/include/msgs/msgs/msg/detail/motion_end__rosidl_typesupport_fastrtps_c.h
[7.531s] -- Installing: /home/pyy/irc/install/msgs/include/msgs/msgs/msg/detail/motion_command__rosidl_typesupport_fastrtps_c.h
[7.531s] -- Installing: /home/pyy/irc/install/msgs/include/msgs/msgs/msg/detail/hurdle_result__rosidl_typesupport_fastrtps_c.h
[7.531s] -- Installing: /home/pyy/irc/install/msgs/lib/libmsgs__rosidl_typesupport_fastrtps_c.so
[7.532s] -- Set runtime path of "/home/pyy/irc/install/msgs/lib/libmsgs__rosidl_typesupport_fastrtps_c.so" to ""
[7.532s] -- Up-to-date: /home/pyy/irc/install/msgs/include/msgs/msgs
[7.532s] -- Up-to-date: /home/pyy/irc/install/msgs/include/msgs/msgs/msg
[7.532s] -- Up-to-date: /home/pyy/irc/install/msgs/include/msgs/msgs/msg/detail
[7.532s] -- Installing: /home/pyy/irc/install/msgs/include/msgs/msgs/msg/detail/line_result__type_support.c
[7.532s] -- Installing: /home/pyy/irc/install/msgs/include/msgs/msgs/msg/detail/ball_result__type_support.c
[7.532s] -- Installing: /home/pyy/irc/install/msgs/include/msgs/msgs/msg/detail/motion_end__rosidl_typesupport_introspection_c.h
[7.533s] -- Installing: /home/pyy/irc/install/msgs/include/msgs/msgs/msg/detail/line_result__rosidl_typesupport_introspection_c.h
[7.533s] -- Installing: /home/pyy/irc/install/msgs/include/msgs/msgs/msg/detail/motion_end__type_support.c
[7.533s] -- Installing: /home/pyy/irc/install/msgs/include/msgs/msgs/msg/detail/hurdle_result__rosidl_typesupport_introspection_c.h
[7.533s] -- Installing: /home/pyy/irc/install/msgs/include/msgs/msgs/msg/detail/motion_command__rosidl_typesupport_introspection_c.h
[7.533s] -- Installing: /home/pyy/irc/install/msgs/include/msgs/msgs/msg/detail/ball_result__rosidl_typesupport_introspection_c.h
[7.533s] -- Installing: /home/pyy/irc/install/msgs/include/msgs/msgs/msg/detail/motion_command__type_support.c
[7.533s] -- Installing: /home/pyy/irc/install/msgs/include/msgs/msgs/msg/detail/hurdle_result__type_support.c
[7.533s] -- Installing: /home/pyy/irc/install/msgs/include/msgs/msgs/msg/rosidl_typesupport_introspection_c__visibility_control.h
[7.533s] -- Installing: /home/pyy/irc/install/msgs/lib/libmsgs__rosidl_typesupport_introspection_c.so
[7.534s] -- Set runtime path of "/home/pyy/irc/install/msgs/lib/libmsgs__rosidl_typesupport_introspection_c.so" to ""
[7.534s] -- Installing: /home/pyy/irc/install/msgs/lib/libmsgs__rosidl_typesupport_c.so
[7.534s] -- Set runtime path of "/home/pyy/irc/install/msgs/lib/libmsgs__rosidl_typesupport_c.so" to ""
[7.534s] -- Up-to-date: /home/pyy/irc/install/msgs/include/msgs/msgs
[7.535s] -- Up-to-date: /home/pyy/irc/install/msgs/include/msgs/msgs/msg
[7.535s] -- Installing: /home/pyy/irc/install/msgs/include/msgs/msgs/msg/rosidl_generator_cpp__visibility_control.hpp
[7.535s] -- Installing: /home/pyy/irc/install/msgs/include/msgs/msgs/msg/ball_result.hpp
[7.535s] -- Installing: /home/pyy/irc/install/msgs/include/msgs/msgs/msg/motion_command.hpp
[7.535s] -- Installing: /home/pyy/irc/install/msgs/include/msgs/msgs/msg/motion_end.hpp
[7.535s] -- Installing: /home/pyy/irc/install/msgs/include/msgs/msgs/msg/hurdle_result.hpp
[7.535s] -- Up-to-date: /home/pyy/irc/install/msgs/include/msgs/msgs/msg/detail
[7.535s] -- Installing: /home/pyy/irc/install/msgs/include/msgs/msgs/msg/detail/hurdle_result__traits.hpp
[7.535s] -- Installing: /home/pyy/irc/install/msgs/include/msgs/msgs/msg/detail/ball_result__struct.hpp
[7.536s] -- Installing: /home/pyy/irc/install/msgs/include/msgs/msgs/msg/detail/motion_end__struct.hpp
[7.536s] -- Installing: /home/pyy/irc/install/msgs/include/msgs/msgs/msg/detail/hurdle_result__struct.hpp
[7.536s] -- Installing: /home/pyy/irc/install/msgs/include/msgs/msgs/msg/detail/line_result__traits.hpp
[7.536s] -- Installing: /home/pyy/irc/install/msgs/include/msgs/msgs/msg/detail/line_result__type_support.hpp
[7.536s] -- Installing: /home/pyy/irc/install/msgs/include/msgs/msgs/msg/detail/motion_command__struct.hpp
[7.536s] -- Installing: /home/pyy/irc/install/msgs/include/msgs/msgs/msg/detail/ball_result__builder.hpp
[7.536s] -- Installing: /home/pyy/irc/install/msgs/include/msgs/msgs/msg/detail/hurdle_result__type_support.hpp
[7.536s] -- Installing: /home/pyy/irc/install/msgs/include/msgs/msgs/msg/detail/ball_result__traits.hpp
[7.536s] -- Installing: /home/pyy/irc/install/msgs/include/msgs/msgs/msg/detail/motion_end__type_support.hpp
[7.537s] -- Installing: /home/pyy/irc/install/msgs/include/msgs/msgs/msg/detail/motion_end__traits.hpp
[7.537s] -- Installing: /home/pyy/irc/install/msgs/include/msgs/msgs/msg/detail/motion_command__builder.hpp
[7.537s] -- Installing: /home/pyy/irc/install/msgs/include/msgs/msgs/msg/detail/ball_result__type_support.hpp
[7.537s] -- Installing: /home/pyy/irc/install/msgs/include/msgs/msgs/msg/detail/line_result__builder.hpp
[7.537s] -- Installing: /home/pyy/irc/install/msgs/include/msgs/msgs/msg/detail/motion_command__traits.hpp
[7.537s] -- Installing: /home/pyy/irc/install/msgs/include/msgs/msgs/msg/detail/hurdle_result__builder.hpp
[7.537s] -- Installing: /home/pyy/irc/install/msgs/include/msgs/msgs/msg/detail/motion_end__builder.hpp
[7.537s] -- Installing: /home/pyy/irc/install/msgs/include/msgs/msgs/msg/detail/motion_command__type_support.hpp
[7.537s] -- Installing: /home/pyy/irc/install/msgs/include/msgs/msgs/msg/detail/line_result__struct.hpp
[7.537s] -- Installing: /home/pyy/irc/install/msgs/include/msgs/msgs/msg/line_result.hpp
[7.538s] -- Up-to-date: /home/pyy/irc/install/msgs/include/msgs/msgs
[7.538s] -- Up-to-date: /home/pyy/irc/install/msgs/include/msgs/msgs/msg
[7.538s] -- Up-to-date: /home/pyy/irc/install/msgs/include/msgs/msgs/msg/detail
[7.538s] -- Installing: /home/pyy/irc/install/msgs/include/msgs/msgs/msg/detail/dds_fastrtps
[7.538s] -- Installing: /home/pyy/irc/install/msgs/include/msgs/msgs/msg/detail/line_result__rosidl_typesupport_fastrtps_cpp.hpp
[7.538s] -- Installing: /home/pyy/irc/install/msgs/include/msgs/msgs/msg/detail/motion_end__rosidl_typesupport_fastrtps_cpp.hpp
[7.538s] -- Installing: /home/pyy/irc/install/msgs/include/msgs/msgs/msg/detail/hurdle_result__rosidl_typesupport_fastrtps_cpp.hpp
[7.538s] -- Installing: /home/pyy/irc/install/msgs/include/msgs/msgs/msg/detail/motion_command__rosidl_typesupport_fastrtps_cpp.hpp
[7.538s] -- Installing: /home/pyy/irc/install/msgs/include/msgs/msgs/msg/detail/ball_result__rosidl_typesupport_fastrtps_cpp.hpp
[7.538s] -- Installing: /home/pyy/irc/install/msgs/include/msgs/msgs/msg/rosidl_typesupport_fastrtps_cpp__visibility_control.h
[7.538s] -- Installing: /home/pyy/irc/install/msgs/lib/libmsgs__rosidl_typesupport_fastrtps_cpp.so
[7.539s] -- Set runtime path of "/home/pyy/irc/install/msgs/lib/libmsgs__rosidl_typesupport_fastrtps_cpp.so" to ""
[7.539s] -- Up-to-date: /home/pyy/irc/install/msgs/include/msgs/msgs
[7.539s] -- Up-to-date: /home/pyy/irc/install/msgs/include/msgs/msgs/msg
[7.539s] -- Up-to-date: /home/pyy/irc/install/msgs/include/msgs/msgs/msg/detail
[7.539s] -- Installing: /home/pyy/irc/install/msgs/include/msgs/msgs/msg/detail/ball_result__rosidl_typesupport_introspection_cpp.hpp
[7.539s] -- Installing: /home/pyy/irc/install/msgs/include/msgs/msgs/msg/detail/motion_end__type_support.cpp
[7.539s] -- Installing: /home/pyy/irc/install/msgs/include/msgs/msgs/msg/detail/hurdle_result__rosidl_typesupport_introspection_cpp.hpp
[7.539s] -- Installing: /home/pyy/irc/install/msgs/include/msgs/msgs/msg/detail/line_result__type_support.cpp
[7.540s] -- Installing: /home/pyy/irc/install/msgs/include/msgs/msgs/msg/detail/motion_command__type_support.cpp
[7.540s] -- Installing: /home/pyy/irc/install/msgs/include/msgs/msgs/msg/detail/motion_command__rosidl_typesupport_introspection_cpp.hpp
[7.540s] -- Installing: /home/pyy/irc/install/msgs/include/msgs/msgs/msg/detail/line_result__rosidl_typesupport_introspection_cpp.hpp
[7.540s] -- Installing: /home/pyy/irc/install/msgs/include/msgs/msgs/msg/detail/hurdle_result__type_support.cpp
[7.540s] -- Installing: /home/pyy/irc/install/msgs/include/msgs/msgs/msg/detail/ball_result__type_support.cpp
[7.540s] -- Installing: /home/pyy/irc/install/msgs/include/msgs/msgs/msg/detail/motion_end__rosidl_typesupport_introspection_cpp.hpp
[7.540s] -- Installing: /home/pyy/irc/install/msgs/lib/libmsgs__rosidl_typesupport_introspection_cpp.so
[7.541s] -- Set runtime path of "/home/pyy/irc/install/msgs/lib/libmsgs__rosidl_typesupport_introspection_cpp.so" to ""
[7.541s] -- Installing: /home/pyy/irc/install/msgs/lib/libmsgs__rosidl_typesupport_cpp.so
[7.541s] -- Set runtime path of "/home/pyy/irc/install/msgs/lib/libmsgs__rosidl_typesupport_cpp.so" to ""
[7.541s] -- Installing: /home/pyy/irc/install/msgs/share/msgs/environment/pythonpath.sh
[7.541s] -- Installing: /home/pyy/irc/install/msgs/share/msgs/environment/pythonpath.dsv
[7.542s] -- Installing: /home/pyy/irc/install/msgs/local/lib/python3.10/dist-packages/msgs-0.0.0-py3.10.egg-info
[7.542s] -- Installing: /home/pyy/irc/install/msgs/local/lib/python3.10/dist-packages/msgs-0.0.0-py3.10.egg-info/SOURCES.txt
[7.542s] -- Installing: /home/pyy/irc/install/msgs/local/lib/python3.10/dist-packages/msgs-0.0.0-py3.10.egg-info/dependency_links.txt
[7.542s] -- Installing: /home/pyy/irc/install/msgs/local/lib/python3.10/dist-packages/msgs-0.0.0-py3.10.egg-info/PKG-INFO
[7.542s] -- Installing: /home/pyy/irc/install/msgs/local/lib/python3.10/dist-packages/msgs-0.0.0-py3.10.egg-info/top_level.txt
[7.542s] -- Installing: /home/pyy/irc/install/msgs/local/lib/python3.10/dist-packages/msgs
[7.542s] -- Installing: /home/pyy/irc/install/msgs/local/lib/python3.10/dist-packages/msgs/_msgs_s.ep.rosidl_typesupport_c.c
[7.543s] -- Installing: /home/pyy/irc/install/msgs/local/lib/python3.10/dist-packages/msgs/msgs_s__rosidl_typesupport_introspection_c.cpython-310-x86_64-linux-gnu.so
[7.543s] -- Installing: /home/pyy/irc/install/msgs/local/lib/python3.10/dist-packages/msgs/msg
[7.543s] -- Installing: /home/pyy/irc/install/msgs/local/lib/python3.10/dist-packages/msgs/msg/_motion_command_s.c
[7.543s] -- Installing: /home/pyy/irc/install/msgs/local/lib/python3.10/dist-packages/msgs/msg/_line_result_s.c
[7.543s] -- Installing: /home/pyy/irc/install/msgs/local/lib/python3.10/dist-packages/msgs/msg/_motion_end_s.c
[7.543s] -- Installing: /home/pyy/irc/install/msgs/local/lib/python3.10/dist-packages/msgs/msg/_hurdle_result_s.c
[7.543s] -- Installing: /home/pyy/irc/install/msgs/local/lib/python3.10/dist-packages/msgs/msg/_ball_result.py
[7.543s] -- Installing: /home/pyy/irc/install/msgs/local/lib/python3.10/dist-packages/msgs/msg/_motion_command.py
[7.543s] -- Installing: /home/pyy/irc/install/msgs/local/lib/python3.10/dist-packages/msgs/msg/_ball_result_s.c
[7.543s] -- Installing: /home/pyy/irc/install/msgs/local/lib/python3.10/dist-packages/msgs/msg/_hurdle_result.py
[7.543s] -- Installing: /home/pyy/irc/install/msgs/local/lib/python3.10/dist-packages/msgs/msg/_line_result.py
[7.544s] -- Installing: /home/pyy/irc/install/msgs/local/lib/python3.10/dist-packages/msgs/msg/_motion_end.py
[7.544s] -- Installing: /home/pyy/irc/install/msgs/local/lib/python3.10/dist-packages/msgs/msg/__init__.py
[7.544s] -- Installing: /home/pyy/irc/install/msgs/local/lib/python3.10/dist-packages/msgs/_msgs_s.ep.rosidl_typesupport_fastrtps_c.c
[7.544s] -- Installing: /home/pyy/irc/install/msgs/local/lib/python3.10/dist-packages/msgs/_msgs_s.ep.rosidl_typesupport_introspection_c.c
[7.544s] -- Installing: /home/pyy/irc/install/msgs/local/lib/python3.10/dist-packages/msgs/msgs_s__rosidl_typesupport_fastrtps_c.cpython-310-x86_64-linux-gnu.so
[7.544s] -- Installing: /home/pyy/irc/install/msgs/local/lib/python3.10/dist-packages/msgs/msgs_s__rosidl_typesupport_c.cpython-310-x86_64-linux-gnu.so
[7.544s] -- Installing: /home/pyy/irc/install/msgs/local/lib/python3.10/dist-packages/msgs/__init__.py
[7.544s] -- Installing: /home/pyy/irc/install/msgs/local/lib/python3.10/dist-packages/msgs/libmsgs__rosidl_generator_py.so
[7.582s] Listing '/home/pyy/irc/install/msgs/local/lib/python3.10/dist-packages/msgs'...
[7.582s] Compiling '/home/pyy/irc/install/msgs/local/lib/python3.10/dist-packages/msgs/__init__.py'...
[7.582s] Listing '/home/pyy/irc/install/msgs/local/lib/python3.10/dist-packages/msgs/msg'...
[7.582s] Compiling '/home/pyy/irc/install/msgs/local/lib/python3.10/dist-packages/msgs/msg/__init__.py'...
[7.582s] Compiling '/home/pyy/irc/install/msgs/local/lib/python3.10/dist-packages/msgs/msg/_ball_result.py'...
[7.582s] Compiling '/home/pyy/irc/install/msgs/local/lib/python3.10/dist-packages/msgs/msg/_hurdle_result.py'...
[7.582s] Compiling '/home/pyy/irc/install/msgs/local/lib/python3.10/dist-packages/msgs/msg/_line_result.py'...
[7.582s] Compiling '/home/pyy/irc/install/msgs/local/lib/python3.10/dist-packages/msgs/msg/_motion_command.py'...
[7.583s] Compiling '/home/pyy/irc/install/msgs/local/lib/python3.10/dist-packages/msgs/msg/_motion_end.py'...
[7.586s] -- Installing: /home/pyy/irc/install/msgs/local/lib/python3.10/dist-packages/msgs/msgs_s__rosidl_typesupport_fastrtps_c.cpython-310-x86_64-linux-gnu.so
[7.587s] -- Set runtime path of "/home/pyy/irc/install/msgs/local/lib/python3.10/dist-packages/msgs/msgs_s__rosidl_typesupport_fastrtps_c.cpython-310-x86_64-linux-gnu.so" to ""
[7.587s] -- Installing: /home/pyy/irc/install/msgs/local/lib/python3.10/dist-packages/msgs/msgs_s__rosidl_typesupport_introspection_c.cpython-310-x86_64-linux-gnu.so
[7.587s] -- Set runtime path of "/home/pyy/irc/install/msgs/local/lib/python3.10/dist-packages/msgs/msgs_s__rosidl_typesupport_introspection_c.cpython-310-x86_64-linux-gnu.so" to ""
[7.588s] -- Installing: /home/pyy/irc/install/msgs/local/lib/python3.10/dist-packages/msgs/msgs_s__rosidl_typesupport_c.cpython-310-x86_64-linux-gnu.so
[7.588s] -- Set runtime path of "/home/pyy/irc/install/msgs/local/lib/python3.10/dist-packages/msgs/msgs_s__rosidl_typesupport_c.cpython-310-x86_64-linux-gnu.so" to ""
[7.588s] -- Installing: /home/pyy/irc/install/msgs/lib/libmsgs__rosidl_generator_py.so
[7.589s] -- Set runtime path of "/home/pyy/irc/install/msgs/lib/libmsgs__rosidl_generator_py.so" to ""
[7.589s] -- Installing: /home/pyy/irc/install/msgs/share/msgs/msg/LineResult.idl
[7.589s] -- Installing: /home/pyy/irc/install/msgs/share/msgs/msg/BallResult.idl
[7.589s] -- Installing: /home/pyy/irc/install/msgs/share/msgs/msg/HurdleResult.idl
[7.589s] -- Installing: /home/pyy/irc/install/msgs/share/msgs/msg/MotionEnd.idl
[7.589s] -- Installing: /home/pyy/irc/install/msgs/share/msgs/msg/MotionCommand.idl
[7.590s] -- Installing: /home/pyy/irc/install/msgs/share/msgs/msg/LineResult.msg
[7.590s] -- Installing: /home/pyy/irc/install/msgs/share/msgs/msg/BallResult.msg
[7.590s] -- Installing: /home/pyy/irc/install/msgs/share/msgs/msg/HurdleResult.msg
[7.590s] -- Installing: /home/pyy/irc/install/msgs/share/msgs/msg/MotionEnd.msg
[7.590s] -- Installing: /home/pyy/irc/install/msgs/share/msgs/msg/MotionCommand.msg
[7.590s] -- Installing: /home/pyy/irc/install/msgs/share/ament_index/resource_index/package_run_dependencies/msgs
[7.590s] -- Installing: /home/pyy/irc/install/msgs/share/ament_index/resource_index/parent_prefix_path/msgs
[7.590s] -- Installing: /home/pyy/irc/install/msgs/share/msgs/environment/ament_prefix_path.sh
[7.591s] -- Installing: /home/pyy/irc/install/msgs/share/msgs/environment/ament_prefix_path.dsv
[7.591s] -- Installing: /home/pyy/irc/install/msgs/share/msgs/environment/path.sh
[7.591s] -- Installing: /home/pyy/irc/install/msgs/share/msgs/environment/path.dsv
[7.591s] -- Installing: /home/pyy/irc/install/msgs/share/msgs/local_setup.bash
[7.591s] -- Installing: /home/pyy/irc/install/msgs/share/msgs/local_setup.sh
[7.591s] -- Installing: /home/pyy/irc/install/msgs/share/msgs/local_setup.zsh
[7.591s] -- Installing: /home/pyy/irc/install/msgs/share/msgs/local_setup.dsv
[7.591s] -- Installing: /home/pyy/irc/install/msgs/share/msgs/package.dsv
[7.591s] -- Installing: /home/pyy/irc/install/msgs/share/ament_index/resource_index/packages/msgs
[7.592s] -- Installing: /home/pyy/irc/install/msgs/share/msgs/cmake/export_msgs__rosidl_generator_cExport.cmake
[7.592s] -- Installing: /home/pyy/irc/install/msgs/share/msgs/cmake/export_msgs__rosidl_generator_cExport-noconfig.cmake
[7.592s] -- Installing: /home/pyy/irc/install/msgs/share/msgs/cmake/export_msgs__rosidl_typesupport_fastrtps_cExport.cmake
[7.592s] -- Installing: /home/pyy/irc/install/msgs/share/msgs/cmake/export_msgs__rosidl_typesupport_fastrtps_cExport-noconfig.cmake
[7.592s] -- Installing: /home/pyy/irc/install/msgs/share/msgs/cmake/msgs__rosidl_typesupport_introspection_cExport.cmake
[7.592s] -- Installing: /home/pyy/irc/install/msgs/share/msgs/cmake/msgs__rosidl_typesupport_introspection_cExport-noconfig.cmake
[7.592s] -- Installing: /home/pyy/irc/install/msgs/share/msgs/cmake/msgs__rosidl_typesupport_cExport.cmake
[7.592s] -- Installing: /home/pyy/irc/install/msgs/share/msgs/cmake/msgs__rosidl_typesupport_cExport-noconfig.cmake
[7.593s] -- Installing: /home/pyy/irc/install/msgs/share/msgs/cmake/export_msgs__rosidl_generator_cppExport.cmake
[7.593s] -- Installing: /home/pyy/irc/install/msgs/share/msgs/cmake/export_msgs__rosidl_typesupport_fastrtps_cppExport.cmake
[7.593s] -- Installing: /home/pyy/irc/install/msgs/share/msgs/cmake/export_msgs__rosidl_typesupport_fastrtps_cppExport-noconfig.cmake
[7.593s] -- Installing: /home/pyy/irc/install/msgs/share/msgs/cmake/msgs__rosidl_typesupport_introspection_cppExport.cmake
[7.593s] -- Installing: /home/pyy/irc/install/msgs/share/msgs/cmake/msgs__rosidl_typesupport_introspection_cppExport-noconfig.cmake
[7.593s] -- Installing: /home/pyy/irc/install/msgs/share/msgs/cmake/msgs__rosidl_typesupport_cppExport.cmake
[7.593s] -- Installing: /home/pyy/irc/install/msgs/share/msgs/cmake/msgs__rosidl_typesupport_cppExport-noconfig.cmake
[7.594s] -- Installing: /home/pyy/irc/install/msgs/share/msgs/cmake/export_msgs__rosidl_generator_pyExport.cmake
[7.594s] -- Installing: /home/pyy/irc/install/msgs/share/msgs/cmake/export_msgs__rosidl_generator_pyExport-noconfig.cmake
[7.594s] -- Installing: /home/pyy/irc/install/msgs/share/msgs/cmake/rosidl_cmake-extras.cmake
[7.594s] -- Installing: /home/pyy/irc/install/msgs/share/msgs/cmake/ament_cmake_export_dependencies-extras.cmake
[7.594s] -- Installing: /home/pyy/irc/install/msgs/share/msgs/cmake/ament_cmake_export_include_directories-extras.cmake
[7.594s] -- Installing: /home/pyy/irc/install/msgs/share/msgs/cmake/ament_cmake_export_libraries-extras.cmake
[7.594s] -- Installing: /home/pyy/irc/install/msgs/share/msgs/cmake/ament_cmake_export_targets-extras.cmake
[7.595s] -- Installing: /home/pyy/irc/install/msgs/share/msgs/cmake/rosidl_cmake_export_typesupport_targets-extras.cmake
[7.595s] -- Installing: /home/pyy/irc/install/msgs/share/msgs/cmake/rosidl_cmake_export_typesupport_libraries-extras.cmake
[7.595s] -- Installing: /home/pyy/irc/install/msgs/share/msgs/cmake/msgsConfig.cmake
[7.595s] -- Installing: /home/pyy/irc/install/msgs/share/msgs/cmake/msgsConfig-version.cmake
[7.595s] -- Installing: /home/pyy/irc/install/msgs/share/msgs/package.xml
[7.598s] Invoked command in '/home/pyy/irc/build/msgs' returned '0': CMAKE_PREFIX_PATH=${CMAKE_PREFIX_PATH}:/home/pyy/irc/install/decision:/home/pyy/ros2_ws/install/my_python_pkg:/opt/ros/humble /usr/bin/cmake --install /home/pyy/irc/build/msgs
